{"/Users/cvgellhorn/dev/bermooda/.claude/worktrees/amazing-williams-74eb9e/app/core/index.js": {"path":"/Users/cvgellhorn/dev/bermooda/.claude/worktrees/amazing-williams-74eb9e/app/core/index.js","all":false,"statementMap":{"0":{"start":{"line":1,"column":0},"end":{"line":1,"column":20}},"1":{"start":{"line":2,"column":0},"end":{"line":2,"column":71}},"2":{"start":{"line":3,"column":0},"end":{"line":3,"column":65}},"4":{"start":{"line":5,"column":0},"end":{"line":5,"column":78}},"6":{"start":{"line":7,"column":0},"end":{"line":7,"column":3}},"7":{"start":{"line":8,"column":0},"end":{"line":8,"column":73}},"8":{"start":{"line":9,"column":0},"end":{"line":9,"column":73}},"9":{"start":{"line":10,"column":0},"end":{"line":10,"column":50}},"10":{"start":{"line":11,"column":0},"end":{"line":11,"column":50}},"11":{"start":{"line":12,"column":0},"end":{"line":12,"column":3}},"12":{"start":{"line":13,"column":0},"end":{"line":13,"column":27}},"13":{"start":{"line":14,"column":0},"end":{"line":14,"column":43}},"14":{"start":{"line":15,"column":0},"end":{"line":15,"column":1}},"16":{"start":{"line":17,"column":0},"end":{"line":17,"column":58}},"18":{"start":{"line":19,"column":0},"end":{"line":19,"column":78}},"20":{"start":{"line":21,"column":0},"end":{"line":21,"column":51}},"21":{"start":{"line":22,"column":0},"end":{"line":22,"column":59}},"23":{"start":{"line":24,"column":0},"end":{"line":24,"column":78}},"25":{"start":{"line":26,"column":0},"end":{"line":26,"column":77}},"26":{"start":{"line":27,"column":0},"end":{"line":27,"column":49}},"27":{"start":{"line":28,"column":0},"end":{"line":28,"column":26}},"28":{"start":{"line":29,"column":0},"end":{"line":29,"column":1}},"30":{"start":{"line":31,"column":0},"end":{"line":31,"column":78}},"32":{"start":{"line":33,"column":0},"end":{"line":33,"column":26}},"33":{"start":{"line":34,"column":0},"end":{"line":34,"column":52}},"34":{"start":{"line":35,"column":0},"end":{"line":35,"column":22}},"35":{"start":{"line":36,"column":0},"end":{"line":36,"column":24}},"36":{"start":{"line":37,"column":0},"end":{"line":37,"column":58}},"37":{"start":{"line":38,"column":0},"end":{"line":38,"column":7}},"38":{"start":{"line":39,"column":0},"end":{"line":39,"column":11}},"39":{"start":{"line":40,"column":0},"end":{"line":40,"column":2}},"41":{"start":{"line":42,"column":0},"end":{"line":42,"column":78}},"43":{"start":{"line":44,"column":0},"end":{"line":44,"column":20}},"44":{"start":{"line":45,"column":0},"end":{"line":45,"column":81}},"45":{"start":{"line":46,"column":0},"end":{"line":46,"column":71}},"46":{"start":{"line":47,"column":0},"end":{"line":47,"column":97}},"47":{"start":{"line":48,"column":0},"end":{"line":48,"column":20}},"48":{"start":{"line":49,"column":0},"end":{"line":49,"column":13}},"49":{"start":{"line":50,"column":0},"end":{"line":50,"column":19}},"50":{"start":{"line":51,"column":0},"end":{"line":51,"column":23}},"51":{"start":{"line":52,"column":0},"end":{"line":52,"column":43}},"52":{"start":{"line":53,"column":0},"end":{"line":53,"column":5}},"53":{"start":{"line":54,"column":0},"end":{"line":54,"column":91}},"54":{"start":{"line":55,"column":0},"end":{"line":55,"column":18}},"55":{"start":{"line":56,"column":0},"end":{"line":56,"column":13}},"56":{"start":{"line":57,"column":0},"end":{"line":57,"column":31}},"57":{"start":{"line":58,"column":0},"end":{"line":58,"column":21}},"58":{"start":{"line":59,"column":0},"end":{"line":59,"column":29}},"59":{"start":{"line":60,"column":0},"end":{"line":60,"column":5}},"60":{"start":{"line":61,"column":0},"end":{"line":61,"column":2}}},"s":{"0":1,"1":1,"2":1,"4":1,"6":1,"7":1,"8":1,"9":1,"10":1,"11":1,"12":1,"13":1,"14":1,"16":1,"18":1,"20":1,"21":1,"23":1,"25":1,"26":1,"27":2,"28":2,"30":1,"32":1,"33":1,"34":1,"35":3,"36":3,"37":3,"38":1,"39":1,"41":1,"43":1,"44":1,"45":1,"46":1,"47":1,"48":2,"49":2,"50":2,"51":2,"52":1,"53":1,"54":1,"55":1,"56":1,"57":1,"58":1,"59":1,"60":1},"branchMap":{"0":{"type":"branch","line":13,"loc":{"start":{"line":13,"column":7},"end":{"line":15,"column":1}},"locations":[{"start":{"line":13,"column":7},"end":{"line":15,"column":1}}]},"1":{"type":"branch","line":27,"loc":{"start":{"line":27,"column":7},"end":{"line":29,"column":1}},"locations":[{"start":{"line":27,"column":7},"end":{"line":29,"column":1}}]},"2":{"type":"branch","line":28,"loc":{"start":{"line":28,"column":18},"end":{"line":28,"column":25}},"locations":[{"start":{"line":28,"column":18},"end":{"line":28,"column":25}}]},"3":{"type":"branch","line":34,"loc":{"start":{"line":34,"column":17},"end":{"line":34,"column":51}},"locations":[{"start":{"line":34,"column":17},"end":{"line":34,"column":51}}]},"4":{"type":"branch","line":34,"loc":{"start":{"line":34,"column":31},"end":{"line":34,"column":46}},"locations":[{"start":{"line":34,"column":31},"end":{"line":34,"column":46}}]},"5":{"type":"branch","line":34,"loc":{"start":{"line":34,"column":47},"end":{"line":34,"column":51}},"locations":[{"start":{"line":34,"column":47},"end":{"line":34,"column":51}}]},"6":{"type":"branch","line":35,"loc":{"start":{"line":35,"column":13},"end":{"line":39,"column":10}},"locations":[{"start":{"line":35,"column":13},"end":{"line":39,"column":10}}]},"7":{"type":"branch","line":36,"loc":{"start":{"line":36,"column":8},"end":{"line":36,"column":23}},"locations":[{"start":{"line":36,"column":8},"end":{"line":36,"column":23}}]},"8":{"type":"branch","line":39,"loc":{"start":{"line":39,"column":6},"end":{"line":39,"column":10}},"locations":[{"start":{"line":39,"column":6},"end":{"line":39,"column":10}}]},"9":{"type":"branch","line":37,"loc":{"start":{"line":37,"column":6},"end":{"line":37,"column":57}},"locations":[{"start":{"line":37,"column":6},"end":{"line":37,"column":57}}]},"10":{"type":"branch","line":46,"loc":{"start":{"line":46,"column":11},"end":{"line":46,"column":70}},"locations":[{"start":{"line":46,"column":11},"end":{"line":46,"column":70}}]},"11":{"type":"branch","line":46,"loc":{"start":{"line":46,"column":60},"end":{"line":46,"column":67}},"locations":[{"start":{"line":46,"column":60},"end":{"line":46,"column":67}}]},"12":{"type":"branch","line":48,"loc":{"start":{"line":48,"column":11},"end":{"line":53,"column":4}},"locations":[{"start":{"line":48,"column":11},"end":{"line":53,"column":4}}]},"13":{"type":"branch","line":51,"loc":{"start":{"line":51,"column":15},"end":{"line":51,"column":22}},"locations":[{"start":{"line":51,"column":15},"end":{"line":51,"column":22}}]},"14":{"type":"branch","line":55,"loc":{"start":{"line":55,"column":9},"end":{"line":60,"column":4}},"locations":[{"start":{"line":55,"column":9},"end":{"line":60,"column":4}}]}},"b":{"0":[1],"1":[2],"2":[1],"3":[3],"4":[2],"5":[1],"6":[3],"7":[2],"8":[1],"9":[2],"10":[2],"11":[1],"12":[2],"13":[1],"14":[1]},"fnMap":{"0":{"name":"useShop","decl":{"start":{"line":13,"column":7},"end":{"line":15,"column":1}},"loc":{"start":{"line":13,"column":7},"end":{"line":15,"column":1}},"line":13},"1":{"name":"Slot","decl":{"start":{"line":27,"column":7},"end":{"line":29,"column":1}},"loc":{"start":{"line":27,"column":7},"end":{"line":29,"column":1}},"line":27},"2":{"name":"cartLineCount","decl":{"start":{"line":34,"column":17},"end":{"line":34,"column":51}},"loc":{"start":{"line":34,"column":17},"end":{"line":34,"column":51}},"line":34},"3":{"name":"cartTotal","decl":{"start":{"line":35,"column":13},"end":{"line":39,"column":10}},"loc":{"start":{"line":35,"column":13},"end":{"line":39,"column":10}},"line":35},"4":{"name":"product","decl":{"start":{"line":46,"column":11},"end":{"line":46,"column":70}},"loc":{"start":{"line":46,"column":11},"end":{"line":46,"column":70}},"line":46},"5":{"name":"variant","decl":{"start":{"line":48,"column":11},"end":{"line":53,"column":4}},"loc":{"start":{"line":48,"column":11},"end":{"line":53,"column":4}},"line":48},"6":{"name":"order","decl":{"start":{"line":55,"column":9},"end":{"line":60,"column":4}},"loc":{"start":{"line":55,"column":9},"end":{"line":60,"column":4}},"line":55}},"f":{"0":1,"1":2,"2":3,"3":3,"4":2,"5":2,"6":1}}
,"/Users/cvgellhorn/dev/bermooda/.claude/worktrees/amazing-williams-74eb9e/app/core/cart/index.server.js": {"path":"/Users/cvgellhorn/dev/bermooda/.claude/worktrees/amazing-williams-74eb9e/app/core/cart/index.server.js","all":false,"statementMap":{"0":{"start":{"line":1,"column":0},"end":{"line":1,"column":32}},"1":{"start":{"line":2,"column":0},"end":{"line":2,"column":79}},"3":{"start":{"line":4,"column":0},"end":{"line":4,"column":36}},"5":{"start":{"line":6,"column":0},"end":{"line":6,"column":43}},"6":{"start":{"line":7,"column":0},"end":{"line":7,"column":42}},"8":{"start":{"line":9,"column":0},"end":{"line":9,"column":78}},"9":{"start":{"line":10,"column":0},"end":{"line":10,"column":13}},"10":{"start":{"line":11,"column":0},"end":{"line":11,"column":78}},"12":{"start":{"line":13,"column":0},"end":{"line":13,"column":73}},"13":{"start":{"line":14,"column":0},"end":{"line":14,"column":29}},"14":{"start":{"line":15,"column":0},"end":{"line":15,"column":79}},"16":{"start":{"line":17,"column":0},"end":{"line":17,"column":41}},"17":{"start":{"line":18,"column":0},"end":{"line":18,"column":53}},"18":{"start":{"line":19,"column":0},"end":{"line":19,"column":5}},"20":{"start":{"line":21,"column":0},"end":{"line":21,"column":51}},"21":{"start":{"line":22,"column":0},"end":{"line":22,"column":14}},"22":{"start":{"line":23,"column":0},"end":{"line":23,"column":1}},"24":{"start":{"line":25,"column":0},"end":{"line":25,"column":78}},"25":{"start":{"line":26,"column":0},"end":{"line":26,"column":10}},"26":{"start":{"line":27,"column":0},"end":{"line":27,"column":78}},"28":{"start":{"line":29,"column":0},"end":{"line":29,"column":38}},"29":{"start":{"line":30,"column":0},"end":{"line":30,"column":33}},"30":{"start":{"line":31,"column":0},"end":{"line":31,"column":21}},"31":{"start":{"line":32,"column":0},"end":{"line":32,"column":14}},"32":{"start":{"line":33,"column":0},"end":{"line":33,"column":14}},"33":{"start":{"line":34,"column":0},"end":{"line":34,"column":35}},"34":{"start":{"line":35,"column":0},"end":{"line":35,"column":8}},"35":{"start":{"line":36,"column":0},"end":{"line":36,"column":6}},"36":{"start":{"line":37,"column":0},"end":{"line":37,"column":5}},"37":{"start":{"line":38,"column":0},"end":{"line":38,"column":1}},"39":{"start":{"line":40,"column":0},"end":{"line":40,"column":78}},"40":{"start":{"line":41,"column":0},"end":{"line":41,"column":10}},"41":{"start":{"line":42,"column":0},"end":{"line":42,"column":78}},"43":{"start":{"line":44,"column":0},"end":{"line":44,"column":30}},"44":{"start":{"line":45,"column":0},"end":{"line":45,"column":9}},"45":{"start":{"line":46,"column":0},"end":{"line":46,"column":12}},"46":{"start":{"line":47,"column":0},"end":{"line":47,"column":11}},"47":{"start":{"line":48,"column":0},"end":{"line":48,"column":27}},"48":{"start":{"line":49,"column":0},"end":{"line":49,"column":3}},"49":{"start":{"line":50,"column":0},"end":{"line":50,"column":71}},"51":{"start":{"line":52,"column":0},"end":{"line":52,"column":84}},"52":{"start":{"line":53,"column":0},"end":{"line":53,"column":47}},"53":{"start":{"line":54,"column":0},"end":{"line":54,"column":41}},"54":{"start":{"line":55,"column":0},"end":{"line":55,"column":3}},"56":{"start":{"line":57,"column":0},"end":{"line":57,"column":57}},"57":{"start":{"line":58,"column":0},"end":{"line":58,"column":74}},"58":{"start":{"line":59,"column":0},"end":{"line":59,"column":5}},"60":{"start":{"line":61,"column":0},"end":{"line":61,"column":18}},"61":{"start":{"line":62,"column":0},"end":{"line":62,"column":39}},"62":{"start":{"line":63,"column":0},"end":{"line":63,"column":3}},"64":{"start":{"line":65,"column":0},"end":{"line":65,"column":60}},"65":{"start":{"line":66,"column":0},"end":{"line":66,"column":32}},"66":{"start":{"line":67,"column":0},"end":{"line":67,"column":15}},"67":{"start":{"line":68,"column":0},"end":{"line":68,"column":61}},"68":{"start":{"line":69,"column":0},"end":{"line":69,"column":14}},"69":{"start":{"line":70,"column":0},"end":{"line":70,"column":43}},"70":{"start":{"line":71,"column":0},"end":{"line":71,"column":32}},"71":{"start":{"line":72,"column":0},"end":{"line":72,"column":30}},"72":{"start":{"line":73,"column":0},"end":{"line":73,"column":17}},"73":{"start":{"line":74,"column":0},"end":{"line":74,"column":25}},"74":{"start":{"line":75,"column":0},"end":{"line":75,"column":10}},"75":{"start":{"line":76,"column":0},"end":{"line":76,"column":8}},"76":{"start":{"line":77,"column":0},"end":{"line":77,"column":7}},"77":{"start":{"line":78,"column":0},"end":{"line":78,"column":55}},"78":{"start":{"line":79,"column":0},"end":{"line":79,"column":3}},"80":{"start":{"line":81,"column":0},"end":{"line":81,"column":74}},"81":{"start":{"line":82,"column":0},"end":{"line":82,"column":52}},"82":{"start":{"line":83,"column":0},"end":{"line":83,"column":33}},"83":{"start":{"line":84,"column":0},"end":{"line":84,"column":5}},"85":{"start":{"line":86,"column":0},"end":{"line":86,"column":17}},"86":{"start":{"line":87,"column":0},"end":{"line":87,"column":35}},"87":{"start":{"line":88,"column":0},"end":{"line":88,"column":33}},"88":{"start":{"line":89,"column":0},"end":{"line":89,"column":50}},"89":{"start":{"line":90,"column":0},"end":{"line":90,"column":7}},"90":{"start":{"line":91,"column":0},"end":{"line":91,"column":3}},"92":{"start":{"line":93,"column":0},"end":{"line":93,"column":33}},"93":{"start":{"line":94,"column":0},"end":{"line":94,"column":11}},"94":{"start":{"line":95,"column":0},"end":{"line":95,"column":13}},"95":{"start":{"line":96,"column":0},"end":{"line":96,"column":16}},"96":{"start":{"line":97,"column":0},"end":{"line":97,"column":15}},"97":{"start":{"line":98,"column":0},"end":{"line":98,"column":46}},"98":{"start":{"line":99,"column":0},"end":{"line":99,"column":20}},"99":{"start":{"line":100,"column":0},"end":{"line":100,"column":6}},"100":{"start":{"line":101,"column":0},"end":{"line":101,"column":5}},"101":{"start":{"line":102,"column":0},"end":{"line":102,"column":1}},"103":{"start":{"line":104,"column":0},"end":{"line":104,"column":78}},"104":{"start":{"line":105,"column":0},"end":{"line":105,"column":13}},"105":{"start":{"line":106,"column":0},"end":{"line":106,"column":78}},"107":{"start":{"line":108,"column":0},"end":{"line":108,"column":50}},"108":{"start":{"line":109,"column":0},"end":{"line":109,"column":66}},"109":{"start":{"line":110,"column":0},"end":{"line":110,"column":1}},"111":{"start":{"line":112,"column":0},"end":{"line":112,"column":78}},"112":{"start":{"line":113,"column":0},"end":{"line":113,"column":17}},"113":{"start":{"line":114,"column":0},"end":{"line":114,"column":78}},"115":{"start":{"line":116,"column":0},"end":{"line":116,"column":64}},"116":{"start":{"line":117,"column":0},"end":{"line":117,"column":22}},"117":{"start":{"line":118,"column":0},"end":{"line":118,"column":38}},"118":{"start":{"line":119,"column":0},"end":{"line":119,"column":3}},"120":{"start":{"line":121,"column":0},"end":{"line":121,"column":33}},"121":{"start":{"line":122,"column":0},"end":{"line":122,"column":34}},"122":{"start":{"line":123,"column":0},"end":{"line":123,"column":23}},"123":{"start":{"line":124,"column":0},"end":{"line":124,"column":5}},"124":{"start":{"line":125,"column":0},"end":{"line":125,"column":1}},"126":{"start":{"line":127,"column":0},"end":{"line":127,"column":78}},"127":{"start":{"line":128,"column":0},"end":{"line":128,"column":17}},"128":{"start":{"line":129,"column":0},"end":{"line":129,"column":78}},"130":{"start":{"line":131,"column":0},"end":{"line":131,"column":62}},"131":{"start":{"line":132,"column":0},"end":{"line":132,"column":50}},"132":{"start":{"line":133,"column":0},"end":{"line":133,"column":33}},"133":{"start":{"line":134,"column":0},"end":{"line":134,"column":29}},"134":{"start":{"line":135,"column":0},"end":{"line":135,"column":5}},"136":{"start":{"line":137,"column":0},"end":{"line":137,"column":30}},"138":{"start":{"line":139,"column":0},"end":{"line":139,"column":68}},"139":{"start":{"line":140,"column":0},"end":{"line":140,"column":60}},"140":{"start":{"line":141,"column":0},"end":{"line":141,"column":3}},"142":{"start":{"line":143,"column":0},"end":{"line":143,"column":52}},"143":{"start":{"line":144,"column":0},"end":{"line":144,"column":42}},"144":{"start":{"line":145,"column":0},"end":{"line":145,"column":29}},"145":{"start":{"line":146,"column":0},"end":{"line":146,"column":5}},"147":{"start":{"line":148,"column":0},"end":{"line":148,"column":22}},"148":{"start":{"line":149,"column":0},"end":{"line":149,"column":69}},"149":{"start":{"line":150,"column":0},"end":{"line":150,"column":34}},"150":{"start":{"line":151,"column":0},"end":{"line":151,"column":31}},"151":{"start":{"line":152,"column":0},"end":{"line":152,"column":34}},"152":{"start":{"line":153,"column":0},"end":{"line":153,"column":44}},"153":{"start":{"line":154,"column":0},"end":{"line":154,"column":7}},"154":{"start":{"line":155,"column":0},"end":{"line":155,"column":3}},"156":{"start":{"line":157,"column":0},"end":{"line":157,"column":85}},"157":{"start":{"line":158,"column":0},"end":{"line":158,"column":53}},"158":{"start":{"line":159,"column":0},"end":{"line":159,"column":71}},"159":{"start":{"line":160,"column":0},"end":{"line":160,"column":62}},"160":{"start":{"line":161,"column":0},"end":{"line":161,"column":24}},"161":{"start":{"line":162,"column":0},"end":{"line":162,"column":3}},"163":{"start":{"line":164,"column":0},"end":{"line":164,"column":44}},"164":{"start":{"line":165,"column":0},"end":{"line":165,"column":42}},"165":{"start":{"line":166,"column":0},"end":{"line":166,"column":48}},"166":{"start":{"line":167,"column":0},"end":{"line":167,"column":6}},"167":{"start":{"line":168,"column":0},"end":{"line":168,"column":16}},"168":{"start":{"line":169,"column":0},"end":{"line":169,"column":36}},"169":{"start":{"line":170,"column":0},"end":{"line":170,"column":32}},"170":{"start":{"line":171,"column":0},"end":{"line":171,"column":64}},"171":{"start":{"line":172,"column":0},"end":{"line":172,"column":9}},"172":{"start":{"line":173,"column":0},"end":{"line":173,"column":12}},"173":{"start":{"line":174,"column":0},"end":{"line":174,"column":36}},"174":{"start":{"line":175,"column":0},"end":{"line":175,"column":15}},"175":{"start":{"line":176,"column":0},"end":{"line":176,"column":34}},"176":{"start":{"line":177,"column":0},"end":{"line":177,"column":41}},"177":{"start":{"line":178,"column":0},"end":{"line":178,"column":39}},"178":{"start":{"line":179,"column":0},"end":{"line":179,"column":59}},"179":{"start":{"line":180,"column":0},"end":{"line":180,"column":49}},"180":{"start":{"line":181,"column":0},"end":{"line":181,"column":10}},"181":{"start":{"line":182,"column":0},"end":{"line":182,"column":9}},"182":{"start":{"line":183,"column":0},"end":{"line":183,"column":5}},"183":{"start":{"line":184,"column":0},"end":{"line":184,"column":3}},"185":{"start":{"line":186,"column":0},"end":{"line":186,"column":60}},"187":{"start":{"line":188,"column":0},"end":{"line":188,"column":45}},"188":{"start":{"line":189,"column":0},"end":{"line":189,"column":32}},"189":{"start":{"line":190,"column":0},"end":{"line":190,"column":29}},"190":{"start":{"line":191,"column":0},"end":{"line":191,"column":35}},"191":{"start":{"line":192,"column":0},"end":{"line":192,"column":30}},"192":{"start":{"line":193,"column":0},"end":{"line":193,"column":5}},"193":{"start":{"line":194,"column":0},"end":{"line":194,"column":1}},"195":{"start":{"line":196,"column":0},"end":{"line":196,"column":78}},"196":{"start":{"line":197,"column":0},"end":{"line":197,"column":14}},"197":{"start":{"line":198,"column":0},"end":{"line":198,"column":78}},"199":{"start":{"line":200,"column":0},"end":{"line":200,"column":37}},"200":{"start":{"line":201,"column":0},"end":{"line":201,"column":71}},"201":{"start":{"line":202,"column":0},"end":{"line":202,"column":47}},"202":{"start":{"line":203,"column":0},"end":{"line":203,"column":12}},"203":{"start":{"line":204,"column":0},"end":{"line":204,"column":36}},"204":{"start":{"line":205,"column":0},"end":{"line":205,"column":30}},"205":{"start":{"line":206,"column":0},"end":{"line":206,"column":6}},"206":{"start":{"line":207,"column":0},"end":{"line":207,"column":5}},"207":{"start":{"line":208,"column":0},"end":{"line":208,"column":64}},"208":{"start":{"line":209,"column":0},"end":{"line":209,"column":16}},"209":{"start":{"line":210,"column":0},"end":{"line":210,"column":1}},"211":{"start":{"line":212,"column":0},"end":{"line":212,"column":78}},"212":{"start":{"line":213,"column":0},"end":{"line":213,"column":24}},"213":{"start":{"line":214,"column":0},"end":{"line":214,"column":78}},"215":{"start":{"line":216,"column":0},"end":{"line":216,"column":40}},"216":{"start":{"line":217,"column":0},"end":{"line":217,"column":29}},"217":{"start":{"line":218,"column":0},"end":{"line":218,"column":26}},"218":{"start":{"line":219,"column":0},"end":{"line":219,"column":35}},"219":{"start":{"line":220,"column":0},"end":{"line":220,"column":5}},"220":{"start":{"line":221,"column":0},"end":{"line":221,"column":1}},"222":{"start":{"line":223,"column":0},"end":{"line":223,"column":42}},"223":{"start":{"line":224,"column":0},"end":{"line":224,"column":29}},"224":{"start":{"line":225,"column":0},"end":{"line":225,"column":26}},"225":{"start":{"line":226,"column":0},"end":{"line":226,"column":29}},"226":{"start":{"line":227,"column":0},"end":{"line":227,"column":5}},"227":{"start":{"line":228,"column":0},"end":{"line":228,"column":1}}},"s":{"0":1,"1":1,"3":1,"5":1,"6":1,"8":1,"9":1,"10":1,"12":1,"13":3,"14":3,"16":3,"17":3,"18":3,"20":3,"21":3,"22":3,"24":1,"25":1,"26":1,"28":1,"29":0,"30":0,"31":0,"32":0,"33":0,"34":0,"35":0,"36":0,"37":0,"39":1,"40":1,"41":1,"43":1,"44":5,"45":5,"46":5,"47":5,"48":5,"49":5,"51":5,"52":5,"53":1,"54":1,"56":4,"57":4,"58":4,"60":5,"61":1,"62":1,"64":3,"65":3,"66":3,"67":3,"68":3,"69":3,"70":3,"71":3,"72":3,"73":3,"74":3,"75":3,"76":3,"77":3,"78":3,"80":3,"81":3,"82":3,"83":3,"85":5,"86":1,"87":1,"88":1,"89":1,"90":1,"92":2,"93":2,"94":2,"95":2,"96":2,"97":2,"98":2,"99":2,"100":2,"101":2,"103":1,"104":1,"105":1,"107":1,"108":3,"109":3,"111":1,"112":1,"113":1,"115":1,"116":3,"117":2,"118":2,"120":1,"121":1,"122":1,"123":1,"124":1,"126":1,"127":1,"128":1,"130":1,"131":4,"132":4,"133":4,"134":4,"136":4,"138":4,"139":1,"140":1,"142":3,"143":3,"144":3,"145":3,"147":4,"148":1,"149":1,"150":1,"151":1,"152":1,"153":1,"154":1,"156":2,"157":4,"158":1,"159":1,"160":1,"161":1,"163":4,"164":2,"165":2,"166":2,"167":2,"168":1,"169":1,"170":1,"171":1,"172":1,"173":1,"174":1,"175":1,"176":1,"177":1,"178":1,"179":1,"180":1,"181":1,"182":1,"183":2,"185":1,"187":1,"188":1,"189":1,"190":1,"191":1,"192":1,"193":1,"195":1,"196":1,"197":1,"199":1,"200":1,"201":1,"202":1,"203":1,"204":1,"205":1,"206":1,"207":1,"208":1,"209":1,"211":1,"212":1,"213":1,"215":1,"216":1,"217":1,"218":1,"219":1,"220":1,"222":1,"223":1,"224":1,"225":1,"226":1,"227":1},"branchMap":{"0":{"type":"branch","line":13,"loc":{"start":{"line":13,"column":7},"end":{"line":23,"column":1}},"locations":[{"start":{"line":13,"column":7},"end":{"line":23,"column":1}}]},"1":{"type":"branch","line":44,"loc":{"start":{"line":44,"column":7},"end":{"line":102,"column":1}},"locations":[{"start":{"line":44,"column":7},"end":{"line":102,"column":1}}]},"2":{"type":"branch","line":53,"loc":{"start":{"line":53,"column":15},"end":{"line":53,"column":44}},"locations":[{"start":{"line":53,"column":15},"end":{"line":53,"column":44}}]},"3":{"type":"branch","line":53,"loc":{"start":{"line":53,"column":46},"end":{"line":55,"column":3}},"locations":[{"start":{"line":53,"column":46},"end":{"line":55,"column":3}}]},"4":{"type":"branch","line":55,"loc":{"start":{"line":55,"column":2},"end":{"line":61,"column":17}},"locations":[{"start":{"line":55,"column":2},"end":{"line":61,"column":17}}]},"5":{"type":"branch","line":61,"loc":{"start":{"line":61,"column":17},"end":{"line":63,"column":3}},"locations":[{"start":{"line":61,"column":17},"end":{"line":63,"column":3}}]},"6":{"type":"branch","line":63,"loc":{"start":{"line":63,"column":2},"end":{"line":86,"column":16}},"locations":[{"start":{"line":63,"column":2},"end":{"line":86,"column":16}}]},"7":{"type":"branch","line":78,"loc":{"start":{"line":78,"column":21},"end":{"line":78,"column":55}},"locations":[{"start":{"line":78,"column":21},"end":{"line":78,"column":55}}]},"8":{"type":"branch","line":86,"loc":{"start":{"line":86,"column":16},"end":{"line":91,"column":3}},"locations":[{"start":{"line":86,"column":16},"end":{"line":91,"column":3}}]},"9":{"type":"branch","line":91,"loc":{"start":{"line":91,"column":2},"end":{"line":102,"column":1}},"locations":[{"start":{"line":91,"column":2},"end":{"line":102,"column":1}}]},"10":{"type":"branch","line":108,"loc":{"start":{"line":108,"column":7},"end":{"line":110,"column":1}},"locations":[{"start":{"line":108,"column":7},"end":{"line":110,"column":1}}]},"11":{"type":"branch","line":116,"loc":{"start":{"line":116,"column":7},"end":{"line":125,"column":1}},"locations":[{"start":{"line":116,"column":7},"end":{"line":125,"column":1}}]},"12":{"type":"branch","line":117,"loc":{"start":{"line":117,"column":21},"end":{"line":119,"column":3}},"locations":[{"start":{"line":117,"column":21},"end":{"line":119,"column":3}}]},"13":{"type":"branch","line":119,"loc":{"start":{"line":119,"column":2},"end":{"line":125,"column":1}},"locations":[{"start":{"line":119,"column":2},"end":{"line":125,"column":1}}]},"14":{"type":"branch","line":131,"loc":{"start":{"line":131,"column":7},"end":{"line":194,"column":1}},"locations":[{"start":{"line":131,"column":7},"end":{"line":194,"column":1}}]},"15":{"type":"branch","line":137,"loc":{"start":{"line":137,"column":18},"end":{"line":137,"column":30}},"locations":[{"start":{"line":137,"column":18},"end":{"line":137,"column":30}}]},"16":{"type":"branch","line":139,"loc":{"start":{"line":139,"column":27},"end":{"line":139,"column":65}},"locations":[{"start":{"line":139,"column":27},"end":{"line":139,"column":65}}]},"17":{"type":"branch","line":139,"loc":{"start":{"line":139,"column":67},"end":{"line":141,"column":3}},"locations":[{"start":{"line":139,"column":67},"end":{"line":141,"column":3}}]},"18":{"type":"branch","line":141,"loc":{"start":{"line":141,"column":2},"end":{"line":148,"column":21}},"locations":[{"start":{"line":141,"column":2},"end":{"line":148,"column":21}}]},"19":{"type":"branch","line":148,"loc":{"start":{"line":148,"column":21},"end":{"line":155,"column":3}},"locations":[{"start":{"line":148,"column":21},"end":{"line":155,"column":3}}]},"20":{"type":"branch","line":155,"loc":{"start":{"line":155,"column":2},"end":{"line":158,"column":52}},"locations":[{"start":{"line":155,"column":2},"end":{"line":158,"column":52}}]},"21":{"type":"branch","line":158,"loc":{"start":{"line":158,"column":52},"end":{"line":164,"column":43}},"locations":[{"start":{"line":158,"column":52},"end":{"line":164,"column":43}}]},"22":{"type":"branch","line":164,"loc":{"start":{"line":164,"column":43},"end":{"line":184,"column":3}},"locations":[{"start":{"line":164,"column":43},"end":{"line":184,"column":3}}]},"23":{"type":"branch","line":168,"loc":{"start":{"line":168,"column":15},"end":{"line":183,"column":5}},"locations":[{"start":{"line":168,"column":15},"end":{"line":183,"column":5}}]},"24":{"type":"branch","line":184,"loc":{"start":{"line":184,"column":2},"end":{"line":194,"column":1}},"locations":[{"start":{"line":184,"column":2},"end":{"line":194,"column":1}}]},"25":{"type":"branch","line":166,"loc":{"start":{"line":166,"column":6},"end":{"line":166,"column":48}},"locations":[{"start":{"line":166,"column":6},"end":{"line":166,"column":48}}]},"26":{"type":"branch","line":200,"loc":{"start":{"line":200,"column":7},"end":{"line":210,"column":1}},"locations":[{"start":{"line":200,"column":7},"end":{"line":210,"column":1}}]},"27":{"type":"branch","line":216,"loc":{"start":{"line":216,"column":7},"end":{"line":221,"column":1}},"locations":[{"start":{"line":216,"column":7},"end":{"line":221,"column":1}}]},"28":{"type":"branch","line":223,"loc":{"start":{"line":223,"column":7},"end":{"line":228,"column":1}},"locations":[{"start":{"line":223,"column":7},"end":{"line":228,"column":1}}]}},"b":{"0":[3],"1":[5],"2":[2],"3":[1],"4":[4],"5":[1],"6":[3],"7":[1],"8":[1],"9":[2],"10":[3],"11":[3],"12":[2],"13":[1],"14":[4],"15":[0],"16":[1],"17":[1],"18":[3],"19":[1],"20":[2],"21":[1],"22":[2],"23":[1],"24":[1],"25":[2],"26":[1],"27":[1],"28":[1]},"fnMap":{"0":{"name":"createCart","decl":{"start":{"line":13,"column":7},"end":{"line":23,"column":1}},"loc":{"start":{"line":13,"column":7},"end":{"line":23,"column":1}},"line":13},"1":{"name":"getCart","decl":{"start":{"line":29,"column":7},"end":{"line":38,"column":1}},"loc":{"start":{"line":29,"column":7},"end":{"line":38,"column":1}},"line":29},"2":{"name":"addLine","decl":{"start":{"line":44,"column":7},"end":{"line":102,"column":1}},"loc":{"start":{"line":44,"column":7},"end":{"line":102,"column":1}},"line":44},"3":{"name":"removeLine","decl":{"start":{"line":108,"column":7},"end":{"line":110,"column":1}},"loc":{"start":{"line":108,"column":7},"end":{"line":110,"column":1}},"line":108},"4":{"name":"updateQuantity","decl":{"start":{"line":116,"column":7},"end":{"line":125,"column":1}},"loc":{"start":{"line":116,"column":7},"end":{"line":125,"column":1}},"line":116},"5":{"name":"mergeGuestCart","decl":{"start":{"line":131,"column":7},"end":{"line":194,"column":1}},"loc":{"start":{"line":131,"column":7},"end":{"line":194,"column":1}},"line":131},"6":{"name":"expireCarts","decl":{"start":{"line":200,"column":7},"end":{"line":210,"column":1}},"loc":{"start":{"line":200,"column":7},"end":{"line":210,"column":1}},"line":200},"7":{"name":"lockCart","decl":{"start":{"line":216,"column":7},"end":{"line":221,"column":1}},"loc":{"start":{"line":216,"column":7},"end":{"line":221,"column":1}},"line":216},"8":{"name":"unlockCart","decl":{"start":{"line":223,"column":7},"end":{"line":228,"column":1}},"loc":{"start":{"line":223,"column":7},"end":{"line":228,"column":1}},"line":223}},"f":{"0":3,"1":0,"2":5,"3":3,"4":3,"5":4,"6":1,"7":1,"8":1}}
,"/Users/cvgellhorn/dev/bermooda/.claude/worktrees/amazing-williams-74eb9e/app/core/catalog/index.server.js": {"path":"/Users/cvgellhorn/dev/bermooda/.claude/worktrees/amazing-williams-74eb9e/app/core/catalog/index.server.js","all":false,"statementMap":{"0":{"start":{"line":1,"column":0},"end":{"line":1,"column":35}},"1":{"start":{"line":2,"column":0},"end":{"line":2,"column":88}},"3":{"start":{"line":4,"column":0},"end":{"line":4,"column":43}},"4":{"start":{"line":5,"column":0},"end":{"line":5,"column":42}},"6":{"start":{"line":7,"column":0},"end":{"line":7,"column":78}},"7":{"start":{"line":8,"column":0},"end":{"line":8,"column":19}},"8":{"start":{"line":9,"column":0},"end":{"line":9,"column":78}},"10":{"start":{"line":11,"column":0},"end":{"line":11,"column":66}},"11":{"start":{"line":12,"column":0},"end":{"line":12,"column":33}},"12":{"start":{"line":13,"column":0},"end":{"line":13,"column":65}},"13":{"start":{"line":14,"column":0},"end":{"line":14,"column":1}},"15":{"start":{"line":16,"column":0},"end":{"line":16,"column":71}},"16":{"start":{"line":17,"column":0},"end":{"line":17,"column":49}},"17":{"start":{"line":18,"column":0},"end":{"line":18,"column":40}},"18":{"start":{"line":19,"column":0},"end":{"line":19,"column":1}},"20":{"start":{"line":21,"column":0},"end":{"line":21,"column":78}},"21":{"start":{"line":22,"column":0},"end":{"line":22,"column":15}},"22":{"start":{"line":23,"column":0},"end":{"line":23,"column":78}},"24":{"start":{"line":25,"column":0},"end":{"line":25,"column":37}},"25":{"start":{"line":26,"column":0},"end":{"line":26,"column":13}},"26":{"start":{"line":27,"column":0},"end":{"line":27,"column":11}},"27":{"start":{"line":28,"column":0},"end":{"line":28,"column":9}},"28":{"start":{"line":29,"column":0},"end":{"line":29,"column":8}},"29":{"start":{"line":30,"column":0},"end":{"line":30,"column":7}},"30":{"start":{"line":31,"column":0},"end":{"line":31,"column":3}},"31":{"start":{"line":32,"column":0},"end":{"line":32,"column":35}},"32":{"start":{"line":33,"column":0},"end":{"line":33,"column":12}},"33":{"start":{"line":34,"column":0},"end":{"line":34,"column":80}},"34":{"start":{"line":35,"column":0},"end":{"line":35,"column":6}},"35":{"start":{"line":36,"column":0},"end":{"line":36,"column":59}},"36":{"start":{"line":37,"column":0},"end":{"line":37,"column":22}},"37":{"start":{"line":38,"column":0},"end":{"line":38,"column":5}},"38":{"start":{"line":39,"column":0},"end":{"line":39,"column":1}},"40":{"start":{"line":41,"column":0},"end":{"line":41,"column":69}},"41":{"start":{"line":42,"column":0},"end":{"line":42,"column":50}},"42":{"start":{"line":43,"column":0},"end":{"line":43,"column":44}},"43":{"start":{"line":44,"column":0},"end":{"line":44,"column":5}},"44":{"start":{"line":45,"column":0},"end":{"line":45,"column":32}},"45":{"start":{"line":46,"column":0},"end":{"line":46,"column":1}},"47":{"start":{"line":48,"column":0},"end":{"line":48,"column":78}},"48":{"start":{"line":49,"column":0},"end":{"line":49,"column":8}},"49":{"start":{"line":50,"column":0},"end":{"line":50,"column":78}},"51":{"start":{"line":52,"column":0},"end":{"line":52,"column":67}},"52":{"start":{"line":53,"column":0},"end":{"line":53,"column":73}},"53":{"start":{"line":54,"column":0},"end":{"line":54,"column":69}},"54":{"start":{"line":55,"column":0},"end":{"line":55,"column":6}},"55":{"start":{"line":56,"column":0},"end":{"line":56,"column":15}},"56":{"start":{"line":57,"column":0},"end":{"line":57,"column":74}},"57":{"start":{"line":58,"column":0},"end":{"line":58,"column":5}},"58":{"start":{"line":59,"column":0},"end":{"line":59,"column":42}},"59":{"start":{"line":60,"column":0},"end":{"line":60,"column":3}},"61":{"start":{"line":62,"column":0},"end":{"line":62,"column":78}},"62":{"start":{"line":63,"column":0},"end":{"line":63,"column":88}},"63":{"start":{"line":64,"column":0},"end":{"line":64,"column":28}},"64":{"start":{"line":65,"column":0},"end":{"line":65,"column":76}},"65":{"start":{"line":66,"column":0},"end":{"line":66,"column":68}},"66":{"start":{"line":67,"column":0},"end":{"line":67,"column":38}},"67":{"start":{"line":68,"column":0},"end":{"line":68,"column":5}},"68":{"start":{"line":69,"column":0},"end":{"line":69,"column":1}},"70":{"start":{"line":71,"column":0},"end":{"line":71,"column":41}},"71":{"start":{"line":72,"column":0},"end":{"line":72,"column":64}},"72":{"start":{"line":73,"column":0},"end":{"line":73,"column":24}},"73":{"start":{"line":74,"column":0},"end":{"line":74,"column":10}},"74":{"start":{"line":75,"column":0},"end":{"line":75,"column":31}},"75":{"start":{"line":76,"column":0},"end":{"line":76,"column":27}},"76":{"start":{"line":77,"column":0},"end":{"line":77,"column":23}},"77":{"start":{"line":78,"column":0},"end":{"line":78,"column":4}},"78":{"start":{"line":79,"column":0},"end":{"line":79,"column":1}},"80":{"start":{"line":81,"column":0},"end":{"line":81,"column":78}},"81":{"start":{"line":82,"column":0},"end":{"line":82,"column":11}},"82":{"start":{"line":83,"column":0},"end":{"line":83,"column":78}},"84":{"start":{"line":85,"column":0},"end":{"line":85,"column":36}},"85":{"start":{"line":86,"column":0},"end":{"line":86,"column":9}},"86":{"start":{"line":87,"column":0},"end":{"line":87,"column":11}},"87":{"start":{"line":88,"column":0},"end":{"line":88,"column":11}},"88":{"start":{"line":89,"column":0},"end":{"line":89,"column":13}},"89":{"start":{"line":90,"column":0},"end":{"line":90,"column":12}},"90":{"start":{"line":91,"column":0},"end":{"line":91,"column":9}},"91":{"start":{"line":92,"column":0},"end":{"line":92,"column":19}},"92":{"start":{"line":93,"column":0},"end":{"line":93,"column":60}},"93":{"start":{"line":94,"column":0},"end":{"line":94,"column":52}},"95":{"start":{"line":96,"column":0},"end":{"line":96,"column":34}},"97":{"start":{"line":98,"column":0},"end":{"line":98,"column":50}},"98":{"start":{"line":99,"column":0},"end":{"line":99,"column":10}},"99":{"start":{"line":100,"column":0},"end":{"line":100,"column":9}},"100":{"start":{"line":101,"column":0},"end":{"line":101,"column":16}},"101":{"start":{"line":102,"column":0},"end":{"line":102,"column":58}},"102":{"start":{"line":103,"column":0},"end":{"line":103,"column":14}},"103":{"start":{"line":104,"column":0},"end":{"line":104,"column":17}},"104":{"start":{"line":105,"column":0},"end":{"line":105,"column":37}},"105":{"start":{"line":106,"column":0},"end":{"line":106,"column":16}},"106":{"start":{"line":107,"column":0},"end":{"line":107,"column":18}},"107":{"start":{"line":108,"column":0},"end":{"line":108,"column":60}},"108":{"start":{"line":109,"column":0},"end":{"line":109,"column":10}},"109":{"start":{"line":110,"column":0},"end":{"line":110,"column":8}},"110":{"start":{"line":111,"column":0},"end":{"line":111,"column":14}},"111":{"start":{"line":112,"column":0},"end":{"line":112,"column":37}},"112":{"start":{"line":113,"column":0},"end":{"line":113,"column":16}},"113":{"start":{"line":114,"column":0},"end":{"line":114,"column":33}},"114":{"start":{"line":115,"column":0},"end":{"line":115,"column":8}},"115":{"start":{"line":116,"column":0},"end":{"line":116,"column":6}},"116":{"start":{"line":117,"column":0},"end":{"line":117,"column":5}},"118":{"start":{"line":119,"column":0},"end":{"line":119,"column":31}},"120":{"start":{"line":121,"column":0},"end":{"line":121,"column":47}},"121":{"start":{"line":122,"column":0},"end":{"line":122,"column":21}},"122":{"start":{"line":123,"column":0},"end":{"line":123,"column":37}},"123":{"start":{"line":124,"column":0},"end":{"line":124,"column":57}},"124":{"start":{"line":125,"column":0},"end":{"line":125,"column":55}},"125":{"start":{"line":126,"column":0},"end":{"line":126,"column":31}},"126":{"start":{"line":127,"column":0},"end":{"line":127,"column":18}},"127":{"start":{"line":128,"column":0},"end":{"line":128,"column":34}},"128":{"start":{"line":129,"column":0},"end":{"line":129,"column":33}},"129":{"start":{"line":130,"column":0},"end":{"line":130,"column":19}},"130":{"start":{"line":131,"column":0},"end":{"line":131,"column":28}},"131":{"start":{"line":132,"column":0},"end":{"line":132,"column":12}},"132":{"start":{"line":133,"column":0},"end":{"line":133,"column":11}},"133":{"start":{"line":134,"column":0},"end":{"line":134,"column":9}},"134":{"start":{"line":135,"column":0},"end":{"line":135,"column":30}},"135":{"start":{"line":136,"column":0},"end":{"line":136,"column":52}},"136":{"start":{"line":137,"column":0},"end":{"line":137,"column":20}},"137":{"start":{"line":138,"column":0},"end":{"line":138,"column":8}},"138":{"start":{"line":139,"column":0},"end":{"line":139,"column":6}},"139":{"start":{"line":140,"column":0},"end":{"line":140,"column":4}},"140":{"start":{"line":141,"column":0},"end":{"line":141,"column":1}},"142":{"start":{"line":143,"column":0},"end":{"line":143,"column":65}},"143":{"start":{"line":144,"column":0},"end":{"line":144,"column":51}},"144":{"start":{"line":145,"column":0},"end":{"line":145,"column":18}},"145":{"start":{"line":146,"column":0},"end":{"line":146,"column":14}},"146":{"start":{"line":147,"column":0},"end":{"line":147,"column":17}},"147":{"start":{"line":148,"column":0},"end":{"line":148,"column":37}},"148":{"start":{"line":149,"column":0},"end":{"line":149,"column":18}},"149":{"start":{"line":150,"column":0},"end":{"line":150,"column":60}},"150":{"start":{"line":151,"column":0},"end":{"line":151,"column":10}},"151":{"start":{"line":152,"column":0},"end":{"line":152,"column":8}},"152":{"start":{"line":153,"column":0},"end":{"line":153,"column":16}},"153":{"start":{"line":154,"column":0},"end":{"line":154,"column":37}},"154":{"start":{"line":155,"column":0},"end":{"line":155,"column":18}},"155":{"start":{"line":156,"column":0},"end":{"line":156,"column":51}},"156":{"start":{"line":157,"column":0},"end":{"line":157,"column":10}},"157":{"start":{"line":158,"column":0},"end":{"line":158,"column":8}},"158":{"start":{"line":159,"column":0},"end":{"line":159,"column":14}},"159":{"start":{"line":160,"column":0},"end":{"line":160,"column":37}},"160":{"start":{"line":161,"column":0},"end":{"line":161,"column":33}},"161":{"start":{"line":162,"column":0},"end":{"line":162,"column":8}},"162":{"start":{"line":163,"column":0},"end":{"line":163,"column":19}},"163":{"start":{"line":164,"column":0},"end":{"line":164,"column":36}},"164":{"start":{"line":165,"column":0},"end":{"line":165,"column":8}},"165":{"start":{"line":166,"column":0},"end":{"line":166,"column":6}},"166":{"start":{"line":167,"column":0},"end":{"line":167,"column":5}},"168":{"start":{"line":169,"column":0},"end":{"line":169,"column":28}},"170":{"start":{"line":171,"column":0},"end":{"line":171,"column":30}},"172":{"start":{"line":173,"column":0},"end":{"line":173,"column":53}},"173":{"start":{"line":174,"column":0},"end":{"line":174,"column":43}},"174":{"start":{"line":175,"column":0},"end":{"line":175,"column":27}},"175":{"start":{"line":176,"column":0},"end":{"line":176,"column":78}},"176":{"start":{"line":177,"column":0},"end":{"line":177,"column":7}},"177":{"start":{"line":178,"column":0},"end":{"line":178,"column":5}},"179":{"start":{"line":180,"column":0},"end":{"line":180,"column":26}},"180":{"start":{"line":181,"column":0},"end":{"line":181,"column":48}},"181":{"start":{"line":182,"column":0},"end":{"line":182,"column":16}},"182":{"start":{"line":183,"column":0},"end":{"line":183,"column":4}},"183":{"start":{"line":184,"column":0},"end":{"line":184,"column":1}},"185":{"start":{"line":186,"column":0},"end":{"line":186,"column":57}},"186":{"start":{"line":187,"column":0},"end":{"line":187,"column":43}},"187":{"start":{"line":188,"column":0},"end":{"line":188,"column":66}},"188":{"start":{"line":189,"column":0},"end":{"line":189,"column":45}},"189":{"start":{"line":190,"column":0},"end":{"line":190,"column":1}},"191":{"start":{"line":192,"column":0},"end":{"line":192,"column":43}},"192":{"start":{"line":193,"column":0},"end":{"line":193,"column":68}},"193":{"start":{"line":194,"column":0},"end":{"line":194,"column":70}},"194":{"start":{"line":195,"column":0},"end":{"line":195,"column":29}},"195":{"start":{"line":196,"column":0},"end":{"line":196,"column":20}},"196":{"start":{"line":197,"column":0},"end":{"line":197,"column":89}},"197":{"start":{"line":198,"column":0},"end":{"line":198,"column":6}},"198":{"start":{"line":199,"column":0},"end":{"line":199,"column":3}},"200":{"start":{"line":201,"column":0},"end":{"line":201,"column":69}},"202":{"start":{"line":203,"column":0},"end":{"line":203,"column":24}},"203":{"start":{"line":204,"column":0},"end":{"line":204,"column":72}},"204":{"start":{"line":205,"column":0},"end":{"line":205,"column":3}},"205":{"start":{"line":206,"column":0},"end":{"line":206,"column":30}},"206":{"start":{"line":207,"column":0},"end":{"line":207,"column":25}},"207":{"start":{"line":208,"column":0},"end":{"line":208,"column":16}},"208":{"start":{"line":209,"column":0},"end":{"line":209,"column":17}},"209":{"start":{"line":210,"column":0},"end":{"line":210,"column":13}},"210":{"start":{"line":211,"column":0},"end":{"line":211,"column":20}},"211":{"start":{"line":212,"column":0},"end":{"line":212,"column":17}},"212":{"start":{"line":213,"column":0},"end":{"line":213,"column":6}},"213":{"start":{"line":214,"column":0},"end":{"line":214,"column":3}},"215":{"start":{"line":216,"column":0},"end":{"line":216,"column":60}},"216":{"start":{"line":217,"column":0},"end":{"line":217,"column":17}},"217":{"start":{"line":218,"column":0},"end":{"line":218,"column":1}},"219":{"start":{"line":220,"column":0},"end":{"line":220,"column":47}},"220":{"start":{"line":221,"column":0},"end":{"line":221,"column":62}},"222":{"start":{"line":223,"column":0},"end":{"line":223,"column":47}},"223":{"start":{"line":224,"column":0},"end":{"line":224,"column":18}},"224":{"start":{"line":225,"column":0},"end":{"line":225,"column":22}},"225":{"start":{"line":226,"column":0},"end":{"line":226,"column":5}},"227":{"start":{"line":228,"column":0},"end":{"line":228,"column":38}},"228":{"start":{"line":229,"column":0},"end":{"line":229,"column":64}},"229":{"start":{"line":230,"column":0},"end":{"line":230,"column":3}},"230":{"start":{"line":231,"column":0},"end":{"line":231,"column":44}},"231":{"start":{"line":232,"column":0},"end":{"line":232,"column":76}},"232":{"start":{"line":233,"column":0},"end":{"line":233,"column":3}},"234":{"start":{"line":235,"column":0},"end":{"line":235,"column":17}},"235":{"start":{"line":236,"column":0},"end":{"line":236,"column":1}},"237":{"start":{"line":238,"column":0},"end":{"line":238,"column":41}},"238":{"start":{"line":239,"column":0},"end":{"line":239,"column":49}},"239":{"start":{"line":240,"column":0},"end":{"line":240,"column":52}},"240":{"start":{"line":241,"column":0},"end":{"line":241,"column":1}},"242":{"start":{"line":243,"column":0},"end":{"line":243,"column":42}},"243":{"start":{"line":244,"column":0},"end":{"line":244,"column":32}},"244":{"start":{"line":245,"column":0},"end":{"line":245,"column":18}},"245":{"start":{"line":246,"column":0},"end":{"line":246,"column":38}},"246":{"start":{"line":247,"column":0},"end":{"line":247,"column":5}},"247":{"start":{"line":248,"column":0},"end":{"line":248,"column":1}},"249":{"start":{"line":250,"column":0},"end":{"line":250,"column":44}},"250":{"start":{"line":251,"column":0},"end":{"line":251,"column":32}},"251":{"start":{"line":252,"column":0},"end":{"line":252,"column":18}},"252":{"start":{"line":253,"column":0},"end":{"line":253,"column":32}},"253":{"start":{"line":254,"column":0},"end":{"line":254,"column":5}},"254":{"start":{"line":255,"column":0},"end":{"line":255,"column":1}},"256":{"start":{"line":257,"column":0},"end":{"line":257,"column":78}},"257":{"start":{"line":258,"column":0},"end":{"line":258,"column":11}},"258":{"start":{"line":259,"column":0},"end":{"line":259,"column":78}},"260":{"start":{"line":261,"column":0},"end":{"line":261,"column":54}},"261":{"start":{"line":262,"column":0},"end":{"line":262,"column":42}},"263":{"start":{"line":264,"column":0},"end":{"line":264,"column":54}},"264":{"start":{"line":265,"column":0},"end":{"line":265,"column":40}},"265":{"start":{"line":266,"column":0},"end":{"line":266,"column":5}},"267":{"start":{"line":268,"column":0},"end":{"line":268,"column":23}},"268":{"start":{"line":269,"column":0},"end":{"line":269,"column":30}},"269":{"start":{"line":270,"column":0},"end":{"line":270,"column":65}},"270":{"start":{"line":271,"column":0},"end":{"line":271,"column":36}},"271":{"start":{"line":272,"column":0},"end":{"line":272,"column":77}},"272":{"start":{"line":273,"column":0},"end":{"line":273,"column":19}},"273":{"start":{"line":274,"column":0},"end":{"line":274,"column":34}},"274":{"start":{"line":275,"column":0},"end":{"line":275,"column":21}},"275":{"start":{"line":276,"column":0},"end":{"line":276,"column":23}},"276":{"start":{"line":277,"column":0},"end":{"line":277,"column":30}},"277":{"start":{"line":278,"column":0},"end":{"line":278,"column":12}},"278":{"start":{"line":279,"column":0},"end":{"line":279,"column":52}},"279":{"start":{"line":280,"column":0},"end":{"line":280,"column":10}},"280":{"start":{"line":281,"column":0},"end":{"line":281,"column":7}},"281":{"start":{"line":282,"column":0},"end":{"line":282,"column":6}},"282":{"start":{"line":283,"column":0},"end":{"line":283,"column":3}},"284":{"start":{"line":285,"column":0},"end":{"line":285,"column":17}},"285":{"start":{"line":286,"column":0},"end":{"line":286,"column":1}},"287":{"start":{"line":288,"column":0},"end":{"line":288,"column":54}},"288":{"start":{"line":289,"column":0},"end":{"line":289,"column":42}},"290":{"start":{"line":291,"column":0},"end":{"line":291,"column":54}},"291":{"start":{"line":292,"column":0},"end":{"line":292,"column":29}},"292":{"start":{"line":293,"column":0},"end":{"line":293,"column":22}},"293":{"start":{"line":294,"column":0},"end":{"line":294,"column":5}},"295":{"start":{"line":296,"column":0},"end":{"line":296,"column":23}},"296":{"start":{"line":297,"column":0},"end":{"line":297,"column":30}},"297":{"start":{"line":298,"column":0},"end":{"line":298,"column":65}},"298":{"start":{"line":299,"column":0},"end":{"line":299,"column":36}},"299":{"start":{"line":300,"column":0},"end":{"line":300,"column":65}},"300":{"start":{"line":301,"column":0},"end":{"line":301,"column":73}},"301":{"start":{"line":302,"column":0},"end":{"line":302,"column":52}},"302":{"start":{"line":303,"column":0},"end":{"line":303,"column":10}},"303":{"start":{"line":304,"column":0},"end":{"line":304,"column":7}},"304":{"start":{"line":305,"column":0},"end":{"line":305,"column":6}},"305":{"start":{"line":306,"column":0},"end":{"line":306,"column":3}},"307":{"start":{"line":308,"column":0},"end":{"line":308,"column":17}},"308":{"start":{"line":309,"column":0},"end":{"line":309,"column":1}},"310":{"start":{"line":311,"column":0},"end":{"line":311,"column":48}},"311":{"start":{"line":312,"column":0},"end":{"line":312,"column":67}},"312":{"start":{"line":313,"column":0},"end":{"line":313,"column":1}},"314":{"start":{"line":315,"column":0},"end":{"line":315,"column":78}},"315":{"start":{"line":316,"column":0},"end":{"line":316,"column":13}},"316":{"start":{"line":317,"column":0},"end":{"line":317,"column":78}},"318":{"start":{"line":319,"column":0},"end":{"line":319,"column":55}},"319":{"start":{"line":320,"column":0},"end":{"line":320,"column":53}},"320":{"start":{"line":321,"column":0},"end":{"line":321,"column":30}},"321":{"start":{"line":322,"column":0},"end":{"line":322,"column":33}},"322":{"start":{"line":323,"column":0},"end":{"line":323,"column":14}},"323":{"start":{"line":324,"column":0},"end":{"line":324,"column":17}},"324":{"start":{"line":325,"column":0},"end":{"line":325,"column":37}},"325":{"start":{"line":326,"column":0},"end":{"line":326,"column":8}},"326":{"start":{"line":327,"column":0},"end":{"line":327,"column":6}},"327":{"start":{"line":328,"column":0},"end":{"line":328,"column":5}},"329":{"start":{"line":330,"column":0},"end":{"line":330,"column":33}},"331":{"start":{"line":332,"column":0},"end":{"line":332,"column":72}},"332":{"start":{"line":333,"column":0},"end":{"line":333,"column":57}},"333":{"start":{"line":334,"column":0},"end":{"line":334,"column":48}},"334":{"start":{"line":335,"column":0},"end":{"line":335,"column":76}},"335":{"start":{"line":336,"column":0},"end":{"line":336,"column":45}},"337":{"start":{"line":338,"column":0},"end":{"line":338,"column":63}},"338":{"start":{"line":339,"column":0},"end":{"line":339,"column":33}},"339":{"start":{"line":340,"column":0},"end":{"line":340,"column":74}},"340":{"start":{"line":341,"column":0},"end":{"line":341,"column":7}},"341":{"start":{"line":342,"column":0},"end":{"line":342,"column":26}},"342":{"start":{"line":343,"column":0},"end":{"line":343,"column":14}},"343":{"start":{"line":344,"column":0},"end":{"line":344,"column":31}},"344":{"start":{"line":345,"column":0},"end":{"line":345,"column":33}},"345":{"start":{"line":346,"column":0},"end":{"line":346,"column":15}},"346":{"start":{"line":347,"column":0},"end":{"line":347,"column":24}},"347":{"start":{"line":348,"column":0},"end":{"line":348,"column":8}},"348":{"start":{"line":349,"column":0},"end":{"line":349,"column":7}},"349":{"start":{"line":350,"column":0},"end":{"line":350,"column":5}},"351":{"start":{"line":352,"column":0},"end":{"line":352,"column":39}},"352":{"start":{"line":353,"column":0},"end":{"line":353,"column":34}},"353":{"start":{"line":354,"column":0},"end":{"line":354,"column":41}},"354":{"start":{"line":355,"column":0},"end":{"line":355,"column":58}},"355":{"start":{"line":356,"column":0},"end":{"line":356,"column":3}},"356":{"start":{"line":357,"column":0},"end":{"line":357,"column":42}},"357":{"start":{"line":358,"column":0},"end":{"line":358,"column":48}},"358":{"start":{"line":359,"column":0},"end":{"line":359,"column":4}},"360":{"start":{"line":361,"column":0},"end":{"line":361,"column":34}},"361":{"start":{"line":362,"column":0},"end":{"line":362,"column":60}},"362":{"start":{"line":363,"column":0},"end":{"line":363,"column":49}},"363":{"start":{"line":364,"column":0},"end":{"line":364,"column":44}},"364":{"start":{"line":365,"column":0},"end":{"line":365,"column":8}},"365":{"start":{"line":366,"column":0},"end":{"line":366,"column":30}},"366":{"start":{"line":367,"column":0},"end":{"line":367,"column":59}},"367":{"start":{"line":368,"column":0},"end":{"line":368,"column":25}},"368":{"start":{"line":369,"column":0},"end":{"line":369,"column":8}},"369":{"start":{"line":370,"column":0},"end":{"line":370,"column":7}},"370":{"start":{"line":371,"column":0},"end":{"line":371,"column":45}},"371":{"start":{"line":372,"column":0},"end":{"line":372,"column":40}},"372":{"start":{"line":373,"column":0},"end":{"line":373,"column":6}},"373":{"start":{"line":374,"column":0},"end":{"line":374,"column":28}},"374":{"start":{"line":375,"column":0},"end":{"line":375,"column":7}},"375":{"start":{"line":376,"column":0},"end":{"line":376,"column":15}},"376":{"start":{"line":377,"column":0},"end":{"line":377,"column":43}},"377":{"start":{"line":378,"column":0},"end":{"line":378,"column":37}},"378":{"start":{"line":379,"column":0},"end":{"line":379,"column":8}},"379":{"start":{"line":380,"column":0},"end":{"line":380,"column":21}},"380":{"start":{"line":381,"column":0},"end":{"line":381,"column":6}},"381":{"start":{"line":382,"column":0},"end":{"line":382,"column":5}},"382":{"start":{"line":383,"column":0},"end":{"line":383,"column":1}},"384":{"start":{"line":385,"column":0},"end":{"line":385,"column":56}},"385":{"start":{"line":386,"column":0},"end":{"line":386,"column":53}},"386":{"start":{"line":387,"column":0},"end":{"line":387,"column":18}},"387":{"start":{"line":388,"column":0},"end":{"line":388,"column":14}},"388":{"start":{"line":389,"column":0},"end":{"line":389,"column":49}},"389":{"start":{"line":390,"column":0},"end":{"line":390,"column":17}},"390":{"start":{"line":391,"column":0},"end":{"line":391,"column":35}},"391":{"start":{"line":392,"column":0},"end":{"line":392,"column":37}},"392":{"start":{"line":393,"column":0},"end":{"line":393,"column":8}},"393":{"start":{"line":394,"column":0},"end":{"line":394,"column":6}},"394":{"start":{"line":395,"column":0},"end":{"line":395,"column":5}},"396":{"start":{"line":397,"column":0},"end":{"line":397,"column":29}},"397":{"start":{"line":398,"column":0},"end":{"line":398,"column":31}},"399":{"start":{"line":400,"column":0},"end":{"line":400,"column":53}},"400":{"start":{"line":401,"column":0},"end":{"line":401,"column":44}},"401":{"start":{"line":402,"column":0},"end":{"line":402,"column":27}},"402":{"start":{"line":403,"column":0},"end":{"line":403,"column":79}},"403":{"start":{"line":404,"column":0},"end":{"line":404,"column":7}},"404":{"start":{"line":405,"column":0},"end":{"line":405,"column":5}},"406":{"start":{"line":407,"column":0},"end":{"line":407,"column":26}},"407":{"start":{"line":408,"column":0},"end":{"line":408,"column":49}},"408":{"start":{"line":409,"column":0},"end":{"line":409,"column":16}},"409":{"start":{"line":410,"column":0},"end":{"line":410,"column":4}},"410":{"start":{"line":411,"column":0},"end":{"line":411,"column":1}},"412":{"start":{"line":413,"column":0},"end":{"line":413,"column":58}},"413":{"start":{"line":414,"column":0},"end":{"line":414,"column":43}},"414":{"start":{"line":415,"column":0},"end":{"line":415,"column":67}},"415":{"start":{"line":416,"column":0},"end":{"line":416,"column":46}},"416":{"start":{"line":417,"column":0},"end":{"line":417,"column":1}},"418":{"start":{"line":419,"column":0},"end":{"line":419,"column":44}},"419":{"start":{"line":420,"column":0},"end":{"line":420,"column":66}},"421":{"start":{"line":422,"column":0},"end":{"line":422,"column":72}},"423":{"start":{"line":424,"column":0},"end":{"line":424,"column":23}},"424":{"start":{"line":425,"column":0},"end":{"line":425,"column":72}},"425":{"start":{"line":426,"column":0},"end":{"line":426,"column":3}},"426":{"start":{"line":427,"column":0},"end":{"line":427,"column":28}},"427":{"start":{"line":428,"column":0},"end":{"line":428,"column":62}},"428":{"start":{"line":429,"column":0},"end":{"line":429,"column":3}},"430":{"start":{"line":431,"column":0},"end":{"line":431,"column":63}},"431":{"start":{"line":432,"column":0},"end":{"line":432,"column":18}},"432":{"start":{"line":433,"column":0},"end":{"line":433,"column":1}},"434":{"start":{"line":435,"column":0},"end":{"line":435,"column":48}},"435":{"start":{"line":436,"column":0},"end":{"line":436,"column":66}},"437":{"start":{"line":438,"column":0},"end":{"line":438,"column":49}},"438":{"start":{"line":439,"column":0},"end":{"line":439,"column":18}},"439":{"start":{"line":440,"column":0},"end":{"line":440,"column":23}},"440":{"start":{"line":441,"column":0},"end":{"line":441,"column":5}},"442":{"start":{"line":443,"column":0},"end":{"line":443,"column":37}},"443":{"start":{"line":444,"column":0},"end":{"line":444,"column":63}},"444":{"start":{"line":445,"column":0},"end":{"line":445,"column":3}},"445":{"start":{"line":446,"column":0},"end":{"line":446,"column":28}},"446":{"start":{"line":447,"column":0},"end":{"line":447,"column":53}},"447":{"start":{"line":448,"column":0},"end":{"line":448,"column":3}},"449":{"start":{"line":450,"column":0},"end":{"line":450,"column":18}},"450":{"start":{"line":451,"column":0},"end":{"line":451,"column":1}},"452":{"start":{"line":453,"column":0},"end":{"line":453,"column":42}},"453":{"start":{"line":454,"column":0},"end":{"line":454,"column":50}},"454":{"start":{"line":455,"column":0},"end":{"line":455,"column":1}},"456":{"start":{"line":457,"column":0},"end":{"line":457,"column":78}},"457":{"start":{"line":458,"column":0},"end":{"line":458,"column":8}},"458":{"start":{"line":459,"column":0},"end":{"line":459,"column":78}},"460":{"start":{"line":461,"column":0},"end":{"line":461,"column":69}},"461":{"start":{"line":462,"column":0},"end":{"line":462,"column":37}},"462":{"start":{"line":463,"column":0},"end":{"line":463,"column":57}},"463":{"start":{"line":464,"column":0},"end":{"line":464,"column":45}},"464":{"start":{"line":465,"column":0},"end":{"line":465,"column":25}},"465":{"start":{"line":466,"column":0},"end":{"line":466,"column":5}},"466":{"start":{"line":467,"column":0},"end":{"line":467,"column":1}},"468":{"start":{"line":469,"column":0},"end":{"line":469,"column":55}},"469":{"start":{"line":470,"column":0},"end":{"line":470,"column":36}},"470":{"start":{"line":471,"column":0},"end":{"line":471,"column":57}},"471":{"start":{"line":472,"column":0},"end":{"line":472,"column":5}},"472":{"start":{"line":473,"column":0},"end":{"line":473,"column":1}},"474":{"start":{"line":475,"column":0},"end":{"line":475,"column":57}},"475":{"start":{"line":476,"column":0},"end":{"line":476,"column":28}},"476":{"start":{"line":477,"column":0},"end":{"line":477,"column":36}},"477":{"start":{"line":478,"column":0},"end":{"line":478,"column":34}},"478":{"start":{"line":479,"column":0},"end":{"line":479,"column":61}},"479":{"start":{"line":480,"column":0},"end":{"line":480,"column":34}},"480":{"start":{"line":481,"column":0},"end":{"line":481,"column":8}},"481":{"start":{"line":482,"column":0},"end":{"line":482,"column":5}},"482":{"start":{"line":483,"column":0},"end":{"line":483,"column":4}},"483":{"start":{"line":484,"column":0},"end":{"line":484,"column":1}}},"s":{"0":1,"1":1,"3":1,"4":1,"6":1,"7":1,"8":1,"10":1,"11":7,"12":7,"13":7,"15":1,"16":5,"17":5,"18":5,"20":1,"21":1,"22":1,"24":1,"25":6,"26":6,"27":6,"28":6,"29":6,"30":6,"31":6,"32":6,"33":6,"34":6,"35":6,"36":6,"37":6,"38":6,"40":1,"41":5,"42":5,"43":5,"44":5,"45":5,"47":1,"48":1,"49":1,"51":1,"52":5,"53":5,"54":5,"55":5,"56":2,"57":5,"58":1,"59":1,"61":4,"62":4,"63":4,"64":4,"65":4,"66":4,"67":4,"68":4,"70":1,"71":8,"72":8,"73":5,"74":5,"75":5,"76":5,"77":5,"78":5,"80":1,"81":1,"82":1,"84":1,"85":4,"86":4,"87":4,"88":4,"89":4,"90":4,"91":4,"92":4,"93":4,"95":4,"97":4,"98":4,"99":4,"100":4,"101":4,"102":4,"103":4,"104":4,"105":4,"106":4,"107":4,"108":4,"109":4,"110":4,"111":4,"112":4,"113":4,"114":4,"115":4,"116":4,"118":4,"120":1,"121":1,"122":1,"123":1,"124":1,"125":1,"126":1,"127":1,"128":1,"129":1,"130":1,"131":1,"132":1,"133":1,"134":1,"135":1,"136":1,"137":1,"138":1,"139":1,"140":1,"142":1,"143":4,"144":4,"145":4,"146":4,"147":4,"148":4,"149":4,"150":4,"151":4,"152":4,"153":4,"154":4,"155":4,"156":4,"157":4,"158":4,"159":4,"160":4,"161":4,"162":4,"163":4,"164":4,"165":4,"166":4,"168":4,"170":4,"172":1,"173":1,"174":1,"175":1,"176":1,"177":1,"179":1,"180":4,"181":4,"182":4,"183":4,"185":1,"186":3,"187":3,"188":1,"189":1,"191":1,"192":3,"193":3,"194":3,"195":1,"196":1,"197":1,"198":1,"200":2,"202":3,"203":1,"204":1,"205":3,"206":0,"207":0,"208":0,"209":0,"210":0,"211":0,"212":0,"213":0,"215":2,"216":2,"217":2,"219":1,"220":2,"222":2,"223":2,"224":2,"225":2,"227":2,"228":1,"229":1,"230":2,"231":0,"232":0,"234":2,"235":2,"237":1,"238":1,"239":1,"240":1,"242":1,"243":1,"244":1,"245":1,"246":1,"247":1,"249":1,"250":1,"251":1,"252":1,"253":1,"254":1,"256":1,"257":1,"258":1,"260":1,"261":0,"263":0,"264":0,"265":0,"267":0,"268":0,"269":0,"270":0,"271":0,"272":0,"273":0,"274":0,"275":0,"276":0,"277":0,"278":0,"279":0,"280":0,"281":0,"282":0,"284":0,"285":0,"287":1,"288":2,"290":2,"291":2,"292":2,"293":2,"295":2,"296":1,"297":1,"298":1,"299":1,"300":1,"301":1,"302":1,"303":1,"304":1,"305":1,"307":2,"308":2,"310":1,"311":1,"312":1,"314":1,"315":1,"316":1,"318":1,"319":2,"320":2,"321":2,"322":2,"323":2,"324":2,"325":2,"326":2,"327":2,"329":2,"331":1,"332":1,"333":1,"334":1,"335":1,"337":1,"338":1,"339":1,"340":1,"341":1,"342":1,"343":1,"344":1,"345":1,"346":1,"347":1,"348":1,"349":1,"351":1,"352":1,"353":1,"354":1,"355":1,"356":1,"357":1,"358":1,"360":1,"361":1,"362":1,"363":1,"364":1,"365":1,"366":1,"367":1,"368":1,"369":1,"370":1,"371":1,"372":1,"373":1,"374":1,"375":1,"376":1,"377":1,"378":1,"379":1,"380":1,"381":1,"382":1,"384":1,"385":4,"386":4,"387":4,"388":4,"389":4,"390":4,"391":4,"392":4,"393":4,"394":4,"396":4,"397":4,"399":1,"400":1,"401":1,"402":1,"403":1,"404":1,"406":1,"407":4,"408":4,"409":4,"410":4,"412":1,"413":3,"414":3,"415":1,"416":1,"418":1,"419":2,"421":2,"423":2,"424":1,"425":1,"426":2,"427":1,"428":1,"430":2,"431":2,"432":2,"434":1,"435":2,"437":2,"438":2,"439":2,"440":2,"442":2,"443":2,"444":2,"445":2,"446":1,"447":1,"449":2,"450":2,"452":1,"453":1,"454":1,"456":1,"457":1,"458":1,"460":1,"461":1,"462":1,"463":1,"464":1,"465":1,"466":1,"468":1,"469":1,"470":1,"471":1,"472":1,"474":1,"475":1,"476":1,"477":3,"478":3,"479":3,"480":3,"481":1,"482":1,"483":1},"branchMap":{"0":{"type":"branch","line":12,"loc":{"start":{"line":12,"column":0},"end":{"line":14,"column":1}},"locations":[{"start":{"line":12,"column":0},"end":{"line":14,"column":1}}]},"1":{"type":"branch","line":13,"loc":{"start":{"line":13,"column":37},"end":{"line":13,"column":62}},"locations":[{"start":{"line":13,"column":37},"end":{"line":13,"column":62}}]},"2":{"type":"branch","line":17,"loc":{"start":{"line":17,"column":0},"end":{"line":19,"column":1}},"locations":[{"start":{"line":17,"column":0},"end":{"line":19,"column":1}}]},"3":{"type":"branch","line":25,"loc":{"start":{"line":25,"column":7},"end":{"line":39,"column":1}},"locations":[{"start":{"line":25,"column":7},"end":{"line":39,"column":1}}]},"4":{"type":"branch","line":41,"loc":{"start":{"line":41,"column":7},"end":{"line":46,"column":1}},"locations":[{"start":{"line":41,"column":7},"end":{"line":46,"column":1}}]},"5":{"type":"branch","line":52,"loc":{"start":{"line":52,"column":7},"end":{"line":69,"column":1}},"locations":[{"start":{"line":52,"column":7},"end":{"line":69,"column":1}}]},"6":{"type":"branch","line":56,"loc":{"start":{"line":56,"column":13},"end":{"line":57,"column":74}},"locations":[{"start":{"line":56,"column":13},"end":{"line":57,"column":74}}]},"7":{"type":"branch","line":57,"loc":{"start":{"line":57,"column":40},"end":{"line":57,"column":73}},"locations":[{"start":{"line":57,"column":40},"end":{"line":57,"column":73}}]},"8":{"type":"branch","line":58,"loc":{"start":{"line":58,"column":4},"end":{"line":60,"column":3}},"locations":[{"start":{"line":58,"column":4},"end":{"line":60,"column":3}}]},"9":{"type":"branch","line":60,"loc":{"start":{"line":60,"column":2},"end":{"line":69,"column":1}},"locations":[{"start":{"line":60,"column":2},"end":{"line":69,"column":1}}]},"10":{"type":"branch","line":71,"loc":{"start":{"line":71,"column":7},"end":{"line":79,"column":1}},"locations":[{"start":{"line":71,"column":7},"end":{"line":79,"column":1}}]},"11":{"type":"branch","line":73,"loc":{"start":{"line":73,"column":12},"end":{"line":73,"column":24}},"locations":[{"start":{"line":73,"column":12},"end":{"line":73,"column":24}}]},"12":{"type":"branch","line":73,"loc":{"start":{"line":73,"column":23},"end":{"line":79,"column":1}},"locations":[{"start":{"line":73,"column":23},"end":{"line":79,"column":1}}]},"13":{"type":"branch","line":85,"loc":{"start":{"line":85,"column":7},"end":{"line":141,"column":1}},"locations":[{"start":{"line":85,"column":7},"end":{"line":141,"column":1}}]},"14":{"type":"branch","line":93,"loc":{"start":{"line":93,"column":26},"end":{"line":93,"column":60}},"locations":[{"start":{"line":93,"column":26},"end":{"line":93,"column":60}}]},"15":{"type":"branch","line":94,"loc":{"start":{"line":94,"column":27},"end":{"line":94,"column":52}},"locations":[{"start":{"line":94,"column":27},"end":{"line":94,"column":52}}]},"16":{"type":"branch","line":108,"loc":{"start":{"line":108,"column":27},"end":{"line":108,"column":52}},"locations":[{"start":{"line":108,"column":27},"end":{"line":108,"column":52}}]},"17":{"type":"branch","line":119,"loc":{"start":{"line":119,"column":15},"end":{"line":119,"column":31}},"locations":[{"start":{"line":119,"column":15},"end":{"line":119,"column":31}}]},"18":{"type":"branch","line":119,"loc":{"start":{"line":119,"column":30},"end":{"line":141,"column":1}},"locations":[{"start":{"line":119,"column":30},"end":{"line":141,"column":1}}]},"19":{"type":"branch","line":123,"loc":{"start":{"line":123,"column":17},"end":{"line":139,"column":5}},"locations":[{"start":{"line":123,"column":17},"end":{"line":139,"column":5}}]},"20":{"type":"branch","line":136,"loc":{"start":{"line":136,"column":42},"end":{"line":136,"column":49}},"locations":[{"start":{"line":136,"column":42},"end":{"line":136,"column":49}}]},"21":{"type":"branch","line":143,"loc":{"start":{"line":143,"column":7},"end":{"line":184,"column":1}},"locations":[{"start":{"line":143,"column":7},"end":{"line":184,"column":1}}]},"22":{"type":"branch","line":150,"loc":{"start":{"line":150,"column":27},"end":{"line":150,"column":52}},"locations":[{"start":{"line":150,"column":27},"end":{"line":150,"column":52}}]},"23":{"type":"branch","line":169,"loc":{"start":{"line":169,"column":16},"end":{"line":169,"column":28}},"locations":[{"start":{"line":169,"column":16},"end":{"line":169,"column":28}}]},"24":{"type":"branch","line":169,"loc":{"start":{"line":169,"column":27},"end":{"line":171,"column":15}},"locations":[{"start":{"line":169,"column":27},"end":{"line":171,"column":15}}]},"25":{"type":"branch","line":171,"loc":{"start":{"line":171,"column":15},"end":{"line":171,"column":30}},"locations":[{"start":{"line":171,"column":15},"end":{"line":171,"column":30}}]},"26":{"type":"branch","line":171,"loc":{"start":{"line":171,"column":29},"end":{"line":181,"column":37}},"locations":[{"start":{"line":171,"column":29},"end":{"line":181,"column":37}}]},"27":{"type":"branch","line":181,"loc":{"start":{"line":181,"column":38},"end":{"line":181,"column":45}},"locations":[{"start":{"line":181,"column":38},"end":{"line":181,"column":45}}]},"28":{"type":"branch","line":186,"loc":{"start":{"line":186,"column":7},"end":{"line":190,"column":1}},"locations":[{"start":{"line":186,"column":7},"end":{"line":190,"column":1}}]},"29":{"type":"branch","line":188,"loc":{"start":{"line":188,"column":16},"end":{"line":188,"column":52}},"locations":[{"start":{"line":188,"column":16},"end":{"line":188,"column":52}}]},"30":{"type":"branch","line":188,"loc":{"start":{"line":188,"column":54},"end":{"line":188,"column":66}},"locations":[{"start":{"line":188,"column":54},"end":{"line":188,"column":66}}]},"31":{"type":"branch","line":188,"loc":{"start":{"line":188,"column":65},"end":{"line":190,"column":1}},"locations":[{"start":{"line":188,"column":65},"end":{"line":190,"column":1}}]},"32":{"type":"branch","line":192,"loc":{"start":{"line":192,"column":7},"end":{"line":218,"column":1}},"locations":[{"start":{"line":192,"column":7},"end":{"line":218,"column":1}}]},"33":{"type":"branch","line":195,"loc":{"start":{"line":195,"column":28},"end":{"line":199,"column":3}},"locations":[{"start":{"line":195,"column":28},"end":{"line":199,"column":3}}]},"34":{"type":"branch","line":199,"loc":{"start":{"line":199,"column":2},"end":{"line":203,"column":13}},"locations":[{"start":{"line":199,"column":2},"end":{"line":203,"column":13}}]},"35":{"type":"branch","line":203,"loc":{"start":{"line":203,"column":13},"end":{"line":203,"column":21}},"locations":[{"start":{"line":203,"column":13},"end":{"line":203,"column":21}}]},"36":{"type":"branch","line":203,"loc":{"start":{"line":203,"column":23},"end":{"line":205,"column":3}},"locations":[{"start":{"line":203,"column":23},"end":{"line":205,"column":3}}]},"37":{"type":"branch","line":205,"loc":{"start":{"line":205,"column":2},"end":{"line":206,"column":13}},"locations":[{"start":{"line":205,"column":2},"end":{"line":206,"column":13}}]},"38":{"type":"branch","line":206,"loc":{"start":{"line":206,"column":13},"end":{"line":206,"column":27}},"locations":[{"start":{"line":206,"column":13},"end":{"line":206,"column":27}}]},"39":{"type":"branch","line":206,"loc":{"start":{"line":206,"column":29},"end":{"line":214,"column":3}},"locations":[{"start":{"line":206,"column":29},"end":{"line":214,"column":3}}]},"40":{"type":"branch","line":214,"loc":{"start":{"line":214,"column":2},"end":{"line":218,"column":1}},"locations":[{"start":{"line":214,"column":2},"end":{"line":218,"column":1}}]},"41":{"type":"branch","line":220,"loc":{"start":{"line":220,"column":7},"end":{"line":236,"column":1}},"locations":[{"start":{"line":220,"column":7},"end":{"line":236,"column":1}}]},"42":{"type":"branch","line":228,"loc":{"start":{"line":228,"column":13},"end":{"line":228,"column":35}},"locations":[{"start":{"line":228,"column":13},"end":{"line":228,"column":35}}]},"43":{"type":"branch","line":228,"loc":{"start":{"line":228,"column":37},"end":{"line":230,"column":3}},"locations":[{"start":{"line":228,"column":37},"end":{"line":230,"column":3}}]},"44":{"type":"branch","line":231,"loc":{"start":{"line":231,"column":13},"end":{"line":231,"column":41}},"locations":[{"start":{"line":231,"column":13},"end":{"line":231,"column":41}}]},"45":{"type":"branch","line":231,"loc":{"start":{"line":231,"column":43},"end":{"line":233,"column":3}},"locations":[{"start":{"line":231,"column":43},"end":{"line":233,"column":3}}]},"46":{"type":"branch","line":238,"loc":{"start":{"line":238,"column":7},"end":{"line":241,"column":1}},"locations":[{"start":{"line":238,"column":7},"end":{"line":241,"column":1}}]},"47":{"type":"branch","line":243,"loc":{"start":{"line":243,"column":7},"end":{"line":248,"column":1}},"locations":[{"start":{"line":243,"column":7},"end":{"line":248,"column":1}}]},"48":{"type":"branch","line":250,"loc":{"start":{"line":250,"column":7},"end":{"line":255,"column":1}},"locations":[{"start":{"line":250,"column":7},"end":{"line":255,"column":1}}]},"49":{"type":"branch","line":288,"loc":{"start":{"line":288,"column":7},"end":{"line":309,"column":1}},"locations":[{"start":{"line":288,"column":7},"end":{"line":309,"column":1}}]},"50":{"type":"branch","line":296,"loc":{"start":{"line":296,"column":12},"end":{"line":296,"column":20}},"locations":[{"start":{"line":296,"column":12},"end":{"line":296,"column":20}}]},"51":{"type":"branch","line":296,"loc":{"start":{"line":296,"column":22},"end":{"line":306,"column":3}},"locations":[{"start":{"line":296,"column":22},"end":{"line":306,"column":3}}]},"52":{"type":"branch","line":298,"loc":{"start":{"line":298,"column":17},"end":{"line":303,"column":10}},"locations":[{"start":{"line":298,"column":17},"end":{"line":303,"column":10}}]},"53":{"type":"branch","line":311,"loc":{"start":{"line":311,"column":7},"end":{"line":313,"column":1}},"locations":[{"start":{"line":311,"column":7},"end":{"line":313,"column":1}}]},"54":{"type":"branch","line":319,"loc":{"start":{"line":319,"column":7},"end":{"line":383,"column":1}},"locations":[{"start":{"line":319,"column":7},"end":{"line":383,"column":1}}]},"55":{"type":"branch","line":330,"loc":{"start":{"line":330,"column":15},"end":{"line":383,"column":1}},"locations":[{"start":{"line":330,"column":15},"end":{"line":383,"column":1}}]},"56":{"type":"branch","line":334,"loc":{"start":{"line":334,"column":35},"end":{"line":334,"column":46}},"locations":[{"start":{"line":334,"column":35},"end":{"line":334,"column":46}}]},"57":{"type":"branch","line":335,"loc":{"start":{"line":335,"column":38},"end":{"line":335,"column":74}},"locations":[{"start":{"line":335,"column":38},"end":{"line":335,"column":74}}]},"58":{"type":"branch","line":335,"loc":{"start":{"line":335,"column":60},"end":{"line":335,"column":73}},"locations":[{"start":{"line":335,"column":60},"end":{"line":335,"column":73}}]},"59":{"type":"branch","line":358,"loc":{"start":{"line":358,"column":20},"end":{"line":358,"column":47}},"locations":[{"start":{"line":358,"column":20},"end":{"line":358,"column":47}}]},"60":{"type":"branch","line":361,"loc":{"start":{"line":361,"column":24},"end":{"line":382,"column":3}},"locations":[{"start":{"line":361,"column":24},"end":{"line":382,"column":3}}]},"61":{"type":"branch","line":372,"loc":{"start":{"line":372,"column":35},"end":{"line":372,"column":40}},"locations":[{"start":{"line":372,"column":35},"end":{"line":372,"column":40}}]},"62":{"type":"branch","line":377,"loc":{"start":{"line":377,"column":35},"end":{"line":377,"column":42}},"locations":[{"start":{"line":377,"column":35},"end":{"line":377,"column":42}}]},"63":{"type":"branch","line":362,"loc":{"start":{"line":362,"column":48},"end":{"line":370,"column":5}},"locations":[{"start":{"line":362,"column":48},"end":{"line":370,"column":5}}]},"64":{"type":"branch","line":385,"loc":{"start":{"line":385,"column":7},"end":{"line":411,"column":1}},"locations":[{"start":{"line":385,"column":7},"end":{"line":411,"column":1}}]},"65":{"type":"branch","line":397,"loc":{"start":{"line":397,"column":17},"end":{"line":397,"column":29}},"locations":[{"start":{"line":397,"column":17},"end":{"line":397,"column":29}}]},"66":{"type":"branch","line":397,"loc":{"start":{"line":397,"column":28},"end":{"line":398,"column":15}},"locations":[{"start":{"line":397,"column":28},"end":{"line":398,"column":15}}]},"67":{"type":"branch","line":398,"loc":{"start":{"line":398,"column":15},"end":{"line":398,"column":31}},"locations":[{"start":{"line":398,"column":15},"end":{"line":398,"column":31}}]},"68":{"type":"branch","line":398,"loc":{"start":{"line":398,"column":30},"end":{"line":408,"column":38}},"locations":[{"start":{"line":398,"column":30},"end":{"line":408,"column":38}}]},"69":{"type":"branch","line":408,"loc":{"start":{"line":408,"column":39},"end":{"line":408,"column":46}},"locations":[{"start":{"line":408,"column":39},"end":{"line":408,"column":46}}]},"70":{"type":"branch","line":413,"loc":{"start":{"line":413,"column":7},"end":{"line":417,"column":1}},"locations":[{"start":{"line":413,"column":7},"end":{"line":417,"column":1}}]},"71":{"type":"branch","line":415,"loc":{"start":{"line":415,"column":16},"end":{"line":415,"column":53}},"locations":[{"start":{"line":415,"column":16},"end":{"line":415,"column":53}}]},"72":{"type":"branch","line":415,"loc":{"start":{"line":415,"column":55},"end":{"line":415,"column":67}},"locations":[{"start":{"line":415,"column":55},"end":{"line":415,"column":67}}]},"73":{"type":"branch","line":415,"loc":{"start":{"line":415,"column":66},"end":{"line":417,"column":1}},"locations":[{"start":{"line":415,"column":66},"end":{"line":417,"column":1}}]},"74":{"type":"branch","line":419,"loc":{"start":{"line":419,"column":7},"end":{"line":433,"column":1}},"locations":[{"start":{"line":419,"column":7},"end":{"line":433,"column":1}}]},"75":{"type":"branch","line":424,"loc":{"start":{"line":424,"column":13},"end":{"line":424,"column":20}},"locations":[{"start":{"line":424,"column":13},"end":{"line":424,"column":20}}]},"76":{"type":"branch","line":424,"loc":{"start":{"line":424,"column":22},"end":{"line":426,"column":3}},"locations":[{"start":{"line":424,"column":22},"end":{"line":426,"column":3}}]},"77":{"type":"branch","line":427,"loc":{"start":{"line":427,"column":13},"end":{"line":427,"column":25}},"locations":[{"start":{"line":427,"column":13},"end":{"line":427,"column":25}}]},"78":{"type":"branch","line":427,"loc":{"start":{"line":427,"column":27},"end":{"line":429,"column":3}},"locations":[{"start":{"line":427,"column":27},"end":{"line":429,"column":3}}]},"79":{"type":"branch","line":435,"loc":{"start":{"line":435,"column":7},"end":{"line":451,"column":1}},"locations":[{"start":{"line":435,"column":7},"end":{"line":451,"column":1}}]},"80":{"type":"branch","line":446,"loc":{"start":{"line":446,"column":27},"end":{"line":448,"column":3}},"locations":[{"start":{"line":446,"column":27},"end":{"line":448,"column":3}}]},"81":{"type":"branch","line":453,"loc":{"start":{"line":453,"column":7},"end":{"line":455,"column":1}},"locations":[{"start":{"line":453,"column":7},"end":{"line":455,"column":1}}]},"82":{"type":"branch","line":461,"loc":{"start":{"line":461,"column":7},"end":{"line":467,"column":1}},"locations":[{"start":{"line":461,"column":7},"end":{"line":467,"column":1}}]},"83":{"type":"branch","line":469,"loc":{"start":{"line":469,"column":7},"end":{"line":473,"column":1}},"locations":[{"start":{"line":469,"column":7},"end":{"line":473,"column":1}}]},"84":{"type":"branch","line":475,"loc":{"start":{"line":475,"column":7},"end":{"line":484,"column":1}},"locations":[{"start":{"line":475,"column":7},"end":{"line":484,"column":1}}]},"85":{"type":"branch","line":477,"loc":{"start":{"line":477,"column":17},"end":{"line":481,"column":8}},"locations":[{"start":{"line":477,"column":17},"end":{"line":481,"column":8}}]}},"b":{"0":[7],"1":[6],"2":[5],"3":[6],"4":[5],"5":[5],"6":[2],"7":[1],"8":[1],"9":[4],"10":[8],"11":[3],"12":[5],"13":[4],"14":[1],"15":[1],"16":[0],"17":[3],"18":[1],"19":[1],"20":[0],"21":[4],"22":[0],"23":[1],"24":[3],"25":[2],"26":[1],"27":[0],"28":[3],"29":[2],"30":[2],"31":[1],"32":[3],"33":[1],"34":[2],"35":[1],"36":[1],"37":[2],"38":[1],"39":[0],"40":[2],"41":[2],"42":[1],"43":[1],"44":[1],"45":[0],"46":[1],"47":[1],"48":[1],"49":[2],"50":[1],"51":[1],"52":[1],"53":[1],"54":[2],"55":[1],"56":[1],"57":[1],"58":[1],"59":[1],"60":[1],"61":[0],"62":[0],"63":[1],"64":[4],"65":[1],"66":[3],"67":[2],"68":[1],"69":[0],"70":[3],"71":[2],"72":[2],"73":[1],"74":[2],"75":[1],"76":[1],"77":[1],"78":[1],"79":[2],"80":[1],"81":[1],"82":[1],"83":[1],"84":[1],"85":[3]},"fnMap":{"0":{"name":"toTranslationMap","decl":{"start":{"line":12,"column":0},"end":{"line":14,"column":1}},"loc":{"start":{"line":12,"column":0},"end":{"line":14,"column":1}},"line":12},"1":{"name":"withTranslations","decl":{"start":{"line":17,"column":0},"end":{"line":19,"column":1}},"loc":{"start":{"line":17,"column":0},"end":{"line":19,"column":1}},"line":17},"2":{"name":"setTranslation","decl":{"start":{"line":25,"column":7},"end":{"line":39,"column":1}},"loc":{"start":{"line":25,"column":7},"end":{"line":39,"column":1}},"line":25},"3":{"name":"getTranslations","decl":{"start":{"line":41,"column":7},"end":{"line":46,"column":1}},"loc":{"start":{"line":41,"column":7},"end":{"line":46,"column":1}
[...]
},"end":{"line":6,"column":42}},"7":{"start":{"line":8,"column":0},"end":{"line":8,"column":78}},"8":{"start":{"line":9,"column":0},"end":{"line":9,"column":12}},"9":{"start":{"line":10,"column":0},"end":{"line":10,"column":78}},"11":{"start":{"line":12,"column":0},"end":{"line":12,"column":3}},"12":{"start":{"line":13,"column":0},"end":{"line":13,"column":53}},"13":{"start":{"line":14,"column":0},"end":{"line":14,"column":19}},"14":{"start":{"line":15,"column":0},"end":{"line":15,"column":3}},"15":{"start":{"line":16,"column":0},"end":{"line":16,"column":27}},"16":{"start":{"line":17,"column":0},"end":{"line":17,"column":14}},"17":{"start":{"line":18,"column":0},"end":{"line":18,"column":18}},"18":{"start":{"line":19,"column":0},"end":{"line":19,"column":29}},"19":{"start":{"line":20,"column":0},"end":{"line":20,"column":20}},"20":{"start":{"line":21,"column":0},"end":{"line":21,"column":17}},"21":{"start":{"line":22,"column":0},"end":{"line":22,"column":17}},"22":{"start":{"line":23,"column":0},"end":{"line":23,"column":26}},"23":{"start":{"line":24,"column":0},"end":{"line":24,"column":22}},"24":{"start":{"line":25,"column":0},"end":{"line":25,"column":18}},"25":{"start":{"line":26,"column":0},"end":{"line":26,"column":18}},"26":{"start":{"line":27,"column":0},"end":{"line":27,"column":2}},"28":{"start":{"line":29,"column":0},"end":{"line":29,"column":53}},"29":{"start":{"line":30,"column":0},"end":{"line":30,"column":64}},"31":{"start":{"line":32,"column":0},"end":{"line":32,"column":61}},"32":{"start":{"line":33,"column":0},"end":{"line":33,"column":29}},"33":{"start":{"line":34,"column":0},"end":{"line":34,"column":11}},"34":{"start":{"line":35,"column":0},"end":{"line":35,"column":13}},"35":{"start":{"line":36,"column":0},"end":{"line":36,"column":16}},"36":{"start":{"line":37,"column":0},"end":{"line":37,"column":17}},"37":{"start":{"line":38,"column":0},"end":{"line":38,"column":13}},"38":{"start":{"line":39,"column":0},"end":{"line":39,"column":19}},"39":{"start":{"line":40,"column":0},"end":{"line":40,"column":17}},"40":{"start":{"line":41,"column":0},"end":{"line":41,"column":2}},"42":{"start":{"line":43,"column":0},"end":{"line":43,"column":78}},"43":{"start":{"line":44,"column":0},"end":{"line":44,"column":27}},"44":{"start":{"line":45,"column":0},"end":{"line":45,"column":78}},"46":{"start":{"line":47,"column":0},"end":{"line":47,"column":64}},"47":{"start":{"line":48,"column":0},"end":{"line":48,"column":28}},"49":{"start":{"line":50,"column":0},"end":{"line":50,"column":78}},"50":{"start":{"line":51,"column":0},"end":{"line":51,"column":14}},"51":{"start":{"line":52,"column":0},"end":{"line":52,"column":78}},"53":{"start":{"line":54,"column":0},"end":{"line":54,"column":3}},"54":{"start":{"line":55,"column":0},"end":{"line":55,"column":44}},"55":{"start":{"line":56,"column":0},"end":{"line":56,"column":64}},"56":{"start":{"line":57,"column":0},"end":{"line":57,"column":2}},"57":{"start":{"line":58,"column":0},"end":{"line":58,"column":27}},"58":{"start":{"line":59,"column":0},"end":{"line":59,"column":44}},"59":{"start":{"line":60,"column":0},"end":{"line":60,"column":3}},"60":{"start":{"line":61,"column":0},"end":{"line":61,"column":39}},"61":{"start":{"line":62,"column":0},"end":{"line":62,"column":58}},"62":{"start":{"line":63,"column":0},"end":{"line":63,"column":75}},"63":{"start":{"line":64,"column":0},"end":{"line":64,"column":3}},"65":{"start":{"line":66,"column":0},"end":{"line":66,"column":40}},"66":{"start":{"line":67,"column":0},"end":{"line":67,"column":27}},"67":{"start":{"line":68,"column":0},"end":{"line":68,"column":22}},"68":{"start":{"line":69,"column":0},"end":{"line":69,"column":68}},"69":{"start":{"line":70,"column":0},"end":{"line":70,"column":8}},"70":{"start":{"line":71,"column":0},"end":{"line":71,"column":5}},"71":{"start":{"line":72,"column":0},"end":{"line":72,"column":3}},"73":{"start":{"line":74,"column":0},"end":{"line":74,"column":41}},"74":{"start":{"line":75,"column":0},"end":{"line":75,"column":50}},"75":{"start":{"line":76,"column":0},"end":{"line":76,"column":73}},"76":{"start":{"line":77,"column":0},"end":{"line":77,"column":22}},"77":{"start":{"line":78,"column":0},"end":{"line":78,"column":75}},"78":{"start":{"line":79,"column":0},"end":{"line":79,"column":8}},"79":{"start":{"line":80,"column":0},"end":{"line":80,"column":5}},"80":{"start":{"line":81,"column":0},"end":{"line":81,"column":3}},"82":{"start":{"line":83,"column":0},"end":{"line":83,"column":43}},"83":{"start":{"line":84,"column":0},"end":{"line":84,"column":41}},"84":{"start":{"line":85,"column":0},"end":{"line":85,"column":22}},"85":{"start":{"line":86,"column":0},"end":{"line":86,"column":82}},"86":{"start":{"line":87,"column":0},"end":{"line":87,"column":8}},"87":{"start":{"line":88,"column":0},"end":{"line":88,"column":5}},"88":{"start":{"line":89,"column":0},"end":{"line":89,"column":3}},"90":{"start":{"line":91,"column":0},"end":{"line":91,"column":18}},"91":{"start":{"line":92,"column":0},"end":{"line":92,"column":1}},"93":{"start":{"line":94,"column":0},"end":{"line":94,"column":78}},"94":{"start":{"line":95,"column":0},"end":{"line":95,"column":16}},"95":{"start":{"line":96,"column":0},"end":{"line":96,"column":78}},"97":{"start":{"line":98,"column":0},"end":{"line":98,"column":3}},"98":{"start":{"line":99,"column":0},"end":{"line":99,"column":72}},"99":{"start":{"line":100,"column":0},"end":{"line":100,"column":62}},"100":{"start":{"line":101,"column":0},"end":{"line":101,"column":2}},"101":{"start":{"line":102,"column":0},"end":{"line":102,"column":27}},"102":{"start":{"line":103,"column":0},"end":{"line":103,"column":43}},"103":{"start":{"line":104,"column":0},"end":{"line":104,"column":3}},"104":{"start":{"line":105,"column":0},"end":{"line":105,"column":41}},"105":{"start":{"line":106,"column":0},"end":{"line":106,"column":42}},"106":{"start":{"line":107,"column":0},"end":{"line":107,"column":41}},"107":{"start":{"line":108,"column":0},"end":{"line":108,"column":61}},"108":{"start":{"line":109,"column":0},"end":{"line":109,"column":19}},"109":{"start":{"line":110,"column":0},"end":{"line":110,"column":1}},"111":{"start":{"line":112,"column":0},"end":{"line":112,"column":78}},"112":{"start":{"line":113,"column":0},"end":{"line":113,"column":21}},"113":{"start":{"line":114,"column":0},"end":{"line":114,"column":78}},"115":{"start":{"line":116,"column":0},"end":{"line":116,"column":3}},"116":{"start":{"line":117,"column":0},"end":{"line":117,"column":66}},"117":{"start":{"line":118,"column":0},"end":{"line":118,"column":78}},"118":{"start":{"line":119,"column":0},"end":{"line":119,"column":2}},"119":{"start":{"line":120,"column":0},"end":{"line":120,"column":69}},"120":{"start":{"line":121,"column":0},"end":{"line":121,"column":3}},"121":{"start":{"line":122,"column":0},"end":{"line":122,"column":44}},"122":{"start":{"line":123,"column":0},"end":{"line":123,"column":40}},"123":{"start":{"line":124,"column":0},"end":{"line":124,"column":19}},"124":{"start":{"line":125,"column":0},"end":{"line":125,"column":17}},"125":{"start":{"line":126,"column":0},"end":{"line":126,"column":51}},"126":{"start":{"line":127,"column":0},"end":{"line":127,"column":38}},"127":{"start":{"line":128,"column":0},"end":{"line":128,"column":9}},"128":{"start":{"line":129,"column":0},"end":{"line":129,"column":32}},"129":{"start":{"line":130,"column":0},"end":{"line":130,"column":6}},"130":{"start":{"line":131,"column":0},"end":{"line":131,"column":17}},"131":{"start":{"line":132,"column":0},"end":{"line":132,"column":4}},"133":{"start":{"line":134,"column":0},"end":{"line":134,"column":28}},"135":{"start":{"line":136,"column":0},"end":{"line":136,"column":40}},"136":{"start":{"line":137,"column":0},"end":{"line":137,"column":1}},"138":{"start":{"line":139,"column":0},"end":{"line":139,"column":78}},"139":{"start":{"line":140,"column":0},"end":{"line":140,"column":25}},"140":{"start":{"line":141,"column":0},"end":{"line":141,"column":78}},"142":{"start":{"line":143,"column":0},"end":{"line":143,"column":3}},"143":{"start":{"line":144,"column":0},"end":{"line":144,"column":54}},"144":{"start":{"line":145,"column":0},"end":{"line":145,"column":2}},"145":{"start":{"line":146,"column":0},"end":{"line":146,"column":56}},"146":{"start":{"line":147,"column":0},"end":{"line":147,"column":63}},"147":{"start":{"line":148,"column":0},"end":{"line":148,"column":3}},"148":{"start":{"line":149,"column":0},"end":{"line":149,"column":52}},"149":{"start":{"line":150,"column":0},"end":{"line":150,"column":43}},"150":{"start":{"line":151,"column":0},"end":{"line":151,"column":26}},"151":{"start":{"line":152,"column":0},"end":{"line":152,"column":40}},"152":{"start":{"line":153,"column":0},"end":{"line":153,"column":1}},"154":{"start":{"line":155,"column":0},"end":{"line":155,"column":78}},"155":{"start":{"line":156,"column":0},"end":{"line":156,"column":16}},"156":{"start":{"line":157,"column":0},"end":{"line":157,"column":78}},"158":{"start":{"line":159,"column":0},"end":{"line":159,"column":3}},"159":{"start":{"line":160,"column":0},"end":{"line":160,"column":62}},"160":{"start":{"line":161,"column":0},"end":{"line":161,"column":71}},"161":{"start":{"line":162,"column":0},"end":{"line":162,"column":73}},"162":{"start":{"line":163,"column":0},"end":{"line":163,"column":2}},"163":{"start":{"line":164,"column":0},"end":{"line":164,"column":73}},"164":{"start":{"line":165,"column":0},"end":{"line":165,"column":2}},"165":{"start":{"line":166,"column":0},"end":{"line":166,"column":28}},"166":{"start":{"line":167,"column":0},"end":{"line":167,"column":70}},"167":{"start":{"line":168,"column":0},"end":{"line":168,"column":3}},"168":{"start":{"line":169,"column":0},"end":{"line":169,"column":48}},"169":{"start":{"line":170,"column":0},"end":{"line":170,"column":66}},"170":{"start":{"line":171,"column":0},"end":{"line":171,"column":24}},"171":{"start":{"line":172,"column":0},"end":{"line":172,"column":26}},"172":{"start":{"line":173,"column":0},"end":{"line":173,"column":17}},"173":{"start":{"line":174,"column":0},"end":{"line":174,"column":51}},"174":{"start":{"line":175,"column":0},"end":{"line":175,"column":38}},"175":{"start":{"line":176,"column":0},"end":{"line":176,"column":9}},"176":{"start":{"line":177,"column":0},"end":{"line":177,"column":11}},"177":{"start":{"line":178,"column":0},"end":{"line":178,"column":55}},"178":{"start":{"line":179,"column":0},"end":{"line":179,"column":15}},"179":{"start":{"line":180,"column":0},"end":{"line":180,"column":18}},"180":{"start":{"line":181,"column":0},"end":{"line":181,"column":7}},"181":{"start":{"line":182,"column":0},"end":{"line":182,"column":6}},"182":{"start":{"line":183,"column":0},"end":{"line":183,"column":17}},"183":{"start":{"line":184,"column":0},"end":{"line":184,"column":4}},"185":{"start":{"line":186,"column":0},"end":{"line":186,"column":76}},"186":{"start":{"line":187,"column":0},"end":{"line":187,"column":12}},"187":{"start":{"line":188,"column":0},"end":{"line":188,"column":1}},"189":{"start":{"line":190,"column":0},"end":{"line":190,"column":78}},"190":{"start":{"line":191,"column":0},"end":{"line":191,"column":33}},"191":{"start":{"line":192,"column":0},"end":{"line":192,"column":78}},"193":{"start":{"line":194,"column":0},"end":{"line":194,"column":61}},"194":{"start":{"line":195,"column":0},"end":{"line":195,"column":35}},"195":{"start":{"line":196,"column":0},"end":{"line":196,"column":20}},"196":{"start":{"line":197,"column":0},"end":{"line":197,"column":1}},"198":{"start":{"line":199,"column":0},"end":{"line":199,"column":69}}},"s":{"0":1,"1":1,"3":1,"4":1,"5":1,"7":1,"8":1,"9":1,"11":1,"12":1,"13":1,"14":1,"15":1,"16":1,"17":1,"18":1,"19":1,"20":1,"21":1,"22":1,"23":1,"24":1,"25":1,"26":1,"28":1,"29":1,"31":1,"32":1,"33":1,"34":1,"35":1,"36":1,"37":1,"38":1,"39":1,"40":1,"42":1,"43":1,"44":1,"46":1,"47":1,"49":1,"50":1,"51":1,"53":1,"54":1,"55":1,"56":1,"57":1,"58":1,"59":1,"60":1,"61":23,"62":3,"63":3,"65":23,"66":68,"67":7,"68":7,"69":7,"70":7,"71":68,"73":13,"74":23,"75":37,"76":1,"77":1,"78":1,"79":1,"80":37,"82":23,"83":63,"84":7,"85":7,"86":7,"87":7,"88":63,"90":5,"91":5,"93":1,"94":1,"95":1,"97":1,"98":1,"99":1,"100":1,"101":1,"102":1,"103":1,"104":1,"105":3,"106":3,"107":3,"108":3,"109":3,"111":1,"112":1,"113":1,"115":1,"116":1,"117":1,"118":1,"119":1,"120":1,"121":1,"122":6,"123":6,"124":6,"125":6,"126":6,"127":6,"128":6,"129":6,"130":6,"131":6,"133":6,"135":6,"136":6,"138":1,"139":1,"140":1,"142":1,"143":1,"144":1,"145":1,"146":1,"147":1,"148":1,"149":3,"150":3,"151":3,"152":3,"154":1,"155":1,"156":1,"158":1,"159":1,"160":1,"161":1,"162":1,"163":1,"164":1,"165":1,"166":1,"167":1,"168":1,"169":11,"170":11,"171":11,"172":11,"173":11,"174":11,"175":11,"176":11,"177":11,"178":11,"179":0,"180":0,"181":11,"182":11,"183":11,"185":11,"186":11,"187":11,"189":1,"190":1,"191":1,"193":1,"194":1,"195":6,"196":6,"198":1},"branchMap":{"0":{"type":"branch","line":61,"loc":{"start":{"line":61,"column":7},"end":{"line":92,"column":1}},"locations":[{"start":{"line":61,"column":7},"end":{"line":92,"column":1}}]},"1":{"type":"branch","line":62,"loc":{"start":{"line":62,"column":24},"end":{"line":62,"column":55}},"locations":[{"start":{"line":62,"column":24},"end":{"line":62,"column":55}}]},"2":{"type":"branch","line":62,"loc":{"start":{"line":62,"column":57},"end":{"line":64,"column":3}},"locations":[{"start":{"line":62,"column":57},"end":{"line":64,"column":3}}]},"3":{"type":"branch","line":64,"loc":{"start":{"line":64,"column":2},"end":{"line":66,"column":39}},"locations":[{"start":{"line":64,"column":2},"end":{"line":66,"column":39}}]},"4":{"type":"branch","line":66,"loc":{"start":{"line":66,"column":39},"end":{"line":72,"column":3}},"locations":[{"start":{"line":66,"column":39},"end":{"line":72,"column":3}}]},"5":{"type":"branch","line":67,"loc":{"start":{"line":67,"column":26},"end":{"line":71,"column":5}},"locations":[{"start":{"line":67,"column":26},"end":{"line":71,"column":5}}]},"6":{"type":"branch","line":72,"loc":{"start":{"line":72,"column":2},"end":{"line":75,"column":49}},"locations":[{"start":{"line":72,"column":2},"end":{"line":75,"column":49}}]},"7":{"type":"branch","line":75,"loc":{"start":{"line":75,"column":49},"end":{"line":81,"column":3}},"locations":[{"start":{"line":75,"column":49},"end":{"line":81,"column":3}}]},"8":{"type":"branch","line":76,"loc":{"start":{"line":76,"column":72},"end":{"line":80,"column":5}},"locations":[{"start":{"line":76,"column":72},"end":{"line":80,"column":5}}]},"9":{"type":"branch","line":81,"loc":{"start":{"line":81,"column":2},"end":{"line":83,"column":42}},"locations":[{"start":{"line":81,"column":2},"end":{"line":83,"column":42}}]},"10":{"type":"branch","line":83,"loc":{"start":{"line":83,"column":42},"end":{"line":89,"column":3}},"locations":[{"start":{"line":83,"column":42},"end":{"line":89,"column":3}}]},"11":{"type":"branch","line":84,"loc":{"start":{"line":84,"column":40},"end":{"line":88,"column":5}},"locations":[{"start":{"line":84,"column":40},"end":{"line":88,"column":5}}]},"12":{"type":"branch","line":89,"loc":{"start":{"line":89,"column":2},"end":{"line":92,"column":1}},"locations":[{"start":{"line":89,"column":2},"end":{"line":92,"column":1}}]},"13":{"type":"branch","line":105,"loc":{"start":{"line":105,"column":7},"end":{"line":110,"column":1}},"locations":[{"start":{"line":105,"column":7},"end":{"line":110,"column":1}}]},"14":{"type":"branch","line":122,"loc":{"start":{"line":122,"column":7},"end":{"line":137,"column":1}},"locations":[{"start":{"line":122,"column":7},"end":{"line":137,"column":1}}]},"15":{"type":"branch","line":134,"loc":{"start":{"line":134,"column":16},"end":{"line":134,"column":28}},"locations":[{"start":{"line":134,"column":16},"end":{"line":134,"column":28}}]},"16":{"type":"branch","line":134,"loc":{"start":{"line":134,"column":27},"end":{"line":136,"column":32}},"locations":[{"start":{"line":134,"column":27},"end":{"line":136,"column":32}}]},"17":{"type":"branch","line":136,"loc":{"start":{"line":136,"column":32},"end":{"line":136,"column":39}},"locations":[{"start":{"line":136,"column":32},"end":{"line":136,"column":39}}]},"18":{"type":"branch","line":125,"loc":{"start":{"line":125,"column":4},"end":{"line":130,"column":5}},"locations":[{"start":{"line":125,"column":4},"end":{"line":130,"column":5}}]},"19":{"type":"branch","line":129,"loc":{"start":{"line":129,"column":16},"end":{"line":129,"column":23}},"locations":[{"start":{"line":129,"column":16},"end":{"line":129,"column":23}}]},"20":{"type":"branch","line":129,"loc":{"start":{"line":129,"column":24},"end":{"line":129,"column":31}},"locations":[{"start":{"line":129,"column":24},"end":{"line":129,"column":31}}]},"21":{"type":"branch","line":149,"loc":{"start":{"line":149,"column":7},"end":{"line":153,"column":1}},"locations":[{"start":{"line":149,"column":7},"end":{"line":153,"column":1}}]},"22":{"type":"branch","line":151,"loc":{"start":{"line":151,"column":14},"end":{"line":151,"column":26}},"locations":[{"start":{"line":151,"column":14},"end":{"line":151,"column":26}}]},"23":{"type":"branch","line":151,"loc":{"start":{"line":151,"column":25},"end":{"line":152,"column":32}},"locations":[{"start":{"line":151,"column":25},"end":{"line":152,"column":32}}]},"24":{"type":"branch","line":152,"loc":{"start":{"line":152,"column":32},"end":{"line":152,"column":39}},"locations":[{"start":{"line":152,"column":32},"end":{"line":152,"column":39}}]},"25":{"type":"branch","line":169,"loc":{"start":{"line":169,"column":7},"end":{"line":188,"column":1}},"locations":[{"start":{"line":169,"column":7},"end":{"line":188,"column":1}}]},"26":{"type":"branch","line":173,"loc":{"start":{"line":173,"column":4},"end":{"line":182,"column":5}},"locations":[{"start":{"line":173,"column":4},"end":{"line":182,"column":5}}]},"27":{"type":"branch","line":178,"loc":{"start":{"line":178,"column":18},"end":{"line":178,"column":25}},"locations":[{"start":{"line":178,"column":18},"end":{"line":178,"column":25}}]},"28":{"type":"branch","line":178,"loc":{"start":{"line":178,"column":26},"end":{"line":178,"column":49}},"locations":[{"start":{"line":178,"column":26},"end":{"line":178,"column":49}}]},"29":{"type":"branch","line":179,"loc":{"start":{"line":179,"column":8},"end":{"line":181,"column":7}},"locations":[{"start":{"line":179,"column":8},"end":{"line":181,"column":7}}]},"30":{"type":"branch","line":195,"loc":{"start":{"line":195,"column":7},"end":{"line":197,"column":1}},"locations":[{"start":{"line":195,"column":7},"end":{"line":197,"column":1}}]}},"b":{"0":[23],"1":[22],"2":[3],"3":[20],"4":[68],"5":[7],"6":[13],"7":[37],"8":[1],"9":[12],"10":[63],"11":[7],"12":[5],"13":[3],"14":[6],"15":[2],"16":[4],"17":[1],"18":[6],"19":[4],"20":[2],"21":[3],"22":[1],"23":[2],"24":[1],"25":[11],"26":[11],"27":[0],"28":[0],"29":[0],"30":[6]},"fnMap":{"0":{"name":"defineTheme","decl":{"start":{"line":61,"column":7},"end":{"line":92,"column":1}},"loc":{"start":{"line":61,"column":7},"end":{"line":92,"column":1}},"line":61},"1":{"name":"registerTheme","decl":{"start":{"line":105,"column":7},"end":{"line":110,"column":1}},"loc":{"start":{"line":105,"column":7},"end":{"line":110,"column":1}},"line":105},"2":{"name":"resolveActiveTheme","decl":{"start":{"line":122,"column":7},"end":{"line":137,"column":1}},"loc":{"start":{"line":122,"column":7},"end":{"line":137,"column":1}},"line":122},"3":{"name":"getStorefrontComponent","decl":{"start":{"line":149,"column":7},"end":{"line":153,"column":1}},"loc":{"start":{"line":149,"column":7},"end":{"line":153,"column":1}},"line":149},"4":{"name":"getSlotBlocks","decl":{"start":{"line":169,"column":7},"end":{"line":188,"column":1}},"loc":{"start":{"line":169,"column":7},"end":{"line":188,"column":1}},"line":169},"5":{"name":"__resetRegistry","decl":{"start":{"line":195,"column":7},"end":{"line":197,"column":1}},"loc":{"start":{"line":195,"column":7},"end":{"line":197,"column":1}},"line":195}},"f":{"0":23,"1":3,"2":6,"3":3,"4":11,"5":6}}
}
