{
  "/Users/cvgellhorn/dev/bermooda/app/core/index.js": {
    "path": "/Users/cvgellhorn/dev/bermooda/app/core/index.js",
    "all": true,
    "statementMap": {
      "0": {
        "start": { "line": 1, "column": 0 },
        "end": { "line": 1, "column": 20 }
      },
      "1": {
        "start": { "line": 2, "column": 0 },
        "end": { "line": 2, "column": 75 }
      },
      "2": {
        "start": { "line": 3, "column": 0 },
        "end": { "line": 3, "column": 63 }
      },
      "4": {
        "start": { "line": 5, "column": 0 },
        "end": { "line": 5, "column": 78 }
      },
      "6": {
        "start": { "line": 7, "column": 0 },
        "end": { "line": 7, "column": 3 }
      },
      "7": {
        "start": { "line": 8, "column": 0 },
        "end": { "line": 8, "column": 73 }
      },
      "8": {
        "start": { "line": 9, "column": 0 },
        "end": { "line": 9, "column": 71 }
      },
      "9": {
        "start": { "line": 10, "column": 0 },
        "end": { "line": 10, "column": 50 }
      },
      "10": {
        "start": { "line": 11, "column": 0 },
        "end": { "line": 11, "column": 3 }
      },
      "11": {
        "start": { "line": 12, "column": 0 },
        "end": { "line": 12, "column": 27 }
      },
      "12": {
        "start": { "line": 13, "column": 0 },
        "end": { "line": 13, "column": 43 }
      },
      "13": {
        "start": { "line": 14, "column": 0 },
        "end": { "line": 14, "column": 1 }
      },
      "15": {
        "start": { "line": 16, "column": 0 },
        "end": { "line": 16, "column": 3 }
      },
      "16": {
        "start": { "line": 17, "column": 0 },
        "end": { "line": 17, "column": 56 }
      },
      "17": {
        "start": { "line": 18, "column": 0 },
        "end": { "line": 18, "column": 67 }
      },
      "18": {
        "start": { "line": 19, "column": 0 },
        "end": { "line": 19, "column": 71 }
      },
      "19": {
        "start": { "line": 20, "column": 0 },
        "end": { "line": 20, "column": 3 }
      },
      "20": {
        "start": { "line": 21, "column": 0 },
        "end": { "line": 21, "column": 24 }
      },
      "21": {
        "start": { "line": 22, "column": 0 },
        "end": { "line": 22, "column": 22 }
      },
      "22": {
        "start": { "line": 23, "column": 0 },
        "end": { "line": 23, "column": 1 }
      },
      "24": {
        "start": { "line": 25, "column": 0 },
        "end": { "line": 25, "column": 78 }
      },
      "26": {
        "start": { "line": 27, "column": 0 },
        "end": { "line": 27, "column": 69 }
      },
      "27": {
        "start": { "line": 28, "column": 0 },
        "end": { "line": 28, "column": 79 }
      },
      "28": {
        "start": { "line": 29, "column": 0 },
        "end": { "line": 29, "column": 15 }
      },
      "29": {
        "start": { "line": 30, "column": 0 },
        "end": { "line": 30, "column": 4 }
      },
      "30": {
        "start": { "line": 31, "column": 0 },
        "end": { "line": 31, "column": 1 }
      },
      "32": {
        "start": { "line": 33, "column": 0 },
        "end": { "line": 33, "column": 78 }
      },
      "34": {
        "start": { "line": 35, "column": 0 },
        "end": { "line": 35, "column": 77 }
      },
      "35": {
        "start": { "line": 36, "column": 0 },
        "end": { "line": 36, "column": 49 }
      },
      "36": {
        "start": { "line": 37, "column": 0 },
        "end": { "line": 37, "column": 26 }
      },
      "37": {
        "start": { "line": 38, "column": 0 },
        "end": { "line": 38, "column": 1 }
      },
      "39": {
        "start": { "line": 40, "column": 0 },
        "end": { "line": 40, "column": 78 }
      },
      "41": {
        "start": { "line": 42, "column": 0 },
        "end": { "line": 42, "column": 26 }
      },
      "42": {
        "start": { "line": 43, "column": 0 },
        "end": { "line": 43, "column": 52 }
      },
      "43": {
        "start": { "line": 44, "column": 0 },
        "end": { "line": 44, "column": 22 }
      },
      "44": {
        "start": { "line": 45, "column": 0 },
        "end": { "line": 45, "column": 24 }
      },
      "45": {
        "start": { "line": 46, "column": 0 },
        "end": { "line": 46, "column": 58 }
      },
      "46": {
        "start": { "line": 47, "column": 0 },
        "end": { "line": 47, "column": 7 }
      },
      "47": {
        "start": { "line": 48, "column": 0 },
        "end": { "line": 48, "column": 11 }
      },
      "48": {
        "start": { "line": 49, "column": 0 },
        "end": { "line": 49, "column": 2 }
      },
      "50": {
        "start": { "line": 51, "column": 0 },
        "end": { "line": 51, "column": 78 }
      },
      "52": {
        "start": { "line": 53, "column": 0 },
        "end": { "line": 53, "column": 20 }
      },
      "53": {
        "start": { "line": 54, "column": 0 },
        "end": { "line": 54, "column": 81 }
      },
      "54": {
        "start": { "line": 55, "column": 0 },
        "end": { "line": 55, "column": 71 }
      },
      "55": {
        "start": { "line": 56, "column": 0 },
        "end": { "line": 56, "column": 97 }
      },
      "56": {
        "start": { "line": 57, "column": 0 },
        "end": { "line": 57, "column": 20 }
      },
      "57": {
        "start": { "line": 58, "column": 0 },
        "end": { "line": 58, "column": 13 }
      },
      "58": {
        "start": { "line": 59, "column": 0 },
        "end": { "line": 59, "column": 19 }
      },
      "59": {
        "start": { "line": 60, "column": 0 },
        "end": { "line": 60, "column": 23 }
      },
      "60": {
        "start": { "line": 61, "column": 0 },
        "end": { "line": 61, "column": 43 }
      },
      "61": {
        "start": { "line": 62, "column": 0 },
        "end": { "line": 62, "column": 5 }
      },
      "62": {
        "start": { "line": 63, "column": 0 },
        "end": { "line": 63, "column": 91 }
      },
      "63": {
        "start": { "line": 64, "column": 0 },
        "end": { "line": 64, "column": 18 }
      },
      "64": {
        "start": { "line": 65, "column": 0 },
        "end": { "line": 65, "column": 13 }
      },
      "65": {
        "start": { "line": 66, "column": 0 },
        "end": { "line": 66, "column": 31 }
      },
      "66": {
        "start": { "line": 67, "column": 0 },
        "end": { "line": 67, "column": 21 }
      },
      "67": {
        "start": { "line": 68, "column": 0 },
        "end": { "line": 68, "column": 29 }
      },
      "68": {
        "start": { "line": 69, "column": 0 },
        "end": { "line": 69, "column": 5 }
      },
      "69": {
        "start": { "line": 70, "column": 0 },
        "end": { "line": 70, "column": 2 }
      }
    },
    "s": {
      "0": 0,
      "1": 0,
      "2": 0,
      "4": 0,
      "6": 0,
      "7": 0,
      "8": 0,
      "9": 0,
      "10": 0,
      "11": 0,
      "12": 0,
      "13": 0,
      "15": 0,
      "16": 0,
      "17": 0,
      "18": 0,
      "19": 0,
      "20": 0,
      "21": 0,
      "22": 0,
      "24": 0,
      "26": 0,
      "27": 0,
      "28": 0,
      "29": 0,
      "30": 0,
      "32": 0,
      "34": 0,
      "35": 0,
      "36": 0,
      "37": 0,
      "39": 0,
      "41": 0,
      "42": 0,
      "43": 0,
      "44": 0,
      "45": 0,
      "46": 0,
      "47": 0,
      "48": 0,
      "50": 0,
      "52": 0,
      "53": 0,
      "54": 0,
      "55": 0,
      "56": 0,
      "57": 0,
      "58": 0,
      "59": 0,
      "60": 0,
      "61": 0,
      "62": 0,
      "63": 0,
      "64": 0,
      "65": 0,
      "66": 0,
      "67": 0,
      "68": 0,
      "69": 0
    },
    "branchMap": {
      "0": {
        "type": "branch",
        "line": 1,
        "loc": {
          "start": { "line": 1, "column": 2260 },
          "end": { "line": 70, "column": 2 }
        },
        "locations": [
          {
            "start": { "line": 1, "column": 2260 },
            "end": { "line": 70, "column": 2 }
          }
        ]
      }
    },
    "b": { "0": [0] },
    "fnMap": {
      "0": {
        "name": "(empty-report)",
        "decl": {
          "start": { "line": 1, "column": 2260 },
          "end": { "line": 70, "column": 2 }
        },
        "loc": {
          "start": { "line": 1, "column": 2260 },
          "end": { "line": 70, "column": 2 }
        },
        "line": 1
      }
    },
    "f": { "0": 0 }
  },
  "/Users/cvgellhorn/dev/bermooda/app/core/cart/index.server.js": {
    "path": "/Users/cvgellhorn/dev/bermooda/app/core/cart/index.server.js",
    "all": true,
    "statementMap": {
      "0": {
        "start": { "line": 1, "column": 0 },
        "end": { "line": 1, "column": 32 }
      },
      "1": {
        "start": { "line": 2, "column": 0 },
        "end": { "line": 2, "column": 61 }
      },
      "3": {
        "start": { "line": 4, "column": 0 },
        "end": { "line": 4, "column": 23 }
      }
    },
    "s": { "0": 0, "1": 0, "3": 0 },
    "branchMap": {
      "0": {
        "type": "branch",
        "line": 1,
        "loc": {
          "start": { "line": 1, "column": 119 },
          "end": { "line": 4, "column": 23 }
        },
        "locations": [
          {
            "start": { "line": 1, "column": 119 },
            "end": { "line": 4, "column": 23 }
          }
        ]
      }
    },
    "b": { "0": [0] },
    "fnMap": {
      "0": {
        "name": "(empty-report)",
        "decl": {
          "start": { "line": 1, "column": 119 },
          "end": { "line": 4, "column": 23 }
        },
        "loc": {
          "start": { "line": 1, "column": 119 },
          "end": { "line": 4, "column": 23 }
        },
        "line": 1
      }
    },
    "f": { "0": 0 }
  },
  "/Users/cvgellhorn/dev/bermooda/app/core/catalog/index.server.js": {
    "path": "/Users/cvgellhorn/dev/bermooda/app/core/catalog/index.server.js",
    "all": true,
    "statementMap": {
      "0": {
        "start": { "line": 1, "column": 0 },
        "end": { "line": 1, "column": 35 }
      },
      "1": {
        "start": { "line": 2, "column": 0 },
        "end": { "line": 2, "column": 60 }
      },
      "3": {
        "start": { "line": 4, "column": 0 },
        "end": { "line": 4, "column": 26 }
      }
    },
    "s": { "0": 0, "1": 0, "3": 0 },
    "branchMap": {
      "0": {
        "type": "branch",
        "line": 1,
        "loc": {
          "start": { "line": 1, "column": 124 },
          "end": { "line": 4, "column": 26 }
        },
        "locations": [
          {
            "start": { "line": 1, "column": 124 },
            "end": { "line": 4, "column": 26 }
          }
        ]
      }
    },
    "b": { "0": [0] },
    "fnMap": {
      "0": {
        "name": "(empty-report)",
        "decl": {
          "start": { "line": 1, "column": 124 },
          "end": { "line": 4, "column": 26 }
        },
        "loc": {
          "start": { "line": 1, "column": 124 },
          "end": { "line": 4, "column": 26 }
        },
        "line": 1
      }
    },
    "f": { "0": 0 }
  },
  "/Users/cvgellhorn/dev/bermooda/app/core/checkout/index.server.js": {
    "path": "/Users/cvgellhorn/dev/bermooda/app/core/checkout/index.server.js",
    "all": true,
    "statementMap": {
      "0": {
        "start": { "line": 1, "column": 0 },
        "end": { "line": 1, "column": 36 }
      },
      "1": {
        "start": { "line": 2, "column": 0 },
        "end": { "line": 2, "column": 60 }
      },
      "3": {
        "start": { "line": 4, "column": 0 },
        "end": { "line": 4, "column": 27 }
      }
    },
    "s": { "0": 0, "1": 0, "3": 0 },
    "branchMap": {
      "0": {
        "type": "branch",
        "line": 1,
        "loc": {
          "start": { "line": 1, "column": 126 },
          "end": { "line": 4, "column": 27 }
        },
        "locations": [
          {
            "start": { "line": 1, "column": 126 },
            "end": { "line": 4, "column": 27 }
          }
        ]
      }
    },
    "b": { "0": [0] },
    "fnMap": {
      "0": {
        "name": "(empty-report)",
        "decl": {
          "start": { "line": 1, "column": 126 },
          "end": { "line": 4, "column": 27 }
        },
        "loc": {
          "start": { "line": 1, "column": 126 },
          "end": { "line": 4, "column": 27 }
        },
        "line": 1
      }
    },
    "f": { "0": 0 }
  },
  "/Users/cvgellhorn/dev/bermooda/app/core/currency/index.server.js": {
    "path": "/Users/cvgellhorn/dev/bermooda/app/core/currency/index.server.js",
    "all": true,
    "statementMap": {
      "0": {
        "start": { "line": 1, "column": 0 },
        "end": { "line": 1, "column": 36 }
      },
      "1": {
        "start": { "line": 2, "column": 0 },
        "end": { "line": 2, "column": 61 }
      },
      "3": {
        "start": { "line": 4, "column": 0 },
        "end": { "line": 4, "column": 27 }
      }
    },
    "s": { "0": 0, "1": 0, "3": 0 },
    "branchMap": {
      "0": {
        "type": "branch",
        "line": 1,
        "loc": {
          "start": { "line": 1, "column": 127 },
          "end": { "line": 4, "column": 27 }
        },
        "locations": [
          {
            "start": { "line": 1, "column": 127 },
            "end": { "line": 4, "column": 27 }
          }
        ]
      }
    },
    "b": { "0": [0] },
    "fnMap": {
      "0": {
        "name": "(empty-report)",
        "decl": {
          "start": { "line": 1, "column": 127 },
          "end": { "line": 4, "column": 27 }
        },
        "loc": {
          "start": { "line": 1, "column": 127 },
          "end": { "line": 4, "column": 27 }
        },
        "line": 1
      }
    },
    "f": { "0": 0 }
  },
  "/Users/cvgellhorn/dev/bermooda/app/core/customers/index.server.js": {
    "path": "/Users/cvgellhorn/dev/bermooda/app/core/customers/index.server.js",
    "all": true,
    "statementMap": {
      "0": {
        "start": { "line": 1, "column": 0 },
        "end": { "line": 1, "column": 37 }
      },
      "1": {
        "start": { "line": 2, "column": 0 },
        "end": { "line": 2, "column": 54 }
      },
      "3": {
        "start": { "line": 4, "column": 0 },
        "end": { "line": 4, "column": 28 }
      }
    },
    "s": { "0": 0, "1": 0, "3": 0 },
    "branchMap": {
      "0": {
        "type": "branch",
        "line": 1,
        "loc": {
          "start": { "line": 1, "column": 122 },
          "end": { "line": 4, "column": 28 }
        },
        "locations": [
          {
            "start": { "line": 1, "column": 122 },
            "end": { "line": 4, "column": 28 }
          }
        ]
      }
    },
    "b": { "0": [0] },
    "fnMap": {
      "0": {
        "name": "(empty-report)",
        "decl": {
          "start": { "line": 1, "column": 122 },
          "end": { "line": 4, "column": 28 }
        },
        "loc": {
          "start": { "line": 1, "column": 122 },
          "end": { "line": 4, "column": 28 }
        },
        "line": 1
      }
    },
    "f": { "0": 0 }
  },
  "/Users/cvgellhorn/dev/bermooda/app/core/events/index.server.js": {
    "path": "/Users/cvgellhorn/dev/bermooda/app/core/events/index.server.js",
    "all": false,
    "statementMap": {
      "0": {
        "start": { "line": 1, "column": 0 },
        "end": { "line": 1, "column": 34 }
      },
      "1": {
        "start": { "line": 2, "column": 0 },
        "end": { "line": 2, "column": 60 }
      },
      "3": {
        "start": { "line": 4, "column": 0 },
        "end": { "line": 4, "column": 49 }
      },
      "5": {
        "start": { "line": 6, "column": 0 },
        "end": { "line": 6, "column": 38 }
      },
      "6": {
        "start": { "line": 7, "column": 0 },
        "end": { "line": 7, "column": 27 }
      },
      "8": {
        "start": { "line": 9, "column": 0 },
        "end": { "line": 9, "column": 3 }
      },
      "9": {
        "start": { "line": 10, "column": 0 },
        "end": { "line": 10, "column": 40 }
      },
      "10": {
        "start": { "line": 11, "column": 0 },
        "end": { "line": 11, "column": 45 }
      },
      "11": {
        "start": { "line": 12, "column": 0 },
        "end": { "line": 12, "column": 2 }
      },
      "12": {
        "start": { "line": 13, "column": 0 },
        "end": { "line": 13, "column": 64 }
      },
      "13": {
        "start": { "line": 14, "column": 0 },
        "end": { "line": 14, "column": 74 }
      },
      "14": {
        "start": { "line": 15, "column": 0 },
        "end": { "line": 15, "column": 3 }
      },
      "15": {
        "start": { "line": 16, "column": 0 },
        "end": { "line": 16, "column": 36 }
      },
      "16": {
        "start": { "line": 17, "column": 0 },
        "end": { "line": 17, "column": 29 }
      },
      "17": {
        "start": { "line": 18, "column": 0 },
        "end": { "line": 18, "column": 28 }
      },
      "18": {
        "start": { "line": 19, "column": 0 },
        "end": { "line": 19, "column": 3 }
      },
      "19": {
        "start": { "line": 20, "column": 0 },
        "end": { "line": 20, "column": 36 }
      },
      "20": {
        "start": { "line": 21, "column": 0 },
        "end": { "line": 21, "column": 1 }
      },
      "22": {
        "start": { "line": 23, "column": 0 },
        "end": { "line": 23, "column": 3 }
      },
      "23": {
        "start": { "line": 24, "column": 0 },
        "end": { "line": 24, "column": 56 }
      },
      "24": {
        "start": { "line": 25, "column": 0 },
        "end": { "line": 25, "column": 24 }
      },
      "25": {
        "start": { "line": 26, "column": 0 },
        "end": { "line": 26, "column": 82 }
      },
      "26": {
        "start": { "line": 27, "column": 0 },
        "end": { "line": 27, "column": 3 }
      },
      "27": {
        "start": { "line": 28, "column": 0 },
        "end": { "line": 28, "column": 37 }
      },
      "28": {
        "start": { "line": 29, "column": 0 },
        "end": { "line": 29, "column": 39 }
      },
      "29": {
        "start": { "line": 30, "column": 0 },
        "end": { "line": 30, "column": 24 }
      },
      "30": {
        "start": { "line": 31, "column": 0 },
        "end": { "line": 31, "column": 56 }
      },
      "31": {
        "start": { "line": 32, "column": 0 },
        "end": { "line": 32, "column": 29 }
      },
      "32": {
        "start": { "line": 33, "column": 0 },
        "end": { "line": 33, "column": 27 }
      },
      "33": {
        "start": { "line": 34, "column": 0 },
        "end": { "line": 34, "column": 10 }
      },
      "34": {
        "start": { "line": 35, "column": 0 },
        "end": { "line": 35, "column": 33 }
      },
      "35": {
        "start": { "line": 36, "column": 0 },
        "end": { "line": 36, "column": 3 }
      },
      "36": {
        "start": { "line": 37, "column": 0 },
        "end": { "line": 37, "column": 1 }
      },
      "38": {
        "start": { "line": 39, "column": 0 },
        "end": { "line": 39, "column": 3 }
      },
      "39": {
        "start": { "line": 40, "column": 0 },
        "end": { "line": 40, "column": 60 }
      },
      "40": {
        "start": { "line": 41, "column": 0 },
        "end": { "line": 41, "column": 2 }
      },
      "41": {
        "start": { "line": 42, "column": 0 },
        "end": { "line": 42, "column": 46 }
      },
      "42": {
        "start": { "line": 43, "column": 0 },
        "end": { "line": 43, "column": 2 }
      },
      "43": {
        "start": { "line": 44, "column": 0 },
        "end": { "line": 44, "column": 19 }
      },
      "44": {
        "start": { "line": 45, "column": 0 },
        "end": { "line": 45, "column": 70 }
      },
      "45": {
        "start": { "line": 46, "column": 0 },
        "end": { "line": 46, "column": 33 }
      },
      "46": {
        "start": { "line": 47, "column": 0 },
        "end": { "line": 47, "column": 78 }
      },
      "47": {
        "start": { "line": 48, "column": 0 },
        "end": { "line": 48, "column": 2 }
      },
      "48": {
        "start": { "line": 49, "column": 0 },
        "end": { "line": 49, "column": 41 }
      },
      "49": {
        "start": { "line": 50, "column": 0 },
        "end": { "line": 50, "column": 41 }
      },
      "50": {
        "start": { "line": 51, "column": 0 },
        "end": { "line": 51, "column": 3 }
      },
      "51": {
        "start": { "line": 52, "column": 0 },
        "end": { "line": 52, "column": 44 }
      },
      "52": {
        "start": { "line": 53, "column": 0 },
        "end": { "line": 53, "column": 76 }
      },
      "53": {
        "start": { "line": 54, "column": 0 },
        "end": { "line": 54, "column": 78 }
      },
      "54": {
        "start": { "line": 55, "column": 0 },
        "end": { "line": 55, "column": 74 }
      },
      "55": {
        "start": { "line": 56, "column": 0 },
        "end": { "line": 56, "column": 51 }
      },
      "56": {
        "start": { "line": 57, "column": 0 },
        "end": { "line": 57, "column": 50 }
      },
      "58": {
        "start": { "line": 59, "column": 0 },
        "end": { "line": 59, "column": 40 }
      },
      "59": {
        "start": { "line": 60, "column": 0 },
        "end": { "line": 60, "column": 21 }
      },
      "60": {
        "start": { "line": 61, "column": 0 },
        "end": { "line": 61, "column": 64 }
      },
      "61": {
        "start": { "line": 62, "column": 0 },
        "end": { "line": 62, "column": 29 }
      },
      "62": {
        "start": { "line": 63, "column": 0 },
        "end": { "line": 63, "column": 12 }
      },
      "63": {
        "start": { "line": 64, "column": 0 },
        "end": { "line": 64, "column": 11 }
      },
      "64": {
        "start": { "line": 65, "column": 0 },
        "end": { "line": 65, "column": 31 }
      },
      "65": {
        "start": { "line": 66, "column": 0 },
        "end": { "line": 66, "column": 21 }
      },
      "66": {
        "start": { "line": 67, "column": 0 },
        "end": { "line": 67, "column": 21 }
      },
      "67": {
        "start": { "line": 68, "column": 0 },
        "end": { "line": 68, "column": 25 }
      },
      "68": {
        "start": { "line": 69, "column": 0 },
        "end": { "line": 69, "column": 68 }
      },
      "69": {
        "start": { "line": 70, "column": 0 },
        "end": { "line": 70, "column": 10 }
      },
      "70": {
        "start": { "line": 71, "column": 0 },
        "end": { "line": 71, "column": 7 }
      },
      "71": {
        "start": { "line": 72, "column": 0 },
        "end": { "line": 72, "column": 5 }
      },
      "72": {
        "start": { "line": 73, "column": 0 },
        "end": { "line": 73, "column": 3 }
      },
      "73": {
        "start": { "line": 74, "column": 0 },
        "end": { "line": 74, "column": 1 }
      },
      "75": {
        "start": { "line": 76, "column": 0 },
        "end": { "line": 76, "column": 45 }
      }
    },
    "s": {
      "0": 1,
      "1": 1,
      "3": 1,
      "5": 1,
      "6": 1,
      "8": 1,
      "9": 1,
      "10": 1,
      "11": 1,
      "12": 1,
      "13": 1,
      "14": 1,
      "15": 1,
      "16": 17,
      "17": 11,
      "18": 11,
      "19": 17,
      "20": 17,
      "22": 1,
      "23": 1,
      "24": 1,
      "25": 1,
      "26": 1,
      "27": 1,
      "28": 3,
      "29": 3,
      "30": 2,
      "31": 3,
      "32": 1,
      "33": 1,
      "34": 1,
      "35": 1,
      "36": 3,
      "38": 1,
      "39": 1,
      "40": 1,
      "41": 1,
      "42": 1,
      "43": 1,
      "44": 1,
      "45": 1,
      "46": 1,
      "47": 1,
      "48": 1,
      "49": 1,
      "50": 1,
      "51": 1,
      "52": 12,
      "53": 12,
      "54": 12,
      "55": 12,
      "56": 12,
      "58": 12,
      "59": 13,
      "60": 3,
      "61": 3,
      "62": 13,
      "63": 10,
      "64": 10,
      "65": 10,
      "66": 2,
      "67": 2,
      "68": 2,
      "69": 2,
      "70": 2,
      "71": 10,
      "72": 13,
      "73": 10,
      "75": 1
    },
    "branchMap": {
      "0": {
        "type": "branch",
        "line": 16,
        "loc": {
          "start": { "line": 16, "column": 7 },
          "end": { "line": 21, "column": 1 }
        },
        "locations": [
          {
            "start": { "line": 16, "column": 7 },
            "end": { "line": 21, "column": 1 }
          }
        ]
      },
      "1": {
        "type": "branch",
        "line": 17,
        "loc": {
          "start": { "line": 17, "column": 28 },
          "end": { "line": 19, "column": 3 }
        },
        "locations": [
          {
            "start": { "line": 17, "column": 28 },
            "end": { "line": 19, "column": 3 }
          }
        ]
      },
      "2": {
        "type": "branch",
        "line": 28,
        "loc": {
          "start": { "line": 28, "column": 7 },
          "end": { "line": 37, "column": 1 }
        },
        "locations": [
          {
            "start": { "line": 28, "column": 7 },
            "end": { "line": 37, "column": 1 }
          }
        ]
      },
      "3": {
        "type": "branch",
        "line": 30,
        "loc": {
          "start": { "line": 30, "column": 17 },
          "end": { "line": 30, "column": 24 }
        },
        "locations": [
          {
            "start": { "line": 30, "column": 17 },
            "end": { "line": 30, "column": 24 }
          }
        ]
      },
      "4": {
        "type": "branch",
        "line": 30,
        "loc": {
          "start": { "line": 30, "column": 23 },
          "end": { "line": 32, "column": 28 }
        },
        "locations": [
          {
            "start": { "line": 30, "column": 23 },
            "end": { "line": 32, "column": 28 }
          }
        ]
      },
      "5": {
        "type": "branch",
        "line": 32,
        "loc": {
          "start": { "line": 32, "column": 28 },
          "end": { "line": 36, "column": 3 }
        },
        "locations": [
          {
            "start": { "line": 32, "column": 28 },
            "end": { "line": 36, "column": 3 }
          }
        ]
      },
      "6": {
        "type": "branch",
        "line": 31,
        "loc": {
          "start": { "line": 31, "column": 34 },
          "end": { "line": 31, "column": 54 }
        },
        "locations": [
          {
            "start": { "line": 31, "column": 34 },
            "end": { "line": 31, "column": 54 }
          }
        ]
      },
      "7": {
        "type": "branch",
        "line": 52,
        "loc": {
          "start": { "line": 52, "column": 7 },
          "end": { "line": 74, "column": 1 }
        },
        "locations": [
          {
            "start": { "line": 52, "column": 7 },
            "end": { "line": 74, "column": 1 }
          }
        ]
      },
      "8": {
        "type": "branch",
        "line": 57,
        "loc": {
          "start": { "line": 57, "column": 44 },
          "end": { "line": 57, "column": 49 }
        },
        "locations": [
          {
            "start": { "line": 57, "column": 44 },
            "end": { "line": 57, "column": 49 }
          }
        ]
      },
      "9": {
        "type": "branch",
        "line": 59,
        "loc": {
          "start": { "line": 59, "column": 39 },
          "end": { "line": 73, "column": 3 }
        },
        "locations": [
          {
            "start": { "line": 59, "column": 39 },
            "end": { "line": 73, "column": 3 }
          }
        ]
      },
      "10": {
        "type": "branch",
        "line": 60,
        "loc": {
          "start": { "line": 60, "column": 20 },
          "end": { "line": 63, "column": 5 }
        },
        "locations": [
          {
            "start": { "line": 60, "column": 20 },
            "end": { "line": 63, "column": 5 }
          }
        ]
      },
      "11": {
        "type": "branch",
        "line": 62,
        "loc": {
          "start": { "line": 62, "column": 28 },
          "end": { "line": 63, "column": 5 }
        },
        "locations": [
          {
            "start": { "line": 62, "column": 28 },
            "end": { "line": 63, "column": 5 }
          }
        ]
      },
      "12": {
        "type": "branch",
        "line": 63,
        "loc": {
          "start": { "line": 63, "column": 5 },
          "end": { "line": 72, "column": 5 }
        },
        "locations": [
          {
            "start": { "line": 63, "column": 5 },
            "end": { "line": 72, "column": 5 }
          }
        ]
      },
      "13": {
        "type": "branch",
        "line": 65,
        "loc": {
          "start": { "line": 65, "column": 30 },
          "end": { "line": 66, "column": 8 }
        },
        "locations": [
          {
            "start": { "line": 65, "column": 30 },
            "end": { "line": 66, "column": 8 }
          }
        ]
      },
      "14": {
        "type": "branch",
        "line": 66,
        "loc": {
          "start": { "line": 66, "column": 8 },
          "end": { "line": 71, "column": 7 }
        },
        "locations": [
          {
            "start": { "line": 66, "column": 8 },
            "end": { "line": 71, "column": 7 }
          }
        ]
      },
      "15": {
        "type": "branch",
        "line": 73,
        "loc": {
          "start": { "line": 73, "column": 2 },
          "end": { "line": 74, "column": 1 }
        },
        "locations": [
          {
            "start": { "line": 73, "column": 2 },
            "end": { "line": 74, "column": 1 }
          }
        ]
      }
    },
    "b": {
      "0": [17],
      "1": [11],
      "2": [3],
      "3": [1],
      "4": [2],
      "5": [1],
      "6": [3],
      "7": [12],
      "8": [3],
      "9": [13],
      "10": [3],
      "11": [1],
      "12": [10],
      "13": [8],
      "14": [2],
      "15": [10]
    },
    "fnMap": {
      "0": {
        "name": "on",
        "decl": {
          "start": { "line": 16, "column": 7 },
          "end": { "line": 21, "column": 1 }
        },
        "loc": {
          "start": { "line": 16, "column": 7 },
          "end": { "line": 21, "column": 1 }
        },
        "line": 16
      },
      "1": {
        "name": "off",
        "decl": {
          "start": { "line": 28, "column": 7 },
          "end": { "line": 37, "column": 1 }
        },
        "loc": {
          "start": { "line": 28, "column": 7 },
          "end": { "line": 37, "column": 1 }
        },
        "line": 28
      },
      "2": {
        "name": "emit",
        "decl": {
          "start": { "line": 52, "column": 7 },
          "end": { "line": 74, "column": 1 }
        },
        "loc": {
          "start": { "line": 52, "column": 7 },
          "end": { "line": 74, "column": 1 }
        },
        "line": 52
      }
    },
    "f": { "0": 17, "1": 3, "2": 12 }
  },
  "/Users/cvgellhorn/dev/bermooda/app/core/i18n/index.server.js": {
    "path": "/Users/cvgellhorn/dev/bermooda/app/core/i18n/index.server.js",
    "all": true,
    "statementMap": {
      "0": {
        "start": { "line": 1, "column": 0 },
        "end": { "line": 1, "column": 32 }
      },
      "1": {
        "start": { "line": 2, "column": 0 },
        "end": { "line": 2, "column": 69 }
      },
      "3": {
        "start": { "line": 4, "column": 0 },
        "end": { "line": 4, "column": 23 }
      }
    },
    "s": { "0": 0, "1": 0, "3": 0 },
    "branchMap": {
      "0": {
        "type": "branch",
        "line": 1,
        "loc": {
          "start": { "line": 1, "column": 127 },
          "end": { "line": 4, "column": 23 }
        },
        "locations": [
          {
            "start": { "line": 1, "column": 127 },
            "end": { "line": 4, "column": 23 }
          }
        ]
      }
    },
    "b": { "0": [0] },
    "fnMap": {
      "0": {
        "name": "(empty-report)",
        "decl": {
          "start": { "line": 1, "column": 127 },
          "end": { "line": 4, "column": 23 }
        },
        "loc": {
          "start": { "line": 1, "column": 127 },
          "end": { "line": 4, "column": 23 }
        },
        "line": 1
      }
    },
    "f": { "0": 0 }
  },
  "/Users/cvgellhorn/dev/bermooda/app/core/orders/index.server.js": {
    "path": "/Users/cvgellhorn/dev/bermooda/app/core/orders/index.server.js",
    "all": true,
    "statementMap": {
      "0": {
        "start": { "line": 1, "column": 0 },
        "end": { "line": 1, "column": 34 }
      },
      "1": {
        "start": { "line": 2, "column": 0 },
        "end": { "line": 2, "column": 59 }
      },
      "3": {
        "start": { "line": 4, "column": 0 },
        "end": { "line": 4, "column": 25 }
      }
    },
    "s": { "0": 0, "1": 0, "3": 0 },
    "branchMap": {
      "0": {
        "type": "branch",
        "line": 1,
        "loc": {
          "start": { "line": 1, "column": 121 },
          "end": { "line": 4, "column": 25 }
        },
        "locations": [
          {
            "start": { "line": 1, "column": 121 },
            "end": { "line": 4, "column": 25 }
          }
        ]
      }
    },
    "b": { "0": [0] },
    "fnMap": {
      "0": {
        "name": "(empty-report)",
        "decl": {
          "start": { "line": 1, "column": 121 },
          "end": { "line": 4, "column": 25 }
        },
        "loc": {
          "start": { "line": 1, "column": 121 },
          "end": { "line": 4, "column": 25 }
        },
        "line": 1
      }
    },
    "f": { "0": 0 }
  },
  "/Users/cvgellhorn/dev/bermooda/app/core/payments/index.server.js": {
    "path": "/Users/cvgellhorn/dev/bermooda/app/core/payments/index.server.js",
    "all": true,
    "statementMap": {
      "0": {
        "start": { "line": 1, "column": 0 },
        "end": { "line": 1, "column": 36 }
      },
      "1": {
        "start": { "line": 2, "column": 0 },
        "end": { "line": 2, "column": 58 }
      },
      "3": {
        "start": { "line": 4, "column": 0 },
        "end": { "line": 4, "column": 27 }
      }
    },
    "s": { "0": 0, "1": 0, "3": 0 },
    "branchMap": {
      "0": {
        "type": "branch",
        "line": 1,
        "loc": {
          "start": { "line": 1, "column": 124 },
          "end": { "line": 4, "column": 27 }
        },
        "locations": [
          {
            "start": { "line": 1, "column": 124 },
            "end": { "line": 4, "column": 27 }
          }
        ]
      }
    },
    "b": { "0": [0] },
    "fnMap": {
      "0": {
        "name": "(empty-report)",
        "decl": {
          "start": { "line": 1, "column": 124 },
          "end": { "line": 4, "column": 27 }
        },
        "loc": {
          "start": { "line": 1, "column": 124 },
          "end": { "line": 4, "column": 27 }
        },
        "line": 1
      }
    },
    "f": { "0": 0 }
  },
  "/Users/cvgellhorn/dev/bermooda/app/core/plugins/index.server.js": {
    "path": "/Users/cvgellhorn/dev/bermooda/app/core/plugins/index.server.js",
    "all": false,
    "statementMap": {
      "0": {
        "start": { "line": 1, "column": 0 },
        "end": { "line": 1, "column": 35 }
      },
      "1": {
        "start": { "line": 2, "column": 0 },
        "end": { "line": 2, "column": 50 }
      },
      "3": {
        "start": { "line": 4, "column": 0 },
        "end": { "line": 4, "column": 43 }
      },
      "4": {
        "start": { "line": 5, "column": 0 },
        "end": { "line": 5, "column": 42 }
      },
      "6": {
        "start": { "line": 7, "column": 0 },
        "end": { "line": 7, "column": 59 }
      },
      "8": {
        "start": { "line": 9, "column": 0 },
        "end": { "line": 9, "column": 78 }
      },
      "9": {
        "start": { "line": 10, "column": 0 },
        "end": { "line": 10, "column": 12 }
      },
      "10": {
        "start": { "line": 11, "column": 0 },
        "end": { "line": 11, "column": 78 }
      },
      "12": {
        "start": { "line": 13, "column": 0 },
        "end": { "line": 13, "column": 60 }
      },
      "14": {
        "start": { "line": 15, "column": 0 },
        "end": { "line": 15, "column": 78 }
      },
      "15": {
        "start": { "line": 16, "column": 0 },
        "end": { "line": 16, "column": 66 }
      },
      "16": {
        "start": { "line": 17, "column": 0 },
        "end": { "line": 17, "column": 78 }
      },
      "18": {
        "start": { "line": 19, "column": 0 },
        "end": { "line": 19, "column": 3 }
      },
      "19": {
        "start": { "line": 20, "column": 0 },
        "end": { "line": 20, "column": 35 }
      },
      "20": {
        "start": { "line": 21, "column": 0 },
        "end": { "line": 21, "column": 24 }
      },
      "21": {
        "start": { "line": 22, "column": 0 },
        "end": { "line": 22, "column": 26 }
      },
      "22": {
        "start": { "line": 23, "column": 0 },
        "end": { "line": 23, "column": 29 }
      },
      "23": {
        "start": { "line": 24, "column": 0 },
        "end": { "line": 24, "column": 35 }
      },
      "24": {
        "start": { "line": 25, "column": 0 },
        "end": { "line": 25, "column": 29 }
      },
      "25": {
        "start": { "line": 26, "column": 0 },
        "end": { "line": 26, "column": 33 }
      },
      "26": {
        "start": { "line": 27, "column": 0 },
        "end": { "line": 27, "column": 35 }
      },
      "27": {
        "start": { "line": 28, "column": 0 },
        "end": { "line": 28, "column": 3 }
      },
      "29": {
        "start": { "line": 30, "column": 0 },
        "end": { "line": 30, "column": 89 }
      },
      "30": {
        "start": { "line": 31, "column": 0 },
        "end": { "line": 31, "column": 27 }
      },
      "32": {
        "start": { "line": 33, "column": 0 },
        "end": { "line": 33, "column": 78 }
      },
      "33": {
        "start": { "line": 34, "column": 0 },
        "end": { "line": 34, "column": 45 }
      },
      "34": {
        "start": { "line": 35, "column": 0 },
        "end": { "line": 35, "column": 78 }
      },
      "36": {
        "start": { "line": 37, "column": 0 },
        "end": { "line": 37, "column": 3 }
      },
      "37": {
        "start": { "line": 38, "column": 0 },
        "end": { "line": 38, "column": 46 }
      },
      "38": {
        "start": { "line": 39, "column": 0 },
        "end": { "line": 39, "column": 54 }
      },
      "39": {
        "start": { "line": 40, "column": 0 },
        "end": { "line": 40, "column": 2 }
      },
      "40": {
        "start": { "line": 41, "column": 0 },
        "end": { "line": 41, "column": 35 }
      },
      "41": {
        "start": { "line": 42, "column": 0 },
        "end": { "line": 42, "column": 28 }
      },
      "42": {
        "start": { "line": 43, "column": 0 },
        "end": { "line": 43, "column": 3 }
      },
      "43": {
        "start": { "line": 44, "column": 0 },
        "end": { "line": 44, "column": 40 }
      },
      "44": {
        "start": { "line": 45, "column": 0 },
        "end": { "line": 45, "column": 50 }
      },
      "45": {
        "start": { "line": 46, "column": 0 },
        "end": { "line": 46, "column": 57 }
      },
      "46": {
        "start": { "line": 47, "column": 0 },
        "end": { "line": 47, "column": 3 }
      },
      "48": {
        "start": { "line": 49, "column": 0 },
        "end": { "line": 49, "column": 45 }
      },
      "49": {
        "start": { "line": 50, "column": 0 },
        "end": { "line": 50, "column": 33 }
      },
      "50": {
        "start": { "line": 51, "column": 0 },
        "end": { "line": 51, "column": 34 }
      },
      "51": {
        "start": { "line": 52, "column": 0 },
        "end": { "line": 52, "column": 69 }
      },
      "52": {
        "start": { "line": 53, "column": 0 },
        "end": { "line": 53, "column": 76 }
      },
      "53": {
        "start": { "line": 54, "column": 0 },
        "end": { "line": 54, "column": 5 }
      },
      "54": {
        "start": { "line": 55, "column": 0 },
        "end": { "line": 55, "column": 3 }
      },
      "56": {
        "start": { "line": 57, "column": 0 },
        "end": { "line": 57, "column": 18 }
      },
      "57": {
        "start": { "line": 58, "column": 0 },
        "end": { "line": 58, "column": 1 }
      },
      "59": {
        "start": { "line": 60, "column": 0 },
        "end": { "line": 60, "column": 78 }
      },
      "60": {
        "start": { "line": 61, "column": 0 },
        "end": { "line": 61, "column": 50 }
      },
      "61": {
        "start": { "line": 62, "column": 0 },
        "end": { "line": 62, "column": 78 }
      },
      "63": {
        "start": { "line": 64, "column": 0 },
        "end": { "line": 64, "column": 3 }
      },
      "64": {
        "start": { "line": 65, "column": 0 },
        "end": { "line": 65, "column": 36 }
      },
      "65": {
        "start": { "line": 66, "column": 0 },
        "end": { "line": 66, "column": 28 }
      },
      "66": {
        "start": { "line": 67, "column": 0 },
        "end": { "line": 67, "column": 2 }
      },
      "67": {
        "start": { "line": 68, "column": 0 },
        "end": { "line": 68, "column": 44 }
      },
      "68": {
        "start": { "line": 69, "column": 0 },
        "end": { "line": 69, "column": 38 }
      },
      "69": {
        "start": { "line": 70, "column": 0 },
        "end": { "line": 70, "column": 3 }
      },
      "70": {
        "start": { "line": 71, "column": 0 },
        "end": { "line": 71, "column": 38 }
      },
      "71": {
        "start": { "line": 72, "column": 0 },
        "end": { "line": 72, "column": 48 }
      },
      "72": {
        "start": { "line": 73, "column": 0 },
        "end": { "line": 73, "column": 49 }
      },
      "73": {
        "start": { "line": 74, "column": 0 },
        "end": { "line": 74, "column": 3 }
      },
      "75": {
        "start": { "line": 76, "column": 0 },
        "end": { "line": 76, "column": 59 }
      },
      "76": {
        "start": { "line": 77, "column": 0 },
        "end": { "line": 77, "column": 40 }
      },
      "77": {
        "start": { "line": 78, "column": 0 },
        "end": { "line": 78, "column": 22 }
      },
      "78": {
        "start": { "line": 79, "column": 0 },
        "end": { "line": 79, "column": 67 }
      },
      "79": {
        "start": { "line": 80, "column": 0 },
        "end": { "line": 80, "column": 8 }
      },
      "80": {
        "start": { "line": 81, "column": 0 },
        "end": { "line": 81, "column": 5 }
      },
      "81": {
        "start": { "line": 82, "column": 0 },
        "end": { "line": 82, "column": 3 }
      },
      "83": {
        "start": { "line": 84, "column": 0 },
        "end": { "line": 84, "column": 17 }
      },
      "84": {
        "start": { "line": 85, "column": 0 },
        "end": { "line": 85, "column": 1 }
      },
      "86": {
        "start": { "line": 87, "column": 0 },
        "end": { "line": 87, "column": 78 }
      },
      "87": {
        "start": { "line": 88, "column": 0 },
        "end": { "line": 88, "column": 49 }
      },
      "88": {
        "start": { "line": 89, "column": 0 },
        "end": { "line": 89, "column": 78 }
      },
      "90": {
        "start": { "line": 91, "column": 0 },
        "end": { "line": 91, "column": 3 }
      },
      "91": {
        "start": { "line": 92, "column": 0 },
        "end": { "line": 92, "column": 33 }
      },
      "92": {
        "start": { "line": 93, "column": 0 },
        "end": { "line": 93, "column": 2 }
      },
      "93": {
        "start": { "line": 94, "column": 0 },
        "end": { "line": 94, "column": 47 }
      },
      "94": {
        "start": { "line": 95, "column": 0 },
        "end": { "line": 95, "column": 23 }
      },
      "95": {
        "start": { "line": 96, "column": 0 },
        "end": { "line": 96, "column": 39 }
      },
      "96": {
        "start": { "line": 97, "column": 0 },
        "end": { "line": 97, "column": 3 }
      },
      "97": {
        "start": { "line": 98, "column": 0 },
        "end": { "line": 98, "column": 44 }
      },
      "98": {
        "start": { "line": 99, "column": 0 },
        "end": { "line": 99, "column": 45 }
      },
      "99": {
        "start": { "line": 100, "column": 0 },
        "end": { "line": 100, "column": 20 }
      },
      "100": {
        "start": { "line": 101, "column": 0 },
        "end": { "line": 101, "column": 91 }
      },
      "101": {
        "start": { "line": 102, "column": 0 },
        "end": { "line": 102, "column": 6 }
      },
      "102": {
        "start": { "line": 103, "column": 0 },
        "end": { "line": 103, "column": 3 }
      },
      "104": {
        "start": { "line": 105, "column": 0 },
        "end": { "line": 105, "column": 42 }
      },
      "105": {
        "start": { "line": 106, "column": 0 },
        "end": { "line": 106, "column": 55 }
      },
      "106": {
        "start": { "line": 107, "column": 0 },
        "end": { "line": 107, "column": 3 }
      },
      "108": {
        "start": { "line": 109, "column": 0 },
        "end": { "line": 109, "column": 27 }
      },
      "109": {
        "start": { "line": 110, "column": 0 },
        "end": { "line": 110, "column": 1 }
      },
      "111": {
        "start": { "line": 112, "column": 0 },
        "end": { "line": 112, "column": 78 }
      },
      "112": {
        "start": { "line": 113, "column": 0 },
        "end": { "line": 113, "column": 25 }
      },
      "113": {
        "start": { "line": 114, "column": 0 },
        "end": { "line": 114, "column": 78 }
      },
      "115": {
        "start": { "line": 116, "column": 0 },
        "end": { "line": 116, "column": 3 }
      },
      "116": {
        "start": { "line": 117, "column": 0 },
        "end": { "line": 117, "column": 53 }
      },
      "117": {
        "start": { "line": 118, "column": 0 },
        "end": { "line": 118, "column": 2 }
      },
      "118": {
        "start": { "line": 119, "column": 0 },
        "end": { "line": 119, "column": 27 }
      },
      "119": {
        "start": { "line": 120, "column": 0 },
        "end": { "line": 120, "column": 20 }
      },
      "120": {
        "start": { "line": 121, "column": 0 },
        "end": { "line": 121, "column": 3 }
      },
      "121": {
        "start": { "line": 122, "column": 0 },
        "end": { "line": 122, "column": 29 }
      },
      "122": {
        "start": { "line": 123, "column": 0 },
        "end": { "line": 123, "column": 58 }
      },
      "124": {
        "start": { "line": 125, "column": 0 },
        "end": { "line": 125, "column": 48 }
      },
      "125": {
        "start": { "line": 126, "column": 0 },
        "end": { "line": 126, "column": 20 }
      },
      "126": {
        "start": { "line": 127, "column": 0 },
        "end": { "line": 127, "column": 25 }
      },
      "127": {
        "start": { "line": 128, "column": 0 },
        "end": { "line": 128, "column": 70 }
      },
      "128": {
        "start": { "line": 129, "column": 0 },
        "end": { "line": 129, "column": 36 }
      },
      "129": {
        "start": { "line": 130, "column": 0 },
        "end": { "line": 130, "column": 6 }
      },
      "130": {
        "start": { "line": 131, "column": 0 },
        "end": { "line": 131, "column": 32 }
      },
      "131": {
        "start": { "line": 132, "column": 0 },
        "end": { "line": 132, "column": 35 }
      },
      "132": {
        "start": { "line": 133, "column": 0 },
        "end": { "line": 133, "column": 23 }
      },
      "133": {
        "start": { "line": 134, "column": 0 },
        "end": { "line": 134, "column": 46 }
      },
      "134": {
        "start": { "line": 135, "column": 0 },
        "end": { "line": 135, "column": 41 }
      },
      "135": {
        "start": { "line": 136, "column": 0 },
        "end": { "line": 136, "column": 9 }
      },
      "136": {
        "start": { "line": 137, "column": 0 },
        "end": { "line": 137, "column": 6 }
      },
      "137": {
        "start": { "line": 138, "column": 0 },
        "end": { "line": 138, "column": 4 }
      },
      "139": {
        "start": { "line": 140, "column": 0 },
        "end": { "line": 140, "column": 41 }
      },
      "140": {
        "start": { "line": 141, "column": 0 },
        "end": { "line": 141, "column": 18 }
      },
      "141": {
        "start": { "line": 142, "column": 0 },
        "end": { "line": 142, "column": 25 }
      },
      "142": {
        "start": { "line": 143, "column": 0 },
        "end": { "line": 143, "column": 54 }
      },
      "143": {
        "start": { "line": 144, "column": 0 },
        "end": { "line": 144, "column": 51 }
      },
      "144": {
        "start": { "line": 145, "column": 0 },
        "end": { "line": 145, "column": 9 }
      },
      "145": {
        "start": { "line": 146, "column": 0 },
        "end": { "line": 146, "column": 36 }
      },
      "146": {
        "start": { "line": 147, "column": 0 },
        "end": { "line": 147, "column": 6 }
      },
      "147": {
        "start": { "line": 148, "column": 0 },
        "end": { "line": 148, "column": 32 }
      },
      "148": {
        "start": { "line": 149, "column": 0 },
        "end": { "line": 149, "column": 38 }
      },
      "149": {
        "start": { "line": 150, "column": 0 },
        "end": { "line": 150, "column": 51 }
      },
      "150": {
        "start": { "line": 151, "column": 0 },
        "end": { "line": 151, "column": 56 }
      },
      "151": {
        "start": { "line": 152, "column": 0 },
        "end": { "line": 152, "column": 41 }
      },
      "152": {
        "start": { "line": 153, "column": 0 },
        "end": { "line": 153, "column": 9 }
      },
      "153": {
        "start": { "line": 154, "column": 0 },
        "end": { "line": 154, "column": 6 }
      },
      "154": {
        "start": { "line": 155, "column": 0 },
        "end": { "line": 155, "column": 28 }
      },
      "155": {
        "start": { "line": 156, "column": 0 },
        "end": { "line": 156, "column": 38 }
      },
      "156": {
        "start": { "line": 157, "column": 0 },
        "end": { "line": 157, "column": 51 }
      },
      "157": {
        "start": { "line": 158, "column": 0 },
        "end": { "line": 158, "column": 9 }
      },
      "158": {
        "start": { "line": 159, "column": 0 },
        "end": { "line": 159, "column": 6 }
      },
      "159": {
        "start": { "line": 160, "column": 0 },
        "end": { "line": 160, "column": 4 }
      },
      "161": {
        "start": { "line": 162, "column": 0 },
        "end": { "line": 162, "column": 50 }
      },
      "162": {
        "start": { "line": 163, "column": 0 },
        "end": { "line": 163, "column": 17 }
      },
      "163": {
        "start": { "line": 164, "column": 0 },
        "end": { "line": 164, "column": 33 }
      },
      "164": {
        "start": { "line": 165, "column": 0 },
        "end": { "line": 165, "column": 53 }
      },
      "165": {
        "start": { "line": 166, "column": 0 },
        "end": { "line": 166, "column": 4 }
      },
      "167": {
        "start": { "line": 168, "column": 0 },
        "end": { "line": 168, "column": 48 }
      },
      "168": {
        "start": { "line": 169, "column": 0 },
        "end": { "line": 169, "column": 25 }
      },
      "170": {
        "start": { "line": 171, "column": 0 },
        "end": { "line": 171, "column": 10 }
      },
      "171": {
        "start": { "line": 172, "column": 0 },
        "end": { "line": 172, "column": 15 }
      },
      "172": {
        "start": { "line": 173, "column": 0 },
        "end": { "line": 173, "column": 13 }
      },
      "173": {
        "start": { "line": 174, "column": 0 },
        "end": { "line": 174, "column": 11 }
      },
      "174": {
        "start": { "line": 175, "column": 0 },
        "end": { "line": 175, "column": 25 }
      },
      "175": {
        "start": { "line": 176, "column": 0 },
        "end": { "line": 176, "column": 10 }
      },
      "176": {
        "start": { "line": 177, "column": 0 },
        "end": { "line": 177, "column": 9 }
      },
      "177": {
        "start": { "line": 178, "column": 0 },
        "end": { "line": 178, "column": 6 }
      },
      "178": {
        "start": { "line": 179, "column": 0 },
        "end": { "line": 179, "column": 4 }
      },
      "179": {
        "start": { "line": 180, "column": 0 },
        "end": { "line": 180, "column": 1 }
      },
      "181": {
        "start": { "line": 182, "column": 0 },
        "end": { "line": 182, "column": 78 }
      },
      "182": {
        "start": { "line": 183, "column": 0 },
        "end": { "line": 183, "column": 19 }
      },
      "183": {
        "start": { "line": 184, "column": 0 },
        "end": { "line": 184, "column": 78 }
      },
      "185": {
        "start": { "line": 186, "column": 0 },
        "end": { "line": 186, "column": 3 }
      },
      "186": {
        "start": { "line": 187, "column": 0 },
        "end": { "line": 187, "column": 23 }
      },
      "187": {
        "start": { "line": 188, "column": 0 },
        "end": { "line": 188, "column": 66 }
      },
      "188": {
        "start": { "line": 189, "column": 0 },
        "end": { "line": 189, "column": 53 }
      },
      "189": {
        "start": { "line": 190, "column": 0 },
        "end": { "line": 190, "column": 41 }
      },
      "190": {
        "start": { "line": 191, "column": 0 },
        "end": { "line": 191, "column": 2 }
      },
      "191": {
        "start": { "line": 192, "column": 0 },
        "end": { "line": 192, "column": 27 }
      },
      "192": {
        "start": { "line": 193, "column": 0 },
        "end": { "line": 193, "column": 3 }
      },
      "193": {
        "start": { "line": 194, "column": 0 },
        "end": { "line": 194, "column": 40 }
      },
      "194": {
        "start": { "line": 195, "column": 0 },
        "end": { "line": 195, "column": 39 }
      },
      "195": {
        "start": { "line": 196, "column": 0 },
        "end": { "line": 196, "column": 15 }
      },
      "196": {
        "start": { "line": 197, "column": 0 },
        "end": { "line": 197, "column": 62 }
      },
      "197": {
        "start": { "line": 198, "column": 0 },
        "end": { "line": 198, "column": 3 }
      },
      "199": {
        "start": { "line": 200, "column": 0 },
        "end": { "line": 200, "column": 29 }
      },
      "200": {
        "start": { "line": 201, "column": 0 },
        "end": { "line": 201, "column": 50 }
      },
      "202": {
        "start": { "line": 203, "column": 0 },
        "end": { "line": 203, "column": 31 }
      },
      "203": {
        "start": { "line": 204, "column": 0 },
        "end": { "line": 204, "column": 31 }
      },
      "204": {
        "start": { "line": 205, "column": 0 },
        "end": { "line": 205, "column": 47 }
      },
      "205": {
        "start": { "line": 206, "column": 0 },
        "end": { "line": 206, "column": 30 }
      },
      "206": {
        "start": { "line": 207, "column": 0 },
        "end": { "line": 207, "column": 5 }
      },
      "208": {
        "start": { "line": 209, "column": 0 },
        "end": { "line": 209, "column": 38 }
      },
      "209": {
        "start": { "line": 210, "column": 0 },
        "end": { "line": 210, "column": 23 }
      },
      "210": {
        "start": { "line": 211, "column": 0 },
        "end": { "line": 211, "column": 68 }
      },
      "211": {
        "start": { "line": 212, "column": 0 },
        "end": { "line": 212, "column": 42 }
      },
      "212": {
        "start": { "line": 213, "column": 0 },
        "end": { "line": 213, "column": 27 }
      },
      "213": {
        "start": { "line": 214, "column": 0 },
        "end": { "line": 214, "column": 43 }
      },
      "214": {
        "start": { "line": 215, "column": 0 },
        "end": { "line": 215, "column": 7 }
      },
      "215": {
        "start": { "line": 216, "column": 0 },
        "end": { "line": 216, "column": 5 }
      },
      "216": {
        "start": { "line": 217, "column": 0 },
        "end": { "line": 217, "column": 3 }
      },
      "218": {
        "start": { "line": 219, "column": 0 },
        "end": { "line": 219, "column": 33 }
      },
      "220": {
        "start": { "line": 221, "column": 0 },
        "end": { "line": 221, "column": 48 }
      },
      "221": {
        "start": { "line": 222, "column": 0 },
        "end": { "line": 222, "column": 33 }
      },
      "222": {
        "start": { "line": 223, "column": 0 },
        "end": { "line": 223, "column": 3 }
      },
      "224": {
        "start": { "line": 225, "column": 0 },
        "end": { "line": 225, "column": 46 }
      },
      "225": {
        "start": { "line": 226, "column": 0 },
        "end": { "line": 226, "column": 1 }
      },
      "227": {
        "start": { "line": 228, "column": 0 },
        "end": { "line": 228, "column": 3 }
      },
      "228": {
        "start": { "line": 229, "column": 0 },
        "end": { "line": 229, "column": 24 }
      },
      "229": {
        "start": { "line": 230, "column": 0 },
        "end": { "line": 230, "column": 67 }
      },
      "230": {
        "start": { "line": 231, "column": 0 },
        "end": { "line": 231, "column": 42 }
      },
      "231": {
        "start": { "line": 232, "column": 0 },
        "end": { "line": 232, "column": 67 }
      },
      "232": {
        "start": { "line": 233, "column": 0 },
        "end": { "line": 233, "column": 2 }
      },
      "233": {
        "start": { "line": 234, "column": 0 },
        "end": { "line": 234, "column": 27 }
      },
      "234": {
        "start": { "line": 235, "column": 0 },
        "end": { "line": 235, "column": 3 }
      },
      "235": {
        "start": { "line": 236, "column": 0 },
        "end": { "line": 236, "column": 41 }
      },
      "236": {
        "start": { "line": 237, "column": 0 },
        "end": { "line": 237, "column": 39 }
      },
      "237": {
        "start": { "line": 238, "column": 0 },
        "end": { "line": 238, "column": 15 }
      },
      "238": {
        "start": { "line": 239, "column": 0 },
        "end": { "line": 239, "column": 62 }
      },
      "239": {
        "start": { "line": 240, "column": 0 },
        "end": { "line": 240, "column": 3 }
      },
      "241": {
        "start": { "line": 242, "column": 0 },
        "end": { "line": 242, "column": 29 }
      },
      "242": {
        "start": { "line": 243, "column": 0 },
        "end": { "line": 243, "column": 50 }
      },
      "244": {
        "start": { "line": 245, "column": 0 },
        "end": { "line": 245, "column": 31 }
      },
      "245": {
        "start": { "line": 246, "column": 0 },
        "end": { "line": 246, "column": 31 }
      },
      "246": {
        "start": { "line": 247, "column": 0 },
        "end": { "line": 247, "column": 48 }
      },
      "247": {
        "start": { "line": 248, "column": 0 },
        "end": { "line": 248, "column": 31 }
      },
      "248": {
        "start": { "line": 249, "column": 0 },
        "end": { "line": 249, "column": 5 }
      },
      "250": {
        "start": { "line": 251, "column": 0 },
        "end": { "line": 251, "column": 33 }
      },
      "252": {
        "start": { "line": 253, "column": 0 },
        "end": { "line": 253, "column": 49 }
      },
      "253": {
        "start": { "line": 254, "column": 0 },
        "end": { "line": 254, "column": 34 }
      },
      "254": {
        "start": { "line": 255, "column": 0 },
        "end": { "line": 255, "column": 3 }
      },
      "256": {
        "start": { "line": 257, "column": 0 },
        "end": { "line": 257, "column": 49 }
      },
      "257": {
        "start": { "line": 258, "column": 0 },
        "end": { "line": 258, "column": 50 }
      },
      "258": {
        "start": { "line": 259, "column": 0 },
        "end": { "line": 259, "column": 24 }
      },
      "259": {
        "start": { "line": 260, "column": 0 },
        "end": { "line": 260, "column": 3 }
      },
      "260": {
        "start": { "line": 261, "column": 0 },
        "end": { "line": 261, "column": 25 }
      },
      "262": {
        "start": { "line": 263, "column": 0 },
        "end": { "line": 263, "column": 47 }
      },
      "263": {
        "start": { "line": 264, "column": 0 },
        "end": { "line": 264, "column": 1 }
      },
      "265": {
        "start": { "line": 266, "column": 0 },
        "end": { "line": 266, "column": 78 }
      },
      "266": {
        "start": { "line": 267, "column": 0 },
        "end": { "line": 267, "column": 54 }
      },
      "267": {
        "start": { "line": 268, "column": 0 },
        "end": { "line": 268, "column": 78 }
      },
      "269": {
        "start": { "line": 270, "column": 0 },
        "end": { "line": 270, "column": 3 }
      },
      "270": {
        "start": { "line": 271, "column": 0 },
        "end": { "line": 271, "column": 58 }
      },
      "271": {
        "start": { "line": 272, "column": 0 },
        "end": { "line": 272, "column": 60 }
      },
      "272": {
        "start": { "line": 273, "column": 0 },
        "end": { "line": 273, "column": 2 }
      },
      "273": {
        "start": { "line": 274, "column": 0 },
        "end": { "line": 274, "column": 35 }
      },
      "274": {
        "start": { "line": 275, "column": 0 },
        "end": { "line": 275, "column": 3 }
      },
      "275": {
        "start": { "line": 276, "column": 0 },
        "end": { "line": 276, "column": 36 }
      },
      "276": {
        "start": { "line": 277, "column": 0 },
        "end": { "line": 277, "column": 43 }
      },
      "277": {
        "start": { "line": 278, "column": 0 },
        "end": { "line": 278, "column": 75 }
      },
      "278": {
        "start": { "line": 279, "column": 0 },
        "end": { "line": 279, "column": 1 }
      },
      "280": {
        "start": { "line": 281, "column": 0 },
        "end": { "line": 281, "column": 78 }
      },
      "281": {
        "start": { "line": 282, "column": 0 },
        "end": { "line": 282, "column": 67 }
      },
      "282": {
        "start": { "line": 283, "column": 0 },
        "end": { "line": 283, "column": 78 }
      },
      "284": {
        "start": { "line": 285, "column": 0 },
        "end": { "line": 285, "column": 3 }
      },
      "285": {
        "start": { "line": 286, "column": 0 },
        "end": { "line": 286, "column": 39 }
      },
      "286": {
        "start": { "line": 287, "column": 0 },
        "end": { "line": 287, "column": 67 }
      },
      "287": {
        "start": { "line": 288, "column": 0 },
        "end": { "line": 288, "column": 2 }
      },
      "288": {
        "start": { "line": 289, "column": 0 },
        "end": { "line": 289, "column": 78 }
      },
      "289": {
        "start": { "line": 290, "column": 0 },
        "end": { "line": 290, "column": 3 }
      },
      "290": {
        "start": { "line": 291, "column": 0 },
        "end": { "line": 291, "column": 31 }
      },
      "291": {
        "start": { "line": 292, "column": 0 },
        "end": { "line": 292, "column": 71 }
      },
      "293": {
        "start": { "line": 294, "column": 0 },
        "end": { "line": 294, "column": 49 }
      },
      "294": {
        "start": { "line": 295, "column": 0 },
        "end": { "line": 295, "column": 19 }
      },
      "295": {
        "start": { "line": 296, "column": 0 },
        "end": { "line": 296, "column": 49 }
      },
      "296": {
        "start": { "line": 297, "column": 0 },
        "end": { "line": 297, "column": 25 }
      },
      "297": {
        "start": { "line": 298, "column": 0 },
        "end": { "line": 298, "column": 70 }
      },
      "298": {
        "start": { "line": 299, "column": 0 },
        "end": { "line": 299, "column": 45 }
      },
      "299": {
        "start": { "line": 300, "column": 0 },
        "end": { "line": 300, "column": 35 }
      },
      "300": {
        "start": { "line": 301, "column": 0 },
        "end": { "line": 301, "column": 7 }
      },
      "301": {
        "start": { "line": 302, "column": 0 },
        "end": { "line": 302, "column": 5 }
      },
      "302": {
        "start": { "line": 303, "column": 0 },
        "end": { "line": 303, "column": 3 }
      },
      "304": {
        "start": { "line": 305, "column": 0 },
        "end": { "line": 305, "column": 28 }
      },
      "305": {
        "start": { "line": 306, "column": 0 },
        "end": { "line": 306, "column": 1 }
      },
      "307": {
        "start": { "line": 308, "column": 0 },
        "end": { "line": 308, "column": 78 }
      },
      "308": {
        "start": { "line": 309, "column": 0 },
        "end": { "line": 309, "column": 68 }
      },
      "309": {
        "start": { "line": 310, "column": 0 },
        "end": { "line": 310, "column": 78 }
      },
      "311": {
        "start": { "line": 312, "column": 0 },
        "end": { "line": 312, "column": 3 }
      },
      "312": {
        "start": { "line": 313, "column": 0 },
        "end": { "line": 313, "column": 40 }
      },
      "313": {
        "start": { "line": 314, "column": 0 },
        "end": { "line": 314, "column": 63 }
      },
      "314": {
        "start": { "line": 315, "column": 0 },
        "end": { "line": 315, "column": 2 }
      },
      "315": {
        "start": { "line": 316, "column": 0 },
        "end": { "line": 316, "column": 28 }
      },
      "316": {
        "start": { "line": 317, "column": 0 },
        "end": { "line": 317, "column": 24 }
      },
      "317": {
        "start": { "line": 318, "column": 0 },
        "end": { "line": 318, "column": 18 }
      },
      "318": {
        "start": { "line": 319, "column": 0 },
        "end": { "line": 319, "column": 3 }
      },
      "319": {
        "start": { "line": 320, "column": 0 },
        "end": { "line": 320, "column": 54 }
      },
      "320": {
        "start": { "line": 321, "column": 0 },
        "end": { "line": 321, "column": 14 }
      },
      "321": {
        "start": { "line": 322, "column": 0 },
        "end": { "line": 322, "column": 1 }
      },
      "323": {
        "start": { "line": 324, "column": 0 },
        "end": { "line": 324, "column": 78 }
      },
      "324": {
        "start": { "line": 325, "column": 0 },
        "end": { "line": 325, "column": 23 }
      },
      "325": {
        "start": { "line": 326, "column": 0 },
        "end": { "line": 326, "column": 78 }
      }
    },
    "s": {
      "0": 1,
      "1": 1,
      "3": 1,
      "4": 1,
      "6": 1,
      "8": 1,
      "9": 1,
      "10": 1,
      "12": 1,
      "14": 1,
      "15": 1,
      "16": 1,
      "18": 1,
      "19": 1,
      "20": 1,
      "21": 1,
      "22": 1,
      "23": 1,
      "24": 1,
      "25": 1,
      "26": 1,
      "27": 1,
      "29": 1,
      "30": 1,
      "32": 1,
      "33": 1,
      "34": 1,
      "36": 1,
      "37": 1,
      "38": 1,
      "39": 1,
      "40": 1,
      "41": 1,
      "42": 1,
      "43": 1,
      "44": 13,
      "45": 3,
      "46": 3,
      "48": 10,
      "49": 13,
      "50": 22,
      "51": 22,
      "52": 7,
      "53": 7,
      "54": 22,
      "56": 3,
      "57": 3,
      "59": 1,
      "60": 1,
      "61": 1,
      "63": 1,
      "64": 1,
      "65": 1,
      "66": 1,
      "67": 1,
      "68": 1,
      "69": 1,
      "70": 1,
      "71": 5,
      "72": 2,
      "73": 2,
      "75": 3,
      "76": 3,
      "77": 1,
      "78": 1,
      "79": 1,
      "80": 1,
      "81": 3,
      "83": 2,
      "84": 2,
      "86": 1,
      "87": 1,
      "88": 1,
      "90": 1,
      "91": 1,
      "92": 1,
      "93": 1,
      "94": 1,
      "95": 1,
      "96": 1,
      "97": 1,
      "98": 8,
      "99": 3,
      "100": 3,
      "101": 3,
      "102": 3,
      "104": 8,
      "105": 2,
      "106": 2,
      "108": 3,
      "109": 3,
      "111": 1,
      "112": 1,
      "113": 1,
      "115": 1,
      "116": 1,
      "117": 1,
      "118": 1,
      "119": 1,
      "120": 1,
      "121": 7,
      "122": 7,
      "124": 7,
      "125": 7,
      "126": 7,
      "127": 0,
      "128": 0,
      "129": 7,
      "130": 7,
      "131": 0,
      "132": 0,
      "133": 0,
      "134": 0,
      "135": 0,
      "136": 7,
      "137": 7,
      "139": 7,
      "140": 7,
      "141": 7,
      "142": 4,
      "143": 4,
      "144": 4,
      "145": 4,
      "146": 7,
      "147": 7,
      "148": 2,
      "149": 2,
      "150": 2,
      "151": 2,
      "152": 2,
      "153": 7,
      "154": 7,
      "155": 1,
      "156": 1,
      "157": 1,
      "158": 7,
      "159": 7,
      "161": 7,
      "162": 7,
      "163": 7,
      "164": 7,
      "165": 7,
      "167": 7,
      "168": 7,
      "170": 7,
      "171": 7,
      "172": 7,
      "173": 7,
      "174": 7,
      "175": 7,
      "176": 7,
      "177": 7,
      "178": 7,
      "179": 7,
      "181": 1,
      "182": 1,
      "183": 1,
      "185": 1,
      "186": 1,
      "187": 1,
      "188": 1,
      "189": 1,
      "190": 1,
      "191": 1,
      "192": 1,
      "193": 1,
      "194": 0,
      "195": 0,
      "196": 0,
      "197": 0,
      "199": 0,
      "200": 0,
      "202": 0,
      "203": 0,
      "204": 0,
      "205": 0,
      "206": 0,
      "208": 0,
      "209": 0,
      "210": 0,
      "211": 0,
      "212": 0,
      "213": 0,
      "214": 0,
      "215": 0,
      "216": 0,
      "218": 0,
      "220": 0,
      "221": 0,
      "222": 0,
      "224": 0,
      "225": 0,
      "227": 1,
      "228": 1,
      "229": 1,
      "230": 1,
      "231": 1,
      "232": 1,
      "233": 1,
      "234": 1,
      "235": 1,
      "236": 0,
      "237": 0,
      "238": 0,
      "239": 0,
      "241": 0,
      "242": 0,
      "244": 0,
      "245": 0,
      "246": 0,
      "247": 0,
      "248": 0,
      "250": 0,
      "252": 0,
      "253": 0,
      "254": 0,
      "256": 0,
      "257": 0,
      "258": 0,
      "259": 0,
      "260": 0,
      "262": 0,
      "263": 0,
      "265": 1,
      "266": 1,
      "267": 1,
      "269": 1,
      "270": 1,
      "271": 1,
      "272": 1,
      "273": 1,
      "274": 1,
      "275": 1,
      "276": 1,
      "277": 1,
      "278": 1,
      "280": 1,
      "281": 1,
      "282": 1,
      "284": 1,
      "285": 1,
      "286": 1,
      "287": 1,
      "288": 1,
      "289": 1,
      "290": 1,
      "291": 2,
      "293": 2,
      "294": 2,
      "295": 2,
      "296": 1,
      "297": 0,
      "298": 0,
      "299": 0,
      "300": 0,
      "301": 0,
      "302": 1,
      "304": 2,
      "305": 2,
      "307": 1,
      "308": 1,
      "309": 1,
      "311": 1,
      "312": 1,
      "313": 1,
      "314": 1,
      "315": 1,
      "316": 1,
      "317": 1,
      "318": 1,
      "319": 1,
      "320": 3,
      "321": 3,
      "323": 1,
      "324": 1,
      "325": 1
    },
    "branchMap": {
      "0": {
        "type": "branch",
        "line": 44,
        "loc": {
          "start": { "line": 44, "column": 7 },
          "end": { "line": 58, "column": 1 }
        },
        "locations": [
          {
            "start": { "line": 44, "column": 7 },
            "end": { "line": 58, "column": 1 }
          }
        ]
      },
      "1": {
        "type": "branch",
        "line": 45,
        "loc": {
          "start": { "line": 45, "column": 16 },
          "end": { "line": 45, "column": 47 }
        },
        "locations": [
          {
            "start": { "line": 45, "column": 16 },
            "end": { "line": 45, "column": 47 }
          }
        ]
      },
      "2": {
        "type": "branch",
        "line": 45,
        "loc": {
          "start": { "line": 45, "column": 49 },
          "end": { "line": 47, "column": 3 }
        },
        "locations": [
          {
            "start": { "line": 45, "column": 49 },
            "end": { "line": 47, "column": 3 }
          }
        ]
      },
      "3": {
        "type": "branch",
        "line": 47,
        "loc": {
          "start": { "line": 47, "column": 2 },
          "end": { "line": 50, "column": 32 }
        },
        "locations": [
          {
            "start": { "line": 47, "column": 2 },
            "end": { "line": 50, "column": 32 }
          }
        ]
      },
      "4": {
        "type": "branch",
        "line": 50,
        "loc": {
          "start": { "line": 50, "column": 32 },
          "end": { "line": 55, "column": 3 }
        },
        "locations": [
          {
            "start": { "line": 50, "column": 32 },
            "end": { "line": 55, "column": 3 }
          }
        ]
      },
      "5": {
        "type": "branch",
        "line": 52,
        "loc": {
          "start": { "line": 52, "column": 15 },
          "end": { "line": 52, "column": 43 }
        },
        "locations": [
          {
            "start": { "line": 52, "column": 15 },
            "end": { "line": 52, "column": 43 }
          }
        ]
      },
      "6": {
        "type": "branch",
        "line": 52,
        "loc": {
          "start": { "line": 52, "column": 44 },
          "end": { "line": 52, "column": 66 }
        },
        "locations": [
          {
            "start": { "line": 52, "column": 44 },
            "end": { "line": 52, "column": 66 }
          }
        ]
      },
      "7": {
        "type": "branch",
        "line": 52,
        "loc": {
          "start": { "line": 52, "column": 68 },
          "end": { "line": 54, "column": 5 }
        },
        "locations": [
          {
            "start": { "line": 52, "column": 68 },
            "end": { "line": 54, "column": 5 }
          }
        ]
      },
      "8": {
        "type": "branch",
        "line": 55,
        "loc": {
          "start": { "line": 55, "column": 2 },
          "end": { "line": 58, "column": 1 }
        },
        "locations": [
          {
            "start": { "line": 55, "column": 2 },
            "end": { "line": 58, "column": 1 }
          }
        ]
      },
      "9": {
        "type": "branch",
        "line": 71,
        "loc": {
          "start": { "line": 71, "column": 7 },
          "end": { "line": 85, "column": 1 }
        },
        "locations": [
          {
            "start": { "line": 71, "column": 7 },
            "end": { "line": 85, "column": 1 }
          }
        ]
      },
      "10": {
        "type": "branch",
        "line": 72,
        "loc": {
          "start": { "line": 72, "column": 15 },
          "end": { "line": 72, "column": 45 }
        },
        "locations": [
          {
            "start": { "line": 72, "column": 15 },
            "end": { "line": 72, "column": 45 }
          }
        ]
      },
      "11": {
        "type": "branch",
        "line": 72,
        "loc": {
          "start": { "line": 72, "column": 47 },
          "end": { "line": 74, "column": 3 }
        },
        "locations": [
          {
            "start": { "line": 72, "column": 47 },
            "end": { "line": 74, "column": 3 }
          }
        ]
      },
      "12": {
        "type": "branch",
        "line": 74,
        "loc": {
          "start": { "line": 74, "column": 2 },
          "end": { "line": 82, "column": 3 }
        },
        "locations": [
          {
            "start": { "line": 74, "column": 2 },
            "end": { "line": 82, "column": 3 }
          }
        ]
      },
      "13": {
        "type": "branch",
        "line": 77,
        "loc": {
          "start": { "line": 77, "column": 39 },
          "end": { "line": 81, "column": 5 }
        },
        "locations": [
          {
            "start": { "line": 77, "column": 39 },
            "end": { "line": 81, "column": 5 }
          }
        ]
      },
      "14": {
        "type": "branch",
        "line": 82,
        "loc": {
          "start": { "line": 82, "column": 2 },
          "end": { "line": 85, "column": 1 }
        },
        "locations": [
          {
            "start": { "line": 82, "column": 2 },
            "end": { "line": 85, "column": 1 }
          }
        ]
      },
      "15": {
        "type": "branch",
        "line": 98,
        "loc": {
          "start": { "line": 98, "column": 7 },
          "end": { "line": 110, "column": 1 }
        },
        "locations": [
          {
            "start": { "line": 98, "column": 7 },
            "end": { "line": 110, "column": 1 }
          }
        ]
      },
      "16": {
        "type": "branch",
        "line": 99,
        "loc": {
          "start": { "line": 99, "column": 44 },
          "end": { "line": 103, "column": 3 }
        },
        "locations": [
          {
            "start": { "line": 99, "column": 44 },
            "end": { "line": 103, "column": 3 }
          }
        ]
      },
      "17": {
        "type": "branch",
        "line": 103,
        "loc": {
          "start": { "line": 103, "column": 2 },
          "end": { "line": 105, "column": 12 }
        },
        "locations": [
          {
            "start": { "line": 103, "column": 2 },
            "end": { "line": 105, "column": 12 }
          }
        ]
      },
      "18": {
        "type": "branch",
        "line": 105,
        "loc": {
          "start": { "line": 105, "column": 12 },
          "end": { "line": 105, "column": 39 }
        },
        "locations": [
          {
            "start": { "line": 105, "column": 12 },
            "end": { "line": 105, "column": 39 }
          }
        ]
      },
      "19": {
        "type": "branch",
        "line": 105,
        "loc": {
          "start": { "line": 105, "column": 41 },
          "end": { "line": 107, "column": 3 }
        },
        "locations": [
          {
            "start": { "line": 105, "column": 41 },
            "end": { "line": 107, "column": 3 }
          }
        ]
      },
      "20": {
        "type": "branch",
        "line": 107,
        "loc": {
          "start": { "line": 107, "column": 2 },
          "end": { "line": 110, "column": 1 }
        },
        "locations": [
          {
            "start": { "line": 107, "column": 2 },
            "end": { "line": 110, "column": 1 }
          }
        ]
      },
      "21": {
        "type": "branch",
        "line": 122,
        "loc": {
          "start": { "line": 122, "column": 0 },
          "end": { "line": 180, "column": 1 }
        },
        "locations": [
          {
            "start": { "line": 122, "column": 0 },
            "end": { "line": 180, "column": 1 }
          }
        ]
      },
      "22": {
        "type": "branch",
        "line": 142,
        "loc": {
          "start": { "line": 142, "column": 9 },
          "end": { "line": 147, "column": 5 }
        },
        "locations": [
          {
            "start": { "line": 142, "column": 9 },
            "end": { "line": 147, "column": 5 }
          }
        ]
      },
      "23": {
        "type": "branch",
        "line": 146,
        "loc": {
          "start": { "line": 146, "column": 17 },
          "end": { "line": 146, "column": 28 }
        },
        "locations": [
          {
            "start": { "line": 146, "column": 17 },
            "end": { "line": 146, "column": 28 }
          }
        ]
      },
      "24": {
        "type": "branch",
        "line": 146,
        "loc": {
          "start": { "line": 146, "column": 29 },
          "end": { "line": 146, "column": 35 }
        },
        "locations": [
          {
            "start": { "line": 146, "column": 29 },
            "end": { "line": 146, "column": 35 }
          }
        ]
      },
      "25": {
        "type": "branch",
        "line": 148,
        "loc": {
          "start": { "line": 148, "column": 9 },
          "end": { "line": 154, "column": 5 }
        },
        "locations": [
          {
[...]
      "25": [2],
      "26": [1],
      "27": [1],
      "28": [2],
      "29": [1],
      "30": [0],
      "31": [1],
      "32": [3]
    },
    "fnMap": {
      "0": {
        "name": "definePlugin",
        "decl": {
          "start": { "line": 44, "column": 7 },
          "end": { "line": 58, "column": 1 }
        },
        "loc": {
          "start": { "line": 44, "column": 7 },
          "end": { "line": 58, "column": 1 }
        },
        "line": 44
      },
      "1": {
        "name": "defineHooks",
        "decl": {
          "start": { "line": 71, "column": 7 },
          "end": { "line": 85, "column": 1 }
        },
        "loc": {
          "start": { "line": 71, "column": 7 },
          "end": { "line": 85, "column": 1 }
        },
        "line": 71
      },
      "2": {
        "name": "defineProvider",
        "decl": {
          "start": { "line": 98, "column": 7 },
          "end": { "line": 110, "column": 1 }
        },
        "loc": {
          "start": { "line": 98, "column": 7 },
          "end": { "line": 110, "column": 1 }
        },
        "line": 98
      },
      "3": {
        "name": "buildCtx",
        "decl": {
          "start": { "line": 122, "column": 0 },
          "end": { "line": 180, "column": 1 }
        },
        "loc": {
          "start": { "line": 122, "column": 0 },
          "end": { "line": 180, "column": 1 }
        },
        "line": 122
      },
      "4": {
        "name": "get",
        "decl": {
          "start": { "line": 127, "column": 9 },
          "end": { "line": 130, "column": 5 }
        },
        "loc": {
          "start": { "line": 127, "column": 9 },
          "end": { "line": 130, "column": 5 }
        },
        "line": 127
      },
      "5": {
        "name": "set",
        "decl": {
          "start": { "line": 131, "column": 9 },
          "end": { "line": 137, "column": 5 }
        },
        "loc": {
          "start": { "line": 131, "column": 9 },
          "end": { "line": 137, "column": 5 }
        },
        "line": 131
      },
      "6": {
        "name": "get",
        "decl": {
          "start": { "line": 142, "column": 9 },
          "end": { "line": 147, "column": 5 }
        },
        "loc": {
          "start": { "line": 142, "column": 9 },
          "end": { "line": 147, "column": 5 }
        },
        "line": 142
      },
      "7": {
        "name": "set",
        "decl": {
          "start": { "line": 148, "column": 9 },
          "end": { "line": 154, "column": 5 }
        },
        "loc": {
          "start": { "line": 148, "column": 9 },
          "end": { "line": 154, "column": 5 }
        },
        "line": 148
      },
      "8": {
        "name": "delete",
        "decl": {
          "start": { "line": 155, "column": 12 },
          "end": { "line": 159, "column": 5 }
        },
        "loc": {
          "start": { "line": 155, "column": 12 },
          "end": { "line": 159, "column": 5 }
        },
        "line": 155
      },
      "9": {
        "name": "enqueue",
        "decl": {
          "start": { "line": 164, "column": 13 },
          "end": { "line": 165, "column": 52 }
        },
        "loc": {
          "start": { "line": 164, "column": 13 },
          "end": { "line": 165, "column": 52 }
        },
        "line": 164
      },
      "10": {
        "name": "t",
        "decl": {
          "start": { "line": 169, "column": 12 },
          "end": { "line": 169, "column": 24 }
        },
        "loc": {
          "start": { "line": 169, "column": 12 },
          "end": { "line": 169, "column": 24 }
        },
        "line": 169
      },
      "11": {
        "name": "enable",
        "decl": {
          "start": { "line": 194, "column": 7 },
          "end": { "line": 226, "column": 1 }
        },
        "loc": {
          "start": { "line": 194, "column": 7 },
          "end": { "line": 226, "column": 1 }
        },
        "line": 194
      },
      "12": {
        "name": "disable",
        "decl": {
          "start": { "line": 236, "column": 7 },
          "end": { "line": 264, "column": 1 }
        },
        "loc": {
          "start": { "line": 236, "column": 7 },
          "end": { "line": 264, "column": 1 }
        },
        "line": 236
      },
      "13": {
        "name": "register",
        "decl": {
          "start": { "line": 276, "column": 7 },
          "end": { "line": 279, "column": 1 }
        },
        "loc": {
          "start": { "line": 276, "column": 7 },
          "end": { "line": 279, "column": 1 }
        },
        "line": 276
      },
      "14": {
        "name": "loadPlugins",
        "decl": {
          "start": { "line": 291, "column": 7 },
          "end": { "line": 306, "column": 1 }
        },
        "loc": {
          "start": { "line": 291, "column": 7 },
          "end": { "line": 306, "column": 1 }
        },
        "line": 291
      },
      "15": {
        "name": "resolvePluginRoute",
        "decl": {
          "start": { "line": 320, "column": 7 },
          "end": { "line": 322, "column": 1 }
        },
        "loc": {
          "start": { "line": 320, "column": 7 },
          "end": { "line": 322, "column": 1 }
        },
        "line": 320
      }
    },
    "f": {
      "0": 13,
      "1": 5,
      "2": 8,
      "3": 7,
      "4": 0,
      "5": 0,
      "6": 4,
      "7": 2,
      "8": 1,
      "9": 0,
      "10": 0,
      "11": 0,
      "12": 0,
      "13": 1,
      "14": 2,
      "15": 3
    }
  },
  "/Users/cvgellhorn/dev/bermooda/app/core/settings/index.server.js": {
    "path": "/Users/cvgellhorn/dev/bermooda/app/core/settings/index.server.js",
    "all": true,
    "statementMap": {
      "0": {
        "start": { "line": 1, "column": 0 },
        "end": { "line": 1, "column": 36 }
      },
      "1": {
        "start": { "line": 2, "column": 0 },
        "end": { "line": 2, "column": 69 }
      },
      "3": {
        "start": { "line": 4, "column": 0 },
        "end": { "line": 4, "column": 27 }
      }
    },
    "s": { "0": 0, "1": 0, "3": 0 },
    "branchMap": {
      "0": {
        "type": "branch",
        "line": 1,
        "loc": {
          "start": { "line": 1, "column": 135 },
          "end": { "line": 4, "column": 27 }
        },
        "locations": [
          {
            "start": { "line": 1, "column": 135 },
            "end": { "line": 4, "column": 27 }
          }
        ]
      }
    },
    "b": { "0": [0] },
    "fnMap": {
      "0": {
        "name": "(empty-report)",
        "decl": {
          "start": { "line": 1, "column": 135 },
          "end": { "line": 4, "column": 27 }
        },
        "loc": {
          "start": { "line": 1, "column": 135 },
          "end": { "line": 4, "column": 27 }
        },
        "line": 1
      }
    },
    "f": { "0": 0 }
  },
  "/Users/cvgellhorn/dev/bermooda/app/core/shipping/index.server.js": {
    "path": "/Users/cvgellhorn/dev/bermooda/app/core/shipping/index.server.js",
    "all": true,
    "statementMap": {
      "0": {
        "start": { "line": 1, "column": 0 },
        "end": { "line": 1, "column": 36 }
      },
      "1": {
        "start": { "line": 2, "column": 0 },
        "end": { "line": 2, "column": 76 }
      },
      "3": {
        "start": { "line": 4, "column": 0 },
        "end": { "line": 4, "column": 27 }
      }
    },
    "s": { "0": 0, "1": 0, "3": 0 },
    "branchMap": {
      "0": {
        "type": "branch",
        "line": 1,
        "loc": {
          "start": { "line": 1, "column": 142 },
          "end": { "line": 4, "column": 27 }
        },
        "locations": [
          {
            "start": { "line": 1, "column": 142 },
            "end": { "line": 4, "column": 27 }
          }
        ]
      }
    },
    "b": { "0": [0] },
    "fnMap": {
      "0": {
        "name": "(empty-report)",
        "decl": {
          "start": { "line": 1, "column": 142 },
          "end": { "line": 4, "column": 27 }
        },
        "loc": {
          "start": { "line": 1, "column": 142 },
          "end": { "line": 4, "column": 27 }
        },
        "line": 1
      }
    },
    "f": { "0": 0 }
  },
  "/Users/cvgellhorn/dev/bermooda/app/core/storage/client.server.js": {
    "path": "/Users/cvgellhorn/dev/bermooda/app/core/storage/client.server.js",
    "all": true,
    "statementMap": {
      "0": {
        "start": { "line": 1, "column": 0 },
        "end": { "line": 1, "column": 36 }
      },
      "1": {
        "start": { "line": 2, "column": 0 },
        "end": { "line": 2, "column": 2 }
      },
      "2": {
        "start": { "line": 3, "column": 0 },
        "end": { "line": 3, "column": 60 }
      },
      "3": {
        "start": { "line": 4, "column": 0 },
        "end": { "line": 4, "column": 79 }
      },
      "4": {
        "start": { "line": 5, "column": 0 },
        "end": { "line": 5, "column": 72 }
      },
      "6": {
        "start": { "line": 7, "column": 0 },
        "end": { "line": 7, "column": 46 }
      },
      "7": {
        "start": { "line": 8, "column": 0 },
        "end": { "line": 8, "column": 81 }
      },
      "8": {
        "start": { "line": 9, "column": 0 },
        "end": { "line": 9, "column": 53 }
      },
      "9": {
        "start": { "line": 10, "column": 0 },
        "end": { "line": 10, "column": 42 }
      },
      "10": {
        "start": { "line": 11, "column": 0 },
        "end": { "line": 11, "column": 50 }
      },
      "11": {
        "start": { "line": 12, "column": 0 },
        "end": { "line": 12, "column": 50 }
      },
      "12": {
        "start": { "line": 13, "column": 0 },
        "end": { "line": 13, "column": 50 }
      },
      "14": {
        "start": { "line": 15, "column": 0 },
        "end": { "line": 15, "column": 25 }
      },
      "15": {
        "start": { "line": 16, "column": 0 },
        "end": { "line": 16, "column": 65 }
      },
      "16": {
        "start": { "line": 17, "column": 0 },
        "end": { "line": 17, "column": 1 }
      },
      "18": {
        "start": { "line": 19, "column": 0 },
        "end": { "line": 19, "column": 57 }
      },
      "19": {
        "start": { "line": 20, "column": 0 },
        "end": { "line": 20, "column": 24 }
      },
      "20": {
        "start": { "line": 21, "column": 0 },
        "end": { "line": 21, "column": 20 }
      },
      "21": {
        "start": { "line": 22, "column": 0 },
        "end": { "line": 22, "column": 71 }
      },
      "22": {
        "start": { "line": 23, "column": 0 },
        "end": { "line": 23, "column": 6 }
      },
      "23": {
        "start": { "line": 24, "column": 0 },
        "end": { "line": 24, "column": 3 }
      },
      "24": {
        "start": { "line": 25, "column": 0 },
        "end": { "line": 25, "column": 42 }
      },
      "25": {
        "start": { "line": 26, "column": 0 },
        "end": { "line": 26, "column": 45 }
      },
      "26": {
        "start": { "line": 27, "column": 0 },
        "end": { "line": 27, "column": 37 }
      },
      "27": {
        "start": { "line": 28, "column": 0 },
        "end": { "line": 28, "column": 18 }
      },
      "28": {
        "start": { "line": 29, "column": 0 },
        "end": { "line": 29, "column": 14 }
      },
      "29": {
        "start": { "line": 30, "column": 0 },
        "end": { "line": 30, "column": 34 }
      },
      "30": {
        "start": { "line": 31, "column": 0 },
        "end": { "line": 31, "column": 81 }
      },
      "31": {
        "start": { "line": 32, "column": 0 },
        "end": { "line": 32, "column": 77 }
      },
      "32": {
        "start": { "line": 33, "column": 0 },
        "end": { "line": 33, "column": 33 }
      },
      "33": {
        "start": { "line": 34, "column": 0 },
        "end": { "line": 34, "column": 6 }
      },
      "34": {
        "start": { "line": 35, "column": 0 },
        "end": { "line": 35, "column": 9 }
      },
      "35": {
        "start": { "line": 36, "column": 0 },
        "end": { "line": 36, "column": 5 }
      },
      "36": {
        "start": { "line": 37, "column": 0 },
        "end": { "line": 37, "column": 21 }
      },
      "37": {
        "start": { "line": 38, "column": 0 },
        "end": { "line": 38, "column": 20 }
      },
      "38": {
        "start": { "line": 39, "column": 0 },
        "end": { "line": 39, "column": 69 }
      },
      "39": {
        "start": { "line": 40, "column": 0 },
        "end": { "line": 40, "column": 6 }
      },
      "40": {
        "start": { "line": 41, "column": 0 },
        "end": { "line": 41, "column": 3 }
      },
      "41": {
        "start": { "line": 42, "column": 0 },
        "end": { "line": 42, "column": 27 }
      },
      "42": {
        "start": { "line": 43, "column": 0 },
        "end": { "line": 43, "column": 1 }
      },
      "44": {
        "start": { "line": 45, "column": 0 },
        "end": { "line": 45, "column": 35 }
      },
      "45": {
        "start": { "line": 46, "column": 0 },
        "end": { "line": 46, "column": 53 }
      },
      "46": {
        "start": { "line": 47, "column": 0 },
        "end": { "line": 47, "column": 26 }
      },
      "47": {
        "start": { "line": 48, "column": 0 },
        "end": { "line": 48, "column": 1 }
      },
      "49": {
        "start": { "line": 50, "column": 0 },
        "end": { "line": 50, "column": 41 }
      },
      "50": {
        "start": { "line": 51, "column": 0 },
        "end": { "line": 51, "column": 24 }
      },
      "51": {
        "start": { "line": 52, "column": 0 },
        "end": { "line": 52, "column": 20 }
      },
      "52": {
        "start": { "line": 53, "column": 0 },
        "end": { "line": 53, "column": 71 }
      },
      "53": {
        "start": { "line": 54, "column": 0 },
        "end": { "line": 54, "column": 6 }
      },
      "54": {
        "start": { "line": 55, "column": 0 },
        "end": { "line": 55, "column": 3 }
      },
      "55": {
        "start": { "line": 56, "column": 0 },
        "end": { "line": 56, "column": 45 }
      },
      "56": {
        "start": { "line": 57, "column": 0 },
        "end": { "line": 57, "column": 58 }
      },
      "57": {
        "start": { "line": 58, "column": 0 },
        "end": { "line": 58, "column": 48 }
      },
      "58": {
        "start": { "line": 59, "column": 0 },
        "end": { "line": 59, "column": 20 }
      },
      "59": {
        "start": { "line": 60, "column": 0 },
        "end": { "line": 60, "column": 72 }
      },
      "60": {
        "start": { "line": 61, "column": 0 },
        "end": { "line": 61, "column": 6 }
      },
      "61": {
        "start": { "line": 62, "column": 0 },
        "end": { "line": 62, "column": 3 }
      },
      "62": {
        "start": { "line": 63, "column": 0 },
        "end": { "line": 63, "column": 1 }
      }
    },
    "s": {
      "0": 0,
      "1": 0,
      "2": 0,
      "3": 0,
      "4": 0,
      "6": 0,
      "7": 0,
      "8": 0,
      "9": 0,
      "10": 0,
      "11": 0,
      "12": 0,
      "14": 0,
      "15": 0,
      "16": 0,
      "18": 0,
      "19": 0,
      "20": 0,
      "21": 0,
      "22": 0,
      "23": 0,
      "24": 0,
      "25": 0,
      "26": 0,
      "27": 0,
      "28": 0,
      "29": 0,
      "30": 0,
      "31": 0,
      "32": 0,
      "33": 0,
      "34": 0,
      "35": 0,
      "36": 0,
      "37": 0,
      "38": 0,
      "39": 0,
      "40": 0,
      "41": 0,
      "42": 0,
      "44": 0,
      "45": 0,
      "46": 0,
      "47": 0,
      "49": 0,
      "50": 0,
      "51": 0,
      "52": 0,
      "53": 0,
      "54": 0,
      "55": 0,
      "56": 0,
      "57": 0,
      "58": 0,
      "59": 0,
      "60": 0,
      "61": 0,
      "62": 0
    },
    "branchMap": {
      "0": {
        "type": "branch",
        "line": 1,
        "loc": {
          "start": { "line": 1, "column": 2036 },
          "end": { "line": 63, "column": 1 }
        },
        "locations": [
          {
            "start": { "line": 1, "column": 2036 },
            "end": { "line": 63, "column": 1 }
          }
        ]
      }
    },
    "b": { "0": [0] },
    "fnMap": {
      "0": {
        "name": "(empty-report)",
        "decl": {
          "start": { "line": 1, "column": 2036 },
          "end": { "line": 63, "column": 1 }
        },
        "loc": {
          "start": { "line": 1, "column": 2036 },
          "end": { "line": 63, "column": 1 }
        },
        "line": 1
      }
    },
    "f": { "0": 0 }
  },
  "/Users/cvgellhorn/dev/bermooda/app/core/tax/index.server.js": {
    "path": "/Users/cvgellhorn/dev/bermooda/app/core/tax/index.server.js",
    "all": true,
    "statementMap": {
      "0": {
        "start": { "line": 1, "column": 0 },
        "end": { "line": 1, "column": 31 }
      },
      "1": {
        "start": { "line": 2, "column": 0 },
        "end": { "line": 2, "column": 65 }
      },
      "3": {
        "start": { "line": 4, "column": 0 },
        "end": { "line": 4, "column": 22 }
      }
    },
    "s": { "0": 0, "1": 0, "3": 0 },
    "branchMap": {
      "0": {
        "type": "branch",
        "line": 1,
        "loc": {
          "start": { "line": 1, "column": 121 },
          "end": { "line": 4, "column": 22 }
        },
        "locations": [
          {
            "start": { "line": 1, "column": 121 },
            "end": { "line": 4, "column": 22 }
          }
        ]
      }
    },
    "b": { "0": [0] },
    "fnMap": {
      "0": {
        "name": "(empty-report)",
        "decl": {
          "start": { "line": 1, "column": 121 },
          "end": { "line": 4, "column": 22 }
        },
        "loc": {
          "start": { "line": 1, "column": 121 },
          "end": { "line": 4, "column": 22 }
        },
        "line": 1
      }
    },
    "f": { "0": 0 }
  },
  "/Users/cvgellhorn/dev/bermooda/app/core/themes/index.server.js": {
    "path": "/Users/cvgellhorn/dev/bermooda/app/core/themes/index.server.js",
    "all": true,
    "statementMap": {
      "0": {
        "start": { "line": 1, "column": 0 },
        "end": { "line": 1, "column": 38 }
      },
      "1": {
        "start": { "line": 2, "column": 0 },
        "end": { "line": 2, "column": 54 }
      },
      "2": {
        "start": { "line": 3, "column": 0 },
        "end": { "line": 3, "column": 44 }
      },
      "3": {
        "start": { "line": 4, "column": 0 },
        "end": { "line": 4, "column": 45 }
      },
      "4": {
        "start": { "line": 5, "column": 0 },
        "end": { "line": 5, "column": 1 }
      },
      "6": {
        "start": { "line": 7, "column": 0 },
        "end": { "line": 7, "column": 47 }
      },
      "7": {
        "start": { "line": 8, "column": 0 },
        "end": { "line": 8, "column": 65 }
      },
      "8": {
        "start": { "line": 9, "column": 0 },
        "end": { "line": 9, "column": 47 }
      },
      "9": {
        "start": { "line": 10, "column": 0 },
        "end": { "line": 10, "column": 14 }
      },
      "10": {
        "start": { "line": 11, "column": 0 },
        "end": { "line": 11, "column": 1 }
      }
    },
    "s": {
      "0": 0,
      "1": 0,
      "2": 0,
      "3": 0,
      "4": 0,
      "6": 0,
      "7": 0,
      "8": 0,
      "9": 0,
      "10": 0
    },
    "branchMap": {
      "0": {
        "type": "branch",
        "line": 1,
        "loc": {
          "start": { "line": 1, "column": 366 },
          "end": { "line": 11, "column": 1 }
        },
        "locations": [
          {
            "start": { "line": 1, "column": 366 },
            "end": { "line": 11, "column": 1 }
          }
        ]
      }
    },
    "b": { "0": [0] },
    "fnMap": {
      "0": {
        "name": "(empty-report)",
        "decl": {
          "start": { "line": 1, "column": 366 },
          "end": { "line": 11, "column": 1 }
        },
        "loc": {
          "start": { "line": 1, "column": 366 },
          "end": { "line": 11, "column": 1 }
        },
        "line": 1
      }
    },
    "f": { "0": 0 }
  }
}
